<?xml version="1.0" encoding="UTF-8"?>
<coverage generated="1778309533718" clover="3.2.0">
  <project timestamp="1778309533718" name="All files">
    <metrics statements="212" coveredstatements="210" conditionals="86" coveredconditionals="72" methods="68" coveredmethods="67" elements="366" coveredelements="349" complexity="0" loc="212" ncloc="212" packages="2" files="5" classes="5"/>
    <package name="types">
      <metrics statements="4" coveredstatements="4" conditionals="0" coveredconditionals="0" methods="0" coveredmethods="0"/>
      <file name="index.ts" path="D:\OneDrive\Documents\development\Org Manager\src\types\index.ts">
        <metrics statements="4" coveredstatements="4" conditionals="0" coveredconditionals="0" methods="0" coveredmethods="0"/>
        <line num="5" count="2" type="stmt"/>
        <line num="11" count="2" type="stmt"/>
        <line num="16" count="2" type="stmt"/>
        <line num="30" count="2" type="stmt"/>
      </file>
    </package>
    <package name="utils">
      <metrics statements="208" coveredstatements="206" conditionals="86" coveredconditionals="72" methods="68" coveredmethods="67"/>
      <file name="cost.ts" path="D:\OneDrive\Documents\development\Org Manager\src\utils\cost.ts">
        <metrics statements="34" coveredstatements="33" conditionals="8" coveredconditionals="5" methods="19" coveredmethods="18"/>
        <line num="3" count="1" type="stmt"/>
        <line num="4" count="1" type="stmt"/>
        <line num="8" count="7" type="cond" truecount="1" falsecount="1"/>
        <line num="9" count="7" type="cond" truecount="1" falsecount="1"/>
        <line num="10" count="7" type="stmt"/>
        <line num="18" count="6" type="stmt"/>
        <line num="23" count="1" type="stmt"/>
        <line num="28" count="1" type="stmt"/>
        <line num="29" count="1" type="stmt"/>
        <line num="30" count="1" type="stmt"/>
        <line num="35" count="1" type="stmt"/>
        <line num="36" count="1" type="stmt"/>
        <line num="37" count="1" type="stmt"/>
        <line num="42" count="0" type="stmt"/>
        <line num="47" count="3" type="cond" truecount="1" falsecount="1"/>
        <line num="52" count="3" type="stmt"/>
        <line num="53" count="2" type="stmt"/>
        <line num="54" count="2" type="stmt"/>
        <line num="55" count="2" type="stmt"/>
        <line num="56" count="2" type="stmt"/>
        <line num="57" count="4" type="stmt"/>
        <line num="58" count="2" type="stmt"/>
        <line num="59" count="2" type="stmt"/>
        <line num="61" count="2" type="stmt"/>
        <line num="64" count="2" type="stmt"/>
        <line num="77" count="1" type="stmt"/>
        <line num="78" count="1" type="stmt"/>
        <line num="79" count="1" type="stmt"/>
        <line num="80" count="1" type="stmt"/>
        <line num="81" count="1" type="stmt"/>
        <line num="82" count="1" type="stmt"/>
        <line num="83" count="2" type="cond" truecount="2" falsecount="0"/>
        <line num="84" count="1" type="stmt"/>
        <line num="95" count="1" type="stmt"/>
      </file>
      <file name="defaults.ts" path="D:\OneDrive\Documents\development\Org Manager\src\utils\defaults.ts">
        <metrics statements="6" coveredstatements="6" conditionals="0" coveredconditionals="0" methods="2" coveredmethods="2"/>
        <line num="3" count="2" type="stmt"/>
        <line num="4" count="2" type="stmt"/>
        <line num="6" count="2" type="stmt"/>
        <line num="14" count="2" type="stmt"/>
        <line num="21" count="16" type="stmt"/>
        <line num="23" count="80" type="stmt"/>
      </file>
      <file name="seed.ts" path="D:\OneDrive\Documents\development\Org Manager\src\utils\seed.ts">
        <metrics statements="99" coveredstatements="99" conditionals="20" coveredconditionals="18" methods="23" coveredmethods="23"/>
        <line num="5" count="2" type="stmt"/>
        <line num="8" count="3" type="stmt"/>
        <line num="9" count="3" type="stmt"/>
        <line num="11" count="3" type="stmt"/>
        <line num="17" count="24" type="stmt"/>
        <line num="22" count="72" type="stmt"/>
        <line num="29" count="3" type="stmt"/>
        <line num="48" count="54" type="stmt"/>
        <line num="55" count="3" type="stmt"/>
        <line num="181" count="3" type="stmt"/>
        <line num="298" count="3" type="stmt"/>
        <line num="314" count="18257" type="stmt"/>
        <line num="318" count="11938" type="stmt"/>
        <line num="322" count="3558" type="stmt"/>
        <line num="323" count="3558" type="cond" truecount="2" falsecount="0"/>
        <line num="324" count="1333" type="cond" truecount="2" falsecount="0"/>
        <line num="325" count="661" type="stmt"/>
        <line num="329" count="2" type="stmt"/>
        <line num="330" count="2" type="stmt"/>
        <line num="331" count="2" type="stmt"/>
        <line num="332" count="2" type="stmt"/>
        <line num="333" count="2" type="stmt"/>
        <line num="334" count="2" type="stmt"/>
        <line num="335" count="2" type="stmt"/>
        <line num="336" count="2" type="stmt"/>
        <line num="337" count="2" type="stmt"/>
        <line num="339" count="2" type="stmt"/>
        <line num="340" count="2" type="stmt"/>
        <line num="341" count="2" type="stmt"/>
        <line num="342" count="600" type="stmt"/>
        <line num="343" count="600" type="stmt"/>
        <line num="344" count="600" type="stmt"/>
        <line num="345" count="600" type="stmt"/>
        <line num="346" count="600" type="stmt"/>
        <line num="357" count="2" type="stmt"/>
        <line num="358" count="600" type="stmt"/>
        <line num="361" count="2" type="stmt"/>
        <line num="362" count="2004" type="stmt"/>
        <line num="363" count="2004" type="stmt"/>
        <line num="364" count="2004" type="stmt"/>
        <line num="365" count="2004" type="stmt"/>
        <line num="366" count="2004" type="stmt"/>
        <line num="367" count="2004" type="stmt"/>
        <line num="368" count="2004" type="stmt"/>
        <line num="377" count="2004" type="stmt"/>
        <line num="378" count="2004" type="stmt"/>
        <line num="379" count="2004" type="stmt"/>
        <line num="382" count="2" type="stmt"/>
        <line num="383" count="3420" type="stmt"/>
        <line num="384" count="2239145" type="cond" truecount="2" falsecount="0"/>
        <line num="385" count="2235905" type="cond" truecount="1" falsecount="1"/>
        <line num="386" count="2239145" type="cond" truecount="2" falsecount="0"/>
        <line num="387" count="1416" type="stmt"/>
        <line num="388" count="1416" type="stmt"/>
        <line num="389" count="1416" type="stmt"/>
        <line num="393" count="2004" type="stmt"/>
        <line num="394" count="2004" type="stmt"/>
        <line num="395" count="2004" type="stmt"/>
        <line num="396" count="2004" type="stmt"/>
        <line num="399" count="2" type="stmt"/>
        <line num="400" count="2" type="stmt"/>
        <line num="401" count="428" type="stmt"/>
        <line num="402" count="428" type="stmt"/>
        <line num="403" count="428" type="stmt"/>
        <line num="406" count="2" type="stmt"/>
        <line num="407" count="2" type="stmt"/>
        <line num="408" count="2" type="stmt"/>
        <line num="409" count="2" type="stmt"/>
        <line num="411" count="2" type="stmt"/>
        <line num="412" count="40" type="stmt"/>
        <line num="413" count="40" type="stmt"/>
        <line num="414" count="40" type="stmt"/>
        <line num="415" count="40" type="stmt"/>
        <line num="417" count="40" type="stmt"/>
        <line num="418" count="154" type="stmt"/>
        <line num="419" count="154" type="stmt"/>
        <line num="420" count="154" type="stmt"/>
        <line num="422" count="154" type="stmt"/>
        <line num="423" count="1147" type="stmt"/>
        <line num="424" count="1147" type="stmt"/>
        <line num="426" count="1147" type="stmt"/>
        <line num="427" count="1147" type="stmt"/>
        <line num="428" count="1147" type="stmt"/>
        <line num="429" count="3420" type="stmt"/>
        <line num="430" count="3420" type="stmt"/>
        <line num="431" count="3420" type="stmt"/>
        <line num="438" count="1147" type="cond" truecount="2" falsecount="0"/>
        <line num="439" count="1147" type="cond" truecount="2" falsecount="0"/>
        <line num="441" count="1147" type="stmt"/>
        <line num="450" count="45" type="stmt"/>
        <line num="455" count="98" type="stmt"/>
        <line num="465" count="154" type="cond" truecount="2" falsecount="0"/>
        <line num="466" count="154" type="stmt"/>
        <line num="475" count="39" type="stmt"/>
        <line num="484" count="40" type="cond" truecount="2" falsecount="0"/>
        <line num="485" count="40" type="stmt"/>
        <line num="497" count="1" type="stmt"/>
        <line num="507" count="1147" type="cond" truecount="1" falsecount="1"/>
        <line num="515" count="2" type="stmt"/>
      </file>
      <file name="storage.ts" path="D:\OneDrive\Documents\development\Org Manager\src\utils\storage.ts">
        <metrics statements="69" coveredstatements="68" conditionals="58" coveredconditionals="49" methods="24" coveredmethods="24"/>
        <line num="6" count="1" type="stmt"/>
        <line num="7" count="1" type="stmt"/>
        <line num="8" count="1" type="stmt"/>
        <line num="11" count="1" type="stmt"/>
        <line num="31" count="13" type="stmt"/>
        <line num="32" count="13" type="cond" truecount="2" falsecount="0"/>
        <line num="34" count="1" type="stmt"/>
        <line num="35" count="1" type="stmt"/>
        <line num="36" count="1" type="stmt"/>
        <line num="39" count="12" type="stmt"/>
        <line num="40" count="12" type="stmt"/>
        <line num="41" count="12" type="stmt"/>
        <line num="42" count="12" type="stmt"/>
        <line num="44" count="12" type="cond" truecount="2" falsecount="0"/>
        <line num="45" count="1" type="stmt"/>
        <line num="52" count="10" type="stmt"/>
        <line num="53" count="30" type="stmt"/>
        <line num="54" count="30" type="stmt"/>
        <line num="55" count="440" type="cond" truecount="2" falsecount="0"/>
        <line num="56" count="110" type="stmt"/>
        <line num="59" count="30" type="stmt"/>
        <line num="61" count="10" type="stmt"/>
        <line num="69" count="11" type="stmt"/>
        <line num="70" count="11" type="cond" truecount="2" falsecount="0"/>
        <line num="71" count="3" type="cond" truecount="2" falsecount="0"/>
        <line num="76" count="11" type="stmt"/>
        <line num="80" count="11" type="stmt"/>
        <line num="81" count="33" type="stmt"/>
        <line num="87" count="11" type="stmt"/>
        <line num="89" count="1" type="cond" truecount="2" falsecount="0"/>
        <line num="92" count="2" type="cond" truecount="2" falsecount="0"/>
        <line num="93" count="1" type="stmt"/>
        <line num="98" count="3" type="stmt"/>
        <line num="102" count="1" type="stmt"/>
        <line num="103" count="1" type="cond" truecount="2" falsecount="2"/>
        <line num="106" count="2" type="stmt"/>
        <line num="111" count="3" type="stmt"/>
        <line num="120" count="11" type="stmt"/>
        <line num="124" count="11" type="stmt"/>
        <line num="132" count="11" type="cond" truecount="1" falsecount="1"/>
        <line num="133" count="0" type="stmt"/>
        <line num="137" count="11" type="stmt"/>
        <line num="138" count="1" type="stmt"/>
        <line num="140" count="11" type="cond" truecount="2" falsecount="0"/>
        <line num="141" count="10" type="stmt"/>
        <line num="145" count="11" type="cond" truecount="2" falsecount="0"/>
        <line num="146" count="1" type="stmt"/>
        <line num="147" count="10" type="cond" truecount="2" falsecount="0"/>
        <line num="148" count="1" type="stmt"/>
        <line num="151" count="11" type="stmt"/>
        <line num="154" count="1" type="stmt"/>
        <line num="159" count="1" type="stmt"/>
        <line num="160" count="1" type="stmt"/>
        <line num="161" count="1" type="stmt"/>
        <line num="165" count="1" type="stmt"/>
        <line num="166" count="1" type="stmt"/>
        <line num="167" count="1" type="stmt"/>
        <line num="171" count="4" type="stmt"/>
        <line num="177" count="2" type="stmt"/>
        <line num="178" count="2" type="stmt"/>
        <line num="179" count="2" type="cond" truecount="1" falsecount="1"/>
        <line num="183" count="1" type="stmt"/>
        <line num="187" count="1" type="stmt"/>
        <line num="193" count="3" type="stmt"/>
        <line num="194" count="3" type="stmt"/>
        <line num="195" count="3" type="cond" truecount="2" falsecount="0"/>
        <line num="199" count="2" type="stmt"/>
        <line num="203" count="1" type="stmt"/>
        <line num="207" count="1" type="stmt"/>
      </file>
    </package>
  </project>
</coverage>
