<?xml version="1.0" encoding="UTF-8"?>
<coverage generated="1778395862878" clover="3.2.0">
  <project timestamp="1778395862879" name="All files">
    <metrics statements="506" coveredstatements="499" conditionals="297" coveredconditionals="250" methods="148" coveredmethods="148" elements="951" coveredelements="897" complexity="0" loc="506" ncloc="506" packages="2" files="6" classes="6"/>
    <package name="types">
      <metrics statements="4" coveredstatements="4" conditionals="0" coveredconditionals="0" methods="0" coveredmethods="0"/>
      <file name="index.ts" path="D:\OneDrive\Documents\development\Org Manager\src\types\index.ts">
        <metrics statements="4" coveredstatements="4" conditionals="0" coveredconditionals="0" methods="0" coveredmethods="0"/>
        <line num="5" count="2" type="stmt"/>
        <line num="11" count="2" type="stmt"/>
        <line num="16" count="2" type="stmt"/>
        <line num="30" count="2" type="stmt"/>
      </file>
    </package>
    <package name="utils">
      <metrics statements="502" coveredstatements="495" conditionals="297" coveredconditionals="250" methods="148" coveredmethods="148"/>
      <file name="cost.ts" path="D:\OneDrive\Documents\development\Org Manager\src\utils\cost.ts">
        <metrics statements="34" coveredstatements="34" conditionals="8" coveredconditionals="7" methods="19" coveredmethods="19"/>
        <line num="3" count="2" type="stmt"/>
        <line num="4" count="2" type="stmt"/>
        <line num="8" count="102" type="cond" truecount="2" falsecount="0"/>
        <line num="9" count="101" type="cond" truecount="2" falsecount="0"/>
        <line num="10" count="102" type="stmt"/>
        <line num="18" count="172" type="stmt"/>
        <line num="23" count="1" type="stmt"/>
        <line num="28" count="1" type="stmt"/>
        <line num="29" count="1" type="stmt"/>
        <line num="30" count="1" type="stmt"/>
        <line num="35" count="1" type="stmt"/>
        <line num="36" count="1" type="stmt"/>
        <line num="37" count="1" type="stmt"/>
        <line num="42" count="1" type="stmt"/>
        <line num="47" count="3" type="cond" truecount="1" falsecount="1"/>
        <line num="52" count="3" type="stmt"/>
        <line num="53" count="2" type="stmt"/>
        <line num="54" count="2" type="stmt"/>
        <line num="55" count="2" type="stmt"/>
        <line num="56" count="2" type="stmt"/>
        <line num="57" count="4" type="stmt"/>
        <line num="58" count="2" type="stmt"/>
        <line num="59" count="2" type="stmt"/>
        <line num="61" count="2" type="stmt"/>
        <line num="64" count="2" type="stmt"/>
        <line num="77" count="1" type="stmt"/>
        <line num="78" count="1" type="stmt"/>
        <line num="79" count="1" type="stmt"/>
        <line num="80" count="1" type="stmt"/>
        <line num="81" count="1" type="stmt"/>
        <line num="82" count="1" type="stmt"/>
        <line num="83" count="2" type="cond" truecount="2" falsecount="0"/>
        <line num="84" count="1" type="stmt"/>
        <line num="95" count="1" type="stmt"/>
      </file>
      <file name="defaults.ts" path="D:\OneDrive\Documents\development\Org Manager\src\utils\defaults.ts">
        <metrics statements="6" coveredstatements="6" conditionals="0" coveredconditionals="0" methods="2" coveredmethods="2"/>
        <line num="3" count="2" type="stmt"/>
        <line num="4" count="2" type="stmt"/>
        <line num="6" count="2" type="stmt"/>
        <line num="14" count="2" type="stmt"/>
        <line num="21" count="18" type="stmt"/>
        <line num="23" count="90" type="stmt"/>
      </file>
      <file name="financials.ts" path="D:\OneDrive\Documents\development\Org Manager\src\utils\financials.ts">
        <metrics statements="220" coveredstatements="216" conditionals="114" coveredconditionals="93" methods="59" coveredmethods="59"/>
        <line num="88" count="110" type="stmt"/>
        <line num="95" count="84" type="cond" truecount="2" falsecount="0"/>
        <line num="96" count="82" type="stmt"/>
        <line num="97" count="82" type="stmt"/>
        <line num="98" count="117" type="cond" truecount="2" falsecount="0"/>
        <line num="99" count="112" type="cond" truecount="4" falsecount="0"/>
        <line num="100" count="110" type="stmt"/>
        <line num="102" count="82" type="stmt"/>
        <line num="106" count="629" type="stmt"/>
        <line num="110" count="84" type="stmt"/>
        <line num="122" count="84" type="stmt"/>
        <line num="123" count="84" type="stmt"/>
        <line num="126" count="84" type="cond" truecount="1" falsecount="1"/>
        <line num="127" count="84" type="stmt"/>
        <line num="128" count="84" type="stmt"/>
        <line num="129" count="116" type="stmt"/>
        <line num="130" count="116" type="cond" truecount="2" falsecount="0"/>
        <line num="131" count="116" type="stmt"/>
        <line num="133" count="116" type="stmt"/>
        <line num="135" count="84" type="stmt"/>
        <line num="143" count="1" type="stmt"/>
        <line num="144" count="1" type="stmt"/>
        <line num="147" count="1" type="stmt"/>
        <line num="157" count="86" type="cond" truecount="4" falsecount="0"/>
        <line num="158" count="25" type="stmt"/>
        <line num="159" count="1" type="stmt"/>
        <line num="160" count="25" type="stmt"/>
        <line num="161" count="26" type="cond" truecount="2" falsecount="0"/>
        <line num="162" count="25" type="stmt"/>
        <line num="164" count="1" type="stmt"/>
        <line num="169" count="1" type="stmt"/>
        <line num="178" count="42" type="cond" truecount="1" falsecount="1"/>
        <line num="179" count="58" type="stmt"/>
        <line num="180" count="42" type="stmt"/>
        <line num="181" count="42" type="stmt"/>
        <line num="182" count="42" type="stmt"/>
        <line num="183" count="96" type="stmt"/>
        <line num="185" count="42" type="stmt"/>
        <line num="186" count="42" type="stmt"/>
        <line num="187" count="42" type="stmt"/>
        <line num="188" count="42" type="stmt"/>
        <line num="193" count="42" type="stmt"/>
        <line num="194" count="42" type="stmt"/>
        <line num="196" count="42" type="stmt"/>
        <line num="199" count="42" type="stmt"/>
        <line num="200" count="42" type="stmt"/>
        <line num="201" count="42" type="stmt"/>
        <line num="202" count="42" type="stmt"/>
        <line num="203" count="42" type="cond" truecount="1" falsecount="1"/>
        <line num="205" count="5" type="cond" truecount="2" falsecount="0"/>
        <line num="206" count="4" type="cond" truecount="1" falsecount="1"/>
        <line num="207" count="5" type="stmt"/>
        <line num="211" count="42" type="stmt"/>
        <line num="216" count="42" type="stmt"/>
        <line num="217" count="42" type="stmt"/>
        <line num="218" count="42" type="stmt"/>
        <line num="221" count="42" type="stmt"/>
        <line num="223" count="42" type="stmt"/>
        <line num="224" count="42" type="stmt"/>
        <line num="233" count="42" type="stmt"/>
        <line num="235" count="42" type="stmt"/>
        <line num="236" count="42" type="stmt"/>
        <line num="245" count="42" type="stmt"/>
        <line num="246" count="42" type="stmt"/>
        <line num="247" count="42" type="stmt"/>
        <line num="248" count="58" type="stmt"/>
        <line num="249" count="58" type="stmt"/>
        <line num="252" count="42" type="stmt"/>
        <line num="253" count="42" type="stmt"/>
        <line num="254" count="55" type="stmt"/>
        <line num="258" count="42" type="stmt"/>
        <line num="259" count="42" type="stmt"/>
        <line num="260" count="55" type="stmt"/>
        <line num="265" count="42" type="stmt"/>
        <line num="266" count="42" type="stmt"/>
        <line num="270" count="58" type="stmt"/>
        <line num="273" count="42" type="stmt"/>
        <line num="274" count="42" type="stmt"/>
        <line num="278" count="58" type="stmt"/>
        <line num="281" count="42" type="stmt"/>
        <line num="284" count="42" type="stmt"/>
        <line num="289" count="42" type="stmt"/>
        <line num="291" count="5" type="cond" truecount="2" falsecount="0"/>
        <line num="292" count="4" type="cond" truecount="1" falsecount="1"/>
        <line num="293" count="5" type="stmt"/>
        <line num="297" count="42" type="stmt"/>
        <line num="299" count="5" type="cond" truecount="2" falsecount="0"/>
        <line num="300" count="4" type="cond" truecount="1" falsecount="1"/>
        <line num="301" count="5" type="stmt"/>
        <line num="306" count="42" type="stmt"/>
        <line num="307" count="58" type="cond" truecount="1" falsecount="1"/>
        <line num="308" count="58" type="cond" truecount="1" falsecount="1"/>
        <line num="309" count="58" type="stmt"/>
        <line num="311" count="58" type="stmt"/>
        <line num="315" count="42" type="stmt"/>
        <line num="316" count="58" type="cond" truecount="1" falsecount="1"/>
        <line num="317" count="58" type="cond" truecount="1" falsecount="1"/>
        <line num="318" count="58" type="stmt"/>
        <line num="319" count="58" type="stmt"/>
        <line num="320" count="58" type="stmt"/>
        <line num="338" count="42" type="stmt"/>
        <line num="340" count="58" type="stmt"/>
        <line num="343" count="58" type="stmt"/>
        <line num="346" count="58" type="stmt"/>
        <line num="349" count="58" type="stmt"/>
        <line num="352" count="58" type="stmt"/>
        <line num="356" count="42" type="stmt"/>
        <line num="365" count="7" type="stmt"/>
        <line num="366" count="7" type="stmt"/>
        <line num="367" count="7" type="stmt"/>
        <line num="376" count="8" type="stmt"/>
        <line num="377" count="8" type="stmt"/>
        <line num="378" count="8" type="cond" truecount="2" falsecount="0"/>
        <line num="379" count="8" type="stmt"/>
        <line num="393" count="8" type="stmt"/>
        <line num="394" count="96" type="cond" truecount="2" falsecount="0"/>
        <line num="395" count="96" type="cond" truecount="2" falsecount="0"/>
        <line num="396" count="96" type="stmt"/>
        <line num="406" count="2" type="cond" truecount="2" falsecount="0"/>
        <line num="407" count="1" type="stmt"/>
        <line num="408" count="1" type="stmt"/>
        <line num="409" count="1" type="stmt"/>
        <line num="410" count="1" type="stmt"/>
        <line num="412" count="3" type="cond" truecount="2" falsecount="0"/>
        <line num="415" count="3" type="stmt"/>
        <line num="416" count="3" type="stmt"/>
        <line num="418" count="1" type="stmt"/>
        <line num="422" count="12" type="stmt"/>
        <line num="423" count="12" type="stmt"/>
        <line num="424" count="12" type="stmt"/>
        <line num="425" count="12" type="cond" truecount="1" falsecount="1"/>
        <line num="431" count="0" type="stmt"/>
        <line num="433" count="12" type="stmt"/>
        <line num="434" count="12" type="stmt"/>
        <line num="438" count="3" type="stmt"/>
        <line num="439" count="3" type="stmt"/>
        <line num="440" count="3" type="stmt"/>
        <line num="441" count="3" type="cond" truecount="1" falsecount="1"/>
        <line num="447" count="0" type="stmt"/>
        <line num="449" count="3" type="stmt"/>
        <line num="450" count="3" type="stmt"/>
        <line num="458" count="3" type="stmt"/>
        <line num="459" count="3" type="stmt"/>
        <line num="460" count="3" type="stmt"/>
        <line num="462" count="24" type="stmt"/>
        <line num="464" count="36" type="stmt"/>
        <line num="471" count="5" type="stmt"/>
        <line num="472" count="5" type="cond" truecount="1" falsecount="1"/>
        <line num="474" count="5" type="stmt"/>
        <line num="475" count="60" type="stmt"/>
        <line num="476" count="60" type="stmt"/>
        <line num="477" count="5" type="stmt"/>
        <line num="478" count="5" type="stmt"/>
        <line num="479" count="5" type="cond" truecount="1" falsecount="1"/>
        <line num="480" count="5" type="stmt"/>
        <line num="481" count="5" type="stmt"/>
        <line num="484" count="3" type="cond" truecount="1" falsecount="1"/>
        <line num="485" count="4" type="stmt"/>
        <line num="486" count="4" type="stmt"/>
        <line num="487" count="4" type="stmt"/>
        <line num="489" count="4" type="stmt"/>
        <line num="490" count="48" type="stmt"/>
        <line num="491" count="60" type="stmt"/>
        <line num="493" count="48" type="cond" truecount="1" falsecount="1"/>
        <line num="494" count="48" type="cond" truecount="1" falsecount="1"/>
        <line num="496" count="48" type="cond" truecount="2" falsecount="0"/>
        <line num="497" count="48" type="cond" truecount="2" falsecount="0"/>
        <line num="498" count="32" type="stmt"/>
        <line num="500" count="16" type="stmt"/>
        <line num="502" count="48" type="stmt"/>
        <line num="505" count="4" type="stmt"/>
        <line num="506" count="4" type="stmt"/>
        <line num="508" count="4" type="stmt"/>
        <line num="509" count="4" type="stmt"/>
        <line num="510" count="48" type="stmt"/>
        <line num="511" count="48" type="cond" truecount="2" falsecount="0"/>
        <line num="515" count="1" type="stmt"/>
        <line num="519" count="4" type="cond" truecount="2" falsecount="0"/>
        <line num="521" count="3" type="stmt"/>
        <line num="522" count="3" type="cond" truecount="4" falsecount="0"/>
        <line num="525" count="2" type="stmt"/>
        <line num="526" count="2" type="stmt"/>
        <line num="527" count="2" type="cond" truecount="3" falsecount="1"/>
        <line num="528" count="2" type="stmt"/>
        <line num="530" count="0" type="stmt"/>
        <line num="533" count="1" type="stmt"/>
        <line num="536" count="4" type="stmt"/>
        <line num="549" count="3" type="stmt"/>
        <line num="550" count="4" type="stmt"/>
        <line num="552" count="3" type="stmt"/>
        <line num="553" count="4" type="stmt"/>
        <line num="555" count="3" type="stmt"/>
        <line num="556" count="4" type="stmt"/>
        <line num="558" count="3" type="stmt"/>
        <line num="561" count="3" type="stmt"/>
        <line num="566" count="3" type="stmt"/>
        <line num="567" count="36" type="cond" truecount="2" falsecount="0"/>
        <line num="571" count="3" type="stmt"/>
        <line num="572" count="3" type="stmt"/>
        <line num="573" count="3" type="stmt"/>
        <line num="574" count="36" type="stmt"/>
        <line num="575" count="36" type="cond" truecount="2" falsecount="0"/>
        <line num="579" count="1" type="stmt"/>
        <line num="582" count="3" type="cond" truecount="2" falsecount="0"/>
        <line num="583" count="2" type="stmt"/>
        <line num="584" count="2" type="cond" truecount="4" falsecount="0"/>
        <line num="585" count="1" type="stmt"/>
        <line num="586" count="1" type="stmt"/>
        <line num="587" count="1" type="cond" truecount="3" falsecount="1"/>
        <line num="588" count="1" type="stmt"/>
        <line num="593" count="0" type="stmt"/>
        <line num="596" count="1" type="stmt"/>
        <line num="600" count="3" type="stmt"/>
        <line num="601" count="3" type="stmt"/>
        <line num="602" count="3" type="stmt"/>
        <line num="603" count="12" type="stmt"/>
        <line num="604" count="12" type="stmt"/>
        <line num="607" count="12" type="stmt"/>
        <line num="608" count="12" type="stmt"/>
        <line num="619" count="3" type="stmt"/>
      </file>
      <file name="seed.ts" path="D:\OneDrive\Documents\development\Org Manager\src\utils\seed.ts">
        <metrics statements="101" coveredstatements="101" conditionals="20" coveredconditionals="18" methods="24" coveredmethods="24"/>
        <line num="5" count="2" type="stmt"/>
        <line num="8" count="3" type="stmt"/>
        <line num="9" count="3" type="stmt"/>
        <line num="10" count="3" type="stmt"/>
        <line num="12" count="3" type="stmt"/>
        <line num="18" count="24" type="stmt"/>
        <line num="23" count="72" type="stmt"/>
        <line num="29" count="6" type="stmt"/>
        <line num="34" count="3" type="stmt"/>
        <line num="53" count="54" type="stmt"/>
        <line num="60" count="3" type="stmt"/>
        <line num="232" count="3" type="stmt"/>
        <line num="395" count="3" type="stmt"/>
        <line num="411" count="18443" type="stmt"/>
        <line num="415" count="12059" type="stmt"/>
        <line num="419" count="3593" type="stmt"/>
        <line num="420" count="3593" type="cond" truecount="2" falsecount="0"/>
        <line num="421" count="1307" type="cond" truecount="2" falsecount="0"/>
        <line num="422" count="660" type="stmt"/>
        <line num="426" count="2" type="stmt"/>
        <line num="427" count="2" type="stmt"/>
        <line num="428" count="2" type="stmt"/>
        <line num="429" count="2" type="stmt"/>
        <line num="430" count="2" type="stmt"/>
        <line num="431" count="2" type="stmt"/>
        <line num="432" count="2" type="stmt"/>
        <line num="433" count="2" type="stmt"/>
        <line num="434" count="2" type="stmt"/>
        <line num="436" count="2" type="stmt"/>
        <line num="437" count="2" type="stmt"/>
        <line num="438" count="2" type="stmt"/>
        <line num="439" count="600" type="stmt"/>
        <line num="440" count="600" type="stmt"/>
        <line num="441" count="600" type="stmt"/>
        <line num="442" count="600" type="stmt"/>
        <line num="443" count="600" type="stmt"/>
        <line num="454" count="2" type="stmt"/>
        <line num="455" count="600" type="stmt"/>
        <line num="458" count="2" type="stmt"/>
        <line num="459" count="2052" type="stmt"/>
        <line num="460" count="2052" type="stmt"/>
        <line num="461" count="2052" type="stmt"/>
        <line num="462" count="2052" type="stmt"/>
        <line num="463" count="2052" type="stmt"/>
        <line num="464" count="2052" type="stmt"/>
        <line num="465" count="2052" type="stmt"/>
        <line num="474" count="2052" type="stmt"/>
        <line num="475" count="2052" type="stmt"/>
        <line num="476" count="2052" type="stmt"/>
        <line num="479" count="2" type="stmt"/>
        <line num="480" count="3454" type="stmt"/>
        <line num="481" count="2292841" type="cond" truecount="2" falsecount="0"/>
        <line num="482" count="2289510" type="cond" truecount="1" falsecount="1"/>
        <line num="483" count="2292841" type="cond" truecount="2" falsecount="0"/>
        <line num="484" count="1402" type="stmt"/>
        <line num="485" count="1402" type="stmt"/>
        <line num="486" count="1402" type="stmt"/>
        <line num="490" count="2052" type="stmt"/>
        <line num="491" count="2052" type="stmt"/>
        <line num="492" count="2052" type="stmt"/>
        <line num="493" count="2052" type="stmt"/>
        <line num="496" count="2" type="stmt"/>
        <line num="497" count="2" type="stmt"/>
        <line num="498" count="432" type="stmt"/>
        <line num="499" count="432" type="stmt"/>
        <line num="500" count="432" type="stmt"/>
        <line num="503" count="2" type="stmt"/>
        <line num="504" count="2" type="stmt"/>
        <line num="505" count="2" type="stmt"/>
        <line num="506" count="2" type="stmt"/>
        <line num="508" count="2" type="stmt"/>
        <line num="509" count="40" type="stmt"/>
        <line num="510" count="40" type="stmt"/>
        <line num="511" count="40" type="stmt"/>
        <line num="512" count="40" type="stmt"/>
        <line num="514" count="40" type="stmt"/>
        <line num="515" count="156" type="stmt"/>
        <line num="516" count="156" type="stmt"/>
        <line num="517" count="156" type="stmt"/>
        <line num="519" count="156" type="stmt"/>
        <line num="520" count="1152" type="stmt"/>
        <line num="521" count="1152" type="stmt"/>
        <line num="523" count="1152" type="stmt"/>
        <line num="524" count="1152" type="stmt"/>
        <line num="525" count="1152" type="stmt"/>
        <line num="526" count="3454" type="stmt"/>
        <line num="527" count="3454" type="stmt"/>
        <line num="528" count="3454" type="stmt"/>
        <line num="535" count="1152" type="cond" truecount="2" falsecount="0"/>
        <line num="536" count="1152" type="cond" truecount="2" falsecount="0"/>
        <line num="538" count="1152" type="stmt"/>
        <line num="547" count="31" type="stmt"/>
        <line num="552" count="93" type="stmt"/>
        <line num="562" count="156" type="cond" truecount="2" falsecount="0"/>
        <line num="563" count="156" type="stmt"/>
        <line num="572" count="43" type="stmt"/>
        <line num="581" count="40" type="cond" truecount="2" falsecount="0"/>
        <line num="582" count="40" type="stmt"/>
        <line num="594" count="3" type="stmt"/>
        <line num="604" count="1152" type="cond" truecount="1" falsecount="1"/>
        <line num="612" count="2" type="stmt"/>
      </file>
      <file name="storage.ts" path="D:\OneDrive\Documents\development\Org Manager\src\utils\storage.ts">
        <metrics statements="141" coveredstatements="138" conditionals="155" coveredconditionals="132" methods="44" coveredmethods="44"/>
        <line num="6" count="1" type="stmt"/>
        <line num="7" count="1" type="stmt"/>
        <line num="8" count="1" type="stmt"/>
        <line num="10" count="1" type="stmt"/>
        <line num="11" count="1" type="stmt"/>
        <line num="14" count="7" type="cond" truecount="5" falsecount="0"/>
        <line num="15" count="2" type="stmt"/>
        <line num="19" count="7" type="cond" truecount="2" falsecount="0"/>
        <line num="20" count="2" type="stmt"/>
        <line num="21" count="2" type="cond" truecount="2" falsecount="0"/>
        <line num="25" count="4" type="cond" truecount="5" falsecount="0"/>
        <line num="26" count="1" type="stmt"/>
        <line num="30" count="3" type="cond" truecount="1" falsecount="1"/>
        <line num="31" count="3" type="stmt"/>
        <line num="35" count="2" type="stmt"/>
        <line num="36" count="2" type="stmt"/>
        <line num="37" count="2" type="cond" truecount="2" falsecount="0"/>
        <line num="38" count="1" type="stmt"/>
        <line num="39" count="1" type="cond" truecount="1" falsecount="1"/>
        <line num="41" count="0" type="stmt"/>
        <line num="46" count="5" type="stmt"/>
        <line num="47" count="5" type="stmt"/>
        <line num="58" count="2" type="stmt"/>
        <line num="59" count="2" type="stmt"/>
        <line num="60" count="2" type="cond" truecount="2" falsecount="0"/>
        <line num="61" count="1" type="stmt"/>
        <line num="62" count="1" type="cond" truecount="1" falsecount="1"/>
        <line num="64" count="0" type="stmt"/>
        <line num="69" count="2" type="stmt"/>
        <line num="70" count="2" type="stmt"/>
        <line num="81" count="1" type="stmt"/>
        <line num="101" count="15" type="stmt"/>
        <line num="102" count="15" type="cond" truecount="2" falsecount="0"/>
        <line num="104" count="1" type="stmt"/>
        <line num="105" count="1" type="stmt"/>
        <line num="106" count="1" type="stmt"/>
        <line num="109" count="14" type="stmt"/>
        <line num="110" count="14" type="stmt"/>
        <line num="111" count="14" type="stmt"/>
        <line num="112" count="14" type="stmt"/>
        <line num="114" count="14" type="cond" truecount="2" falsecount="0"/>
        <line num="115" count="1" type="stmt"/>
        <line num="122" count="12" type="stmt"/>
        <line num="123" count="36" type="stmt"/>
        <line num="124" count="36" type="stmt"/>
        <line num="125" count="526" type="cond" truecount="2" falsecount="0"/>
        <line num="126" count="132" type="stmt"/>
        <line num="129" count="36" type="stmt"/>
        <line num="131" count="12" type="stmt"/>
        <line num="139" count="13" type="stmt"/>
        <line num="140" count="13" type="cond" truecount="2" falsecount="0"/>
        <line num="141" count="3" type="cond" truecount="2" falsecount="0"/>
        <line num="146" count="13" type="stmt"/>
        <line num="150" count="13" type="stmt"/>
        <line num="151" count="39" type="stmt"/>
        <line num="157" count="13" type="stmt"/>
        <line num="159" count="1" type="cond" truecount="2" falsecount="0"/>
        <line num="162" count="2" type="cond" truecount="2" falsecount="0"/>
        <line num="163" count="1" type="stmt"/>
        <line num="168" count="3" type="stmt"/>
        <line num="172" count="1" type="stmt"/>
        <line num="173" count="1" type="cond" truecount="2" falsecount="2"/>
        <line num="176" count="2" type="stmt"/>
        <line num="181" count="3" type="stmt"/>
        <line num="189" count="2" type="cond" truecount="2" falsecount="0"/>
        <line num="193" count="2" type="cond" truecount="2" falsecount="0"/>
        <line num="207" count="1" type="stmt"/>
        <line num="208" count="1" type="cond" truecount="1" falsecount="1"/>
        <line num="217" count="1" type="stmt"/>
        <line num="219" count="1" type="stmt"/>
        <line num="221" count="1" type="cond" truecount="1" falsecount="1"/>
        <line num="222" count="4" type="cond" truecount="4" falsecount="0"/>
        <line num="224" count="3" type="cond" truecount="2" falsecount="0"/>
        <line num="225" count="4" type="stmt"/>
        <line num="227" count="4" type="cond" truecount="2" falsecount="0"/>
        <line num="229" count="1" type="cond" truecount="2" falsecount="2"/>
        <line num="232" count="1" type="stmt"/>
        <line num="238" count="1" type="stmt"/>
        <line num="241" count="2" type="cond" truecount="4" falsecount="0"/>
        <line num="243" count="1" type="cond" truecount="3" falsecount="1"/>
        <line num="246" count="1" type="stmt"/>
        <line num="256" count="1" type="stmt"/>
        <line num="260" count="1" type="stmt"/>
        <line num="269" count="13" type="stmt"/>
        <line num="272" count="1" type="cond" truecount="2" falsecount="0"/>
        <line num="276" count="13" type="stmt"/>
        <line num="282" count="1" type="cond" truecount="1" falsecount="1"/>
        <line num="293" count="13" type="cond" truecount="1" falsecount="1"/>
        <line num="294" count="0" type="stmt"/>
        <line num="298" count="13" type="stmt"/>
        <line num="299" count="1" type="stmt"/>
        <line num="301" count="13" type="cond" truecount="2" falsecount="0"/>
        <line num="302" count="12" type="stmt"/>
        <line num="306" count="13" type="cond" truecount="2" falsecount="0"/>
        <line num="307" count="1" type="stmt"/>
        <line num="308" count="12" type="cond" truecount="2" falsecount="0"/>
        <line num="309" count="2" type="stmt"/>
        <line num="312" count="13" type="stmt"/>
        <line num="315" count="1" type="stmt"/>
        <line num="320" count="1" type="stmt"/>
        <line num="321" count="1" type="stmt"/>
        <line num="322" count="1" type="stmt"/>
        <line num="326" count="1" type="stmt"/>
        <line num="327" count="1" type="stmt"/>
        <line num="328" count="1" type="stmt"/>
        <line num="332" count="4" type="stmt"/>
        <line num="333" count="4" type="stmt"/>
        <line num="337" count="2" type="stmt"/>
        <line num="338" count="2" type="cond" truecount="2" falsecount="0"/>
        <line num="339" count="1" type="stmt"/>
        <line num="340" count="1" type="stmt"/>
        <line num="343" count="1" type="stmt"/>
        <line num="344" count="1" type="stmt"/>
        <line num="350" count="4" type="stmt"/>
        <line num="351" count="4" type="stmt"/>
        <line num="352" count="4" type="cond" truecount="1" falsecount="1"/>
        <line num="353" count="4" type="stmt"/>
        <line num="354" count="4" type="cond" truecount="2" falsecount="0"/>
        <line num="355" count="2" type="stmt"/>
        <line num="356" count="5" type="cond" truecount="2" falsecount="0"/>
        <line num="357" count="5" type="stmt"/>
        <line num="364" count="5" type="cond" truecount="2" falsecount="0"/>
        <line num="369" count="1" type="stmt"/>
        <line num="373" count="1" type="stmt"/>
        <line num="374" count="1" type="stmt"/>
        <line num="378" count="2" type="stmt"/>
        <line num="379" count="2" type="cond" truecount="2" falsecount="0"/>
        <line num="380" count="1" type="stmt"/>
        <line num="381" count="1" type="stmt"/>
        <line num="384" count="1" type="stmt"/>
        <line num="385" count="1" type="stmt"/>
        <line num="391" count="5" type="stmt"/>
        <line num="392" count="5" type="stmt"/>
        <line num="393" count="5" type="cond" truecount="2" falsecount="0"/>
        <line num="394" count="4" type="stmt"/>
        <line num="395" count="4" type="cond" truecount="5" falsecount="0"/>
        <line num="396" count="1" type="stmt"/>
        <line num="398" count="2" type="stmt"/>
        <line num="408" count="2" type="stmt"/>
        <line num="412" count="1" type="stmt"/>
        <line num="416" count="1" type="stmt"/>
      </file>
    </package>
  </project>
</coverage>
