{"D:\\OneDrive\\Documents\\development\\Org Manager\\src\\types\\index.ts": {"path":"D:\\OneDrive\\Documents\\development\\Org Manager\\src\\types\\index.ts","statementMap":{"0":{"start":{"line":5,"column":43},"end":{"line":9,"column":null}},"1":{"start":{"line":11,"column":43},"end":{"line":14,"column":null}},"2":{"start":{"line":16,"column":35},"end":{"line":26,"column":null}},"3":{"start":{"line":30,"column":55},"end":{"line":34,"column":null}}},"fnMap":{},"branchMap":{},"s":{"0":2,"1":2,"2":2,"3":2},"f":{},"b":{},"meta":{"lastBranch":0,"lastFunction":0,"lastStatement":4,"seen":{"s:5:43:9:Infinity":0,"s:11:43:14:Infinity":1,"s:16:35:26:Infinity":2,"s:30:55:34:Infinity":3}}}
,"D:\\OneDrive\\Documents\\development\\Org Manager\\src\\utils\\cost.ts": {"path":"D:\\OneDrive\\Documents\\development\\Org Manager\\src\\utils\\cost.ts","statementMap":{"0":{"start":{"line":3,"column":38},"end":{"line":3,"column":null}},"1":{"start":{"line":4,"column":37},"end":{"line":4,"column":null}},"2":{"start":{"line":8,"column":2},"end":{"line":8,"column":null}},"3":{"start":{"line":8,"column":24},"end":{"line":8,"column":null}},"4":{"start":{"line":9,"column":16},"end":{"line":9,"column":null}},"5":{"start":{"line":10,"column":2},"end":{"line":10,"column":null}},"6":{"start":{"line":18,"column":2},"end":{"line":18,"column":null}},"7":{"start":{"line":18,"column":40},"end":{"line":18,"column":93}},"8":{"start":{"line":23,"column":2},"end":{"line":23,"column":null}},"9":{"start":{"line":28,"column":17},"end":{"line":28,"column":null}},"10":{"start":{"line":29,"column":21},"end":{"line":29,"column":null}},"11":{"start":{"line":29,"column":51},"end":{"line":29,"column":88}},"12":{"start":{"line":30,"column":2},"end":{"line":30,"column":null}},"13":{"start":{"line":35,"column":17},"end":{"line":35,"column":null}},"14":{"start":{"line":36,"column":18},"end":{"line":36,"column":null}},"15":{"start":{"line":36,"column":55},"end":{"line":36,"column":89}},"16":{"start":{"line":37,"column":2},"end":{"line":37,"column":null}},"17":{"start":{"line":42,"column":2},"end":{"line":42,"column":null}},"18":{"start":{"line":47,"column":2},"end":{"line":47,"column":null}},"19":{"start":{"line":52,"column":17},"end":{"line":52,"column":null}},"20":{"start":{"line":52,"column":41},"end":{"line":52,"column":58}},"21":{"start":{"line":53,"column":2},"end":{"line":65,"column":null}},"22":{"start":{"line":54,"column":23},"end":{"line":62,"column":null}},"23":{"start":{"line":55,"column":25},"end":{"line":60,"column":null}},"24":{"start":{"line":56,"column":28},"end":{"line":58,"column":null}},"25":{"start":{"line":57,"column":25},"end":{"line":57,"column":48}},"26":{"start":{"line":58,"column":28},"end":{"line":58,"column":72}},"27":{"start":{"line":59,"column":8},"end":{"line":59,"column":null}},"28":{"start":{"line":61,"column":6},"end":{"line":61,"column":null}},"29":{"start":{"line":64,"column":4},"end":{"line":64,"column":null}},"30":{"start":{"line":77,"column":17},"end":{"line":77,"column":null}},"31":{"start":{"line":77,"column":41},"end":{"line":77,"column":58}},"32":{"start":{"line":78,"column":37},"end":{"line":78,"column":null}},"33":{"start":{"line":79,"column":2},"end":{"line":94,"column":null}},"34":{"start":{"line":80,"column":4},"end":{"line":93,"column":null}},"35":{"start":{"line":81,"column":6},"end":{"line":92,"column":null}},"36":{"start":{"line":82,"column":8},"end":{"line":91,"column":null}},"37":{"start":{"line":83,"column":10},"end":{"line":90,"column":null}},"38":{"start":{"line":84,"column":12},"end":{"line":89,"column":null}},"39":{"start":{"line":95,"column":2},"end":{"line":95,"column":null}}},"fnMap":{"0":{"name":"assignmentDailyCost","decl":{"start":{"line":7,"column":16},"end":{"line":7,"column":36}},"loc":{"start":{"line":7,"column":96},"end":{"line":11,"column":null}},"line":7},"1":{"name":"assignmentsDailyCost","decl":{"start":{"line":14,"column":16},"end":{"line":14,"column":null}},"loc":{"start":{"line":17,"column":10},"end":{"line":19,"column":null}},"line":17},"2":{"name":"(anonymous_2)","decl":{"start":{"line":18,"column":28},"end":{"line":18,"column":29}},"loc":{"start":{"line":18,"column":40},"end":{"line":18,"column":93}},"line":18},"3":{"name":"squadDailyCost","decl":{"start":{"line":22,"column":16},"end":{"line":22,"column":31}},"loc":{"start":{"line":22,"column":100},"end":{"line":24,"column":null}},"line":22},"4":{"name":"rtDailyCost","decl":{"start":{"line":27,"column":16},"end":{"line":27,"column":28}},"loc":{"start":{"line":27,"column":101},"end":{"line":31,"column":null}},"line":27},"5":{"name":"(anonymous_5)","decl":{"start":{"line":29,"column":38},"end":{"line":29,"column":39}},"loc":{"start":{"line":29,"column":51},"end":{"line":29,"column":88}},"line":29},"6":{"name":"duDailyCost","decl":{"start":{"line":34,"column":16},"end":{"line":34,"column":28}},"loc":{"start":{"line":34,"column":101},"end":{"line":38,"column":null}},"line":34},"7":{"name":"(anonymous_7)","decl":{"start":{"line":36,"column":42},"end":{"line":36,"column":43}},"loc":{"start":{"line":36,"column":55},"end":{"line":36,"column":89}},"line":36},"8":{"name":"formatCost","decl":{"start":{"line":41,"column":16},"end":{"line":41,"column":27}},"loc":{"start":{"line":41,"column":51},"end":{"line":43,"column":null}},"line":41},"9":{"name":"assignmentAllocationPercent","decl":{"start":{"line":46,"column":16},"end":{"line":46,"column":44}},"loc":{"start":{"line":46,"column":105},"end":{"line":48,"column":null}},"line":46},"10":{"name":"personTotalAllocationPercent","decl":{"start":{"line":51,"column":16},"end":{"line":51,"column":45}},"loc":{"start":{"line":51,"column":86},"end":{"line":66,"column":null}},"line":51},"11":{"name":"(anonymous_11)","decl":{"start":{"line":52,"column":34},"end":{"line":52,"column":35}},"loc":{"start":{"line":52,"column":41},"end":{"line":52,"column":58}},"line":52},"12":{"name":"(anonymous_12)","decl":{"start":{"line":53,"column":35},"end":{"line":53,"column":36}},"loc":{"start":{"line":53,"column":48},"end":{"line":65,"column":5}},"line":53},"13":{"name":"(anonymous_13)","decl":{"start":{"line":54,"column":47},"end":{"line":54,"column":48}},"loc":{"start":{"line":54,"column":62},"end":{"line":62,"column":7}},"line":54},"14":{"name":"(anonymous_14)","decl":{"start":{"line":55,"column":42},"end":{"line":55,"column":43}},"loc":{"start":{"line":55,"column":57},"end":{"line":60,"column":9}},"line":55},"15":{"name":"(anonymous_15)","decl":{"start":{"line":57,"column":18},"end":{"line":57,"column":19}},"loc":{"start":{"line":57,"column":25},"end":{"line":57,"column":48}},"line":57},"16":{"name":"(anonymous_16)","decl":{"start":{"line":58,"column":18},"end":{"line":58,"column":19}},"loc":{"start":{"line":58,"column":28},"end":{"line":58,"column":72}},"line":58},"17":{"name":"personAllocationBreakdown","decl":{"start":{"line":76,"column":16},"end":{"line":76,"column":42}},"loc":{"start":{"line":76,"column":94},"end":{"line":96,"column":null}},"line":76},"18":{"name":"(anonymous_18)","decl":{"start":{"line":77,"column":34},"end":{"line":77,"column":35}},"loc":{"start":{"line":77,"column":41},"end":{"line":77,"column":58}},"line":77}},"branchMap":{"0":{"loc":{"start":{"line":8,"column":2},"end":{"line":8,"column":null}},"type":"if","locations":[{"start":{"line":8,"column":2},"end":{"line":8,"column":null}},{"start":{},"end":{}}],"line":8},"1":{"loc":{"start":{"line":9,"column":16},"end":{"line":9,"column":null}},"type":"binary-expr","locations":[{"start":{"line":9,"column":16},"end":{"line":9,"column":51}},{"start":{"line":9,"column":51},"end":{"line":9,"column":null}}],"line":9},"2":{"loc":{"start":{"line":47,"column":9},"end":{"line":47,"column":null}},"type":"binary-expr","locations":[{"start":{"line":47,"column":9},"end":{"line":47,"column":44}},{"start":{"line":47,"column":44},"end":{"line":47,"column":null}}],"line":47},"3":{"loc":{"start":{"line":83,"column":10},"end":{"line":90,"column":null}},"type":"if","locations":[{"start":{"line":83,"column":10},"end":{"line":90,"column":null}},{"start":{},"end":{}}],"line":83}},"s":{"0":1,"1":1,"2":7,"3":0,"4":7,"5":7,"6":4,"7":6,"8":1,"9":1,"10":1,"11":1,"12":1,"13":1,"14":1,"15":1,"16":1,"17":0,"18":3,"19":2,"20":3,"21":2,"22":2,"23":2,"24":2,"25":4,"26":2,"27":2,"28":2,"29":2,"30":1,"31":1,"32":1,"33":1,"34":1,"35":1,"36":1,"37":2,"38":1,"39":1},"f":{"0":7,"1":4,"2":6,"3":1,"4":1,"5":1,"6":1,"7":1,"8":0,"9":3,"10":2,"11":3,"12":2,"13":2,"14":2,"15":4,"16":2,"17":1,"18":1},"b":{"0":[0,7],"1":[7,0],"2":[3,0],"3":[1,1]},"meta":{"lastBranch":4,"lastFunction":19,"lastStatement":40,"seen":{"s:3:38:3:Infinity":0,"s:4:37:4:Infinity":1,"f:7:16:7:36":0,"b:8:2:8:Infinity:undefined:undefined:undefined:undefined":0,"s:8:2:8:Infinity":2,"s:8:24:8:Infinity":3,"s:9:16:9:Infinity":4,"b:9:16:9:51:9:51:9:Infinity":1,"s:10:2:10:Infinity":5,"f:14:16:14:Infinity":1,"s:18:2:18:Infinity":6,"f:18:28:18:29":2,"s:18:40:18:93":7,"f:22:16:22:31":3,"s:23:2:23:Infinity":8,"f:27:16:27:28":4,"s:28:17:28:Infinity":9,"s:29:21:29:Infinity":10,"f:29:38:29:39":5,"s:29:51:29:88":11,"s:30:2:30:Infinity":12,"f:34:16:34:28":6,"s:35:17:35:Infinity":13,"s:36:18:36:Infinity":14,"f:36:42:36:43":7,"s:36:55:36:89":15,"s:37:2:37:Infinity":16,"f:41:16:41:27":8,"s:42:2:42:Infinity":17,"f:46:16:46:44":9,"s:47:2:47:Infinity":18,"b:47:9:47:44:47:44:47:Infinity":2,"f:51:16:51:45":10,"s:52:17:52:Infinity":19,"f:52:34:52:35":11,"s:52:41:52:58":20,"s:53:2:65:Infinity":21,"f:53:35:53:36":12,"s:54:23:62:Infinity":22,"f:54:47:54:48":13,"s:55:25:60:Infinity":23,"f:55:42:55:43":14,"s:56:28:58:Infinity":24,"f:57:18:57:19":15,"s:57:25:57:48":25,"f:58:18:58:19":16,"s:58:28:58:72":26,"s:59:8:59:Infinity":27,"s:61:6:61:Infinity":28,"s:64:4:64:Infinity":29,"f:76:16:76:42":17,"s:77:17:77:Infinity":30,"f:77:34:77:35":18,"s:77:41:77:58":31,"s:78:37:78:Infinity":32,"s:79:2:94:Infinity":33,"s:80:4:93:Infinity":34,"s:81:6:92:Infinity":35,"s:82:8:91:Infinity":36,"b:83:10:90:Infinity:undefined:undefined:undefined:undefined":3,"s:83:10:90:Infinity":37,"s:84:12:89:Infinity":38,"s:95:2:95:Infinity":39}}}
,"D:\\OneDrive\\Documents\\development\\Org Manager\\src\\utils\\defaults.ts": {"path":"D:\\OneDrive\\Documents\\development\\Org Manager\\src\\utils\\defaults.ts","statementMap":{"0":{"start":{"line":3,"column":41},"end":{"line":3,"column":null}},"1":{"start":{"line":4,"column":43},"end":{"line":4,"column":null}},"2":{"start":{"line":6,"column":65},"end":{"line":12,"column":null}},"3":{"start":{"line":14,"column":38},"end":{"line":18,"column":null}},"4":{"start":{"line":21,"column":2},"end":{"line":24,"column":null}},"5":{"start":{"line":23,"column":52},"end":{"line":23,"column":61}}},"fnMap":{"0":{"name":"cloneDefaultSquadTemplate","decl":{"start":{"line":20,"column":16},"end":{"line":20,"column":44}},"loc":{"start":{"line":20,"column":44},"end":{"line":25,"column":null}},"line":20},"1":{"name":"(anonymous_1)","decl":{"start":{"line":23,"column":44},"end":{"line":23,"column":45}},"loc":{"start":{"line":23,"column":52},"end":{"line":23,"column":61}},"line":23}},"branchMap":{},"s":{"0":2,"1":2,"2":2,"3":2,"4":16,"5":80},"f":{"0":16,"1":80},"b":{},"meta":{"lastBranch":0,"lastFunction":2,"lastStatement":6,"seen":{"s:3:41:3:Infinity":0,"s:4:43:4:Infinity":1,"s:6:65:12:Infinity":2,"s:14:38:18:Infinity":3,"f:20:16:20:44":0,"s:21:2:24:Infinity":4,"f:23:44:23:45":1,"s:23:52:23:61":5}}}
,"D:\\OneDrive\\Documents\\development\\Org Manager\\src\\utils\\seed.ts": {"path":"D:\\OneDrive\\Documents\\development\\Org Manager\\src\\utils\\seed.ts","statementMap":{"0":{"start":{"line":5,"column":29},"end":{"line":5,"column":null}},"1":{"start":{"line":8,"column":8},"end":{"line":8,"column":null}},"2":{"start":{"line":9,"column":25},"end":{"line":9,"column":null}},"3":{"start":{"line":11,"column":18},"end":{"line":26,"column":null}},"4":{"start":{"line":17,"column":8},"end":{"line":26,"column":null}},"5":{"start":{"line":22,"column":54},"end":{"line":25,"column":6}},"6":{"start":{"line":29,"column":17},"end":{"line":52,"column":null}},"7":{"start":{"line":48,"column":26},"end":{"line":52,"column":4}},"8":{"start":{"line":55,"column":28},"end":{"line":178,"column":null}},"9":{"start":{"line":181,"column":28},"end":{"line":296,"column":null}},"10":{"start":{"line":298,"column":2},"end":{"line":310,"column":null}},"11":{"start":{"line":314,"column":2},"end":{"line":314,"column":null}},"12":{"start":{"line":318,"column":2},"end":{"line":318,"column":null}},"13":{"start":{"line":322,"column":15},"end":{"line":322,"column":null}},"14":{"start":{"line":323,"column":2},"end":{"line":323,"column":null}},"15":{"start":{"line":323,"column":18},"end":{"line":323,"column":null}},"16":{"start":{"line":324,"column":2},"end":{"line":324,"column":null}},"17":{"start":{"line":324,"column":19},"end":{"line":324,"column":null}},"18":{"start":{"line":325,"column":2},"end":{"line":325,"column":null}},"19":{"start":{"line":329,"column":21},"end":{"line":329,"column":null}},"20":{"start":{"line":330,"column":20},"end":{"line":330,"column":null}},"21":{"start":{"line":331,"column":21},"end":{"line":331,"column":null}},"22":{"start":{"line":332,"column":18},"end":{"line":332,"column":null}},"23":{"start":{"line":333,"column":24},"end":{"line":333,"column":null}},"24":{"start":{"line":334,"column":24},"end":{"line":334,"column":null}},"25":{"start":{"line":335,"column":23},"end":{"line":335,"column":null}},"26":{"start":{"line":336,"column":33},"end":{"line":336,"column":null}},"27":{"start":{"line":337,"column":23},"end":{"line":337,"column":null}},"28":{"start":{"line":339,"column":22},"end":{"line":339,"column":null}},"29":{"start":{"line":340,"column":25},"end":{"line":340,"column":null}},"30":{"start":{"line":341,"column":17},"end":{"line":355,"column":null}},"31":{"start":{"line":342,"column":15},"end":{"line":342,"column":null}},"32":{"start":{"line":343,"column":18},"end":{"line":343,"column":null}},"33":{"start":{"line":344,"column":17},"end":{"line":344,"column":null}},"34":{"start":{"line":345,"column":17},"end":{"line":345,"column":null}},"35":{"start":{"line":346,"column":4},"end":{"line":354,"column":null}},"36":{"start":{"line":357,"column":35},"end":{"line":359,"column":null}},"37":{"start":{"line":358,"column":22},"end":{"line":358,"column":33}},"38":{"start":{"line":361,"column":25},"end":{"line":380,"column":null}},"39":{"start":{"line":362,"column":16},"end":{"line":362,"column":null}},"40":{"start":{"line":363,"column":4},"end":{"line":363,"column":null}},"41":{"start":{"line":364,"column":15},"end":{"line":364,"column":null}},"42":{"start":{"line":365,"column":18},"end":{"line":365,"column":null}},"43":{"start":{"line":366,"column":17},"end":{"line":366,"column":null}},"44":{"start":{"line":367,"column":17},"end":{"line":367,"column":null}},"45":{"start":{"line":368,"column":19},"end":{"line":376,"column":null}},"46":{"start":{"line":377,"column":4},"end":{"line":377,"column":null}},"47":{"start":{"line":378,"column":4},"end":{"line":378,"column":null}},"48":{"start":{"line":379,"column":4},"end":{"line":379,"column":null}},"49":{"start":{"line":382,"column":30},"end":{"line":397,"column":null}},"50":{"start":{"line":383,"column":4},"end":{"line":391,"column":null}},"51":{"start":{"line":384,"column":6},"end":{"line":384,"column":null}},"52":{"start":{"line":384,"column":33},"end":{"line":384,"column":null}},"53":{"start":{"line":385,"column":24},"end":{"line":385,"column":null}},"54":{"start":{"line":386,"column":6},"end":{"line":390,"column":null}},"55":{"start":{"line":387,"column":8},"end":{"line":387,"column":null}},"56":{"start":{"line":388,"column":8},"end":{"line":388,"column":null}},"57":{"start":{"line":389,"column":8},"end":{"line":389,"column":null}},"58":{"start":{"line":393,"column":15},"end":{"line":393,"column":null}},"59":{"start":{"line":394,"column":4},"end":{"line":394,"column":null}},"60":{"start":{"line":395,"column":4},"end":{"line":395,"column":null}},"61":{"start":{"line":396,"column":4},"end":{"line":396,"column":null}},"62":{"start":{"line":399,"column":21},"end":{"line":399,"column":null}},"63":{"start":{"line":400,"column":23},"end":{"line":404,"column":null}},"64":{"start":{"line":401,"column":15},"end":{"line":401,"column":null}},"65":{"start":{"line":402,"column":4},"end":{"line":402,"column":null}},"66":{"start":{"line":403,"column":4},"end":{"line":403,"column":null}},"67":{"start":{"line":406,"column":18},"end":{"line":406,"column":null}},"68":{"start":{"line":407,"column":18},"end":{"line":407,"column":null}},"69":{"start":{"line":408,"column":25},"end":{"line":408,"column":null}},"70":{"start":{"line":409,"column":28},"end":{"line":409,"column":null}},"71":{"start":{"line":411,"column":24},"end":{"line":513,"column":null}},"72":{"start":{"line":412,"column":17},"end":{"line":412,"column":null}},"73":{"start":{"line":413,"column":19},"end":{"line":413,"column":null}},"74":{"start":{"line":414,"column":19},"end":{"line":414,"column":null}},"75":{"start":{"line":415,"column":20},"end":{"line":415,"column":null}},"76":{"start":{"line":417,"column":26},"end":{"line":482,"column":null}},"77":{"start":{"line":418,"column":19},"end":{"line":418,"column":null}},"78":{"start":{"line":419,"column":25},"end":{"line":419,"column":null}},"79":{"start":{"line":420,"column":21},"end":{"line":420,"column":null}},"80":{"start":{"line":422,"column":21},"end":{"line":463,"column":null}},"81":{"start":{"line":423,"column":21},"end":{"line":423,"column":null}},"82":{"start":{"line":424,"column":26},"end":{"line":424,"column":null}},"83":{"start":{"line":426,"column":32},"end":{"line":426,"column":null}},"84":{"start":{"line":427,"column":28},"end":{"line":427,"column":null}},"85":{"start":{"line":428,"column":28},"end":{"line":436,"column":null}},"86":{"start":{"line":429,"column":39},"end":{"line":429,"column":null}},"87":{"start":{"line":430,"column":27},"end":{"line":430,"column":null}},"88":{"start":{"line":431,"column":10},"end":{"line":435,"column":null}},"89":{"start":{"line":438,"column":31},"end":{"line":438,"column":null}},"90":{"start":{"line":439,"column":31},"end":{"line":439,"column":null}},"91":{"start":{"line":441,"column":8},"end":{"line":462,"column":null}},"92":{"start":{"line":450,"column":70},"end":{"line":454,"column":14}},"93":{"start":{"line":455,"column":73},"end":{"line":460,"column":14}},"94":{"start":{"line":465,"column":31},"end":{"line":465,"column":null}},"95":{"start":{"line":466,"column":6},"end":{"line":481,"column":null}},"96":{"start":{"line":475,"column":71},"end":{"line":480,"column":10}},"97":{"start":{"line":484,"column":29},"end":{"line":484,"column":null}},"98":{"start":{"line":485,"column":4},"end":{"line":512,"column":null}},"99":{"start":{"line":497,"column":69},"end":{"line":502,"column":8}},"100":{"start":{"line":507,"column":23},"end":{"line":507,"column":null}},"101":{"start":{"line":507,"column":61},"end":{"line":507,"column":113}},"102":{"start":{"line":515,"column":2},"end":{"line":527,"column":null}}},"fnMap":{"0":{"name":"generateSeedData","decl":{"start":{"line":7,"column":16},"end":{"line":7,"column":44}},"loc":{"start":{"line":7,"column":44},"end":{"line":311,"column":null}},"line":7},"1":{"name":"(anonymous_1)","decl":{"start":{"line":11,"column":18},"end":{"line":11,"column":null}},"loc":{"start":{"line":17,"column":8},"end":{"line":26,"column":null}},"line":17},"2":{"name":"(anonymous_2)","decl":{"start":{"line":22,"column":38},"end":{"line":22,"column":39}},"loc":{"start":{"line":22,"column":54},"end":{"line":25,"column":6}},"line":22},"3":{"name":"(anonymous_3)","decl":{"start":{"line":48,"column":8},"end":{"line":48,"column":9}},"loc":{"start":{"line":48,"column":26},"end":{"line":52,"column":4}},"line":48},"4":{"name":"randInt","decl":{"start":{"line":313,"column":9},"end":{"line":313,"column":17}},"loc":{"start":{"line":313,"column":51},"end":{"line":315,"column":null}},"line":313},"5":{"name":"pick","decl":{"start":{"line":317,"column":9},"end":{"line":317,"column":17}},"loc":{"start":{"line":317,"column":39},"end":{"line":319,"column":null}},"line":317},"6":{"name":"pickAllocationPercentage","decl":{"start":{"line":321,"column":9},"end":{"line":321,"column":44}},"loc":{"start":{"line":321,"column":44},"end":{"line":326,"column":null}},"line":321},"7":{"name":"generateLargeSeedData","decl":{"start":{"line":328,"column":16},"end":{"line":328,"column":49}},"loc":{"start":{"line":328,"column":49},"end":{"line":528,"column":null}},"line":328},"8":{"name":"(anonymous_8)","decl":{"start":{"line":341,"column":53},"end":{"line":341,"column":54}},"loc":{"start":{"line":341,"column":63},"end":{"line":355,"column":3}},"line":341},"9":{"name":"(anonymous_9)","decl":{"start":{"line":358,"column":15},"end":{"line":358,"column":16}},"loc":{"start":{"line":358,"column":22},"end":{"line":358,"column":33}},"line":358},"10":{"name":"(anonymous_10)","decl":{"start":{"line":361,"column":25},"end":{"line":361,"column":31}},"loc":{"start":{"line":361,"column":31},"end":{"line":380,"column":null}},"line":361},"11":{"name":"(anonymous_11)","decl":{"start":{"line":382,"column":30},"end":{"line":382,"column":31}},"loc":{"start":{"line":382,"column":80},"end":{"line":397,"column":null}},"line":382},"12":{"name":"(anonymous_12)","decl":{"start":{"line":400,"column":23},"end":{"line":400,"column":29}},"loc":{"start":{"line":400,"column":29},"end":{"line":404,"column":null}},"line":400},"13":{"name":"(anonymous_13)","decl":{"start":{"line":411,"column":51},"end":{"line":411,"column":52}},"loc":{"start":{"line":411,"column":61},"end":{"line":513,"column":3}},"line":411},"14":{"name":"(anonymous_14)","decl":{"start":{"line":417,"column":58},"end":{"line":417,"column":59}},"loc":{"start":{"line":417,"column":72},"end":{"line":482,"column":5}},"line":417},"15":{"name":"(anonymous_15)","decl":{"start":{"line":422,"column":56},"end":{"line":422,"column":57}},"loc":{"start":{"line":422,"column":70},"end":{"line":463,"column":7}},"line":422},"16":{"name":"(anonymous_16)","decl":{"start":{"line":428,"column":68},"end":{"line":428,"column":74}},"loc":{"start":{"line":428,"column":74},"end":{"line":436,"column":9}},"line":428},"17":{"name":"(anonymous_17)","decl":{"start":{"line":450,"column":63},"end":{"line":450,"column":70}},"loc":{"start":{"line":450,"column":70},"end":{"line":454,"column":14}},"line":450},"18":{"name":"(anonymous_18)","decl":{"start":{"line":455,"column":66},"end":{"line":455,"column":73}},"loc":{"start":{"line":455,"column":73},"end":{"line":460,"column":14}},"line":455},"19":{"name":"(anonymous_19)","decl":{"start":{"line":475,"column":64},"end":{"line":475,"column":71}},"loc":{"start":{"line":475,"column":71},"end":{"line":480,"column":10}},"line":475},"20":{"name":"(anonymous_20)","decl":{"start":{"line":497,"column":62},"end":{"line":497,"column":69}},"loc":{"start":{"line":497,"column":69},"end":{"line":502,"column":8}},"line":497},"21":{"name":"(anonymous_21)","decl":{"start":{"line":507,"column":10},"end":{"line":507,"column":11}},"loc":{"start":{"line":507,"column":23},"end":{"line":507,"column":null}},"line":507},"22":{"name":"(anonymous_22)","decl":{"start":{"line":507,"column":46},"end":{"line":507,"column":47}},"loc":{"start":{"line":507,"column":61},"end":{"line":507,"column":113}},"line":507}},"branchMap":{"0":{"loc":{"start":{"line":323,"column":2},"end":{"line":323,"column":null}},"type":"if","locations":[{"start":{"line":323,"column":2},"end":{"line":323,"column":null}},{"start":{},"end":{}}],"line":323},"1":{"loc":{"start":{"line":324,"column":2},"end":{"line":324,"column":null}},"type":"if","locations":[{"start":{"line":324,"column":2},"end":{"line":324,"column":null}},{"start":{},"end":{}}],"line":324},"2":{"loc":{"start":{"line":384,"column":6},"end":{"line":384,"column":null}},"type":"if","locations":[{"start":{"line":384,"column":6},"end":{"line":384,"column":null}},{"start":{},"end":{}}],"line":384},"3":{"loc":{"start":{"line":385,"column":24},"end":{"line":385,"column":null}},"type":"binary-expr","locations":[{"start":{"line":385,"column":24},"end":{"line":385,"column":62}},{"start":{"line":385,"column":62},"end":{"line":385,"column":null}}],"line":385},"4":{"loc":{"start":{"line":386,"column":6},"end":{"line":390,"column":null}},"type":"if","locations":[{"start":{"line":386,"column":6},"end":{"line":390,"column":null}},{"start":{},"end":{}}],"line":386},"5":{"loc":{"start":{"line":438,"column":31},"end":{"line":438,"column":null}},"type":"cond-expr","locations":[{"start":{"line":438,"column":72},"end":{"line":438,"column":76}},{"start":{"line":438,"column":76},"end":{"line":438,"column":null}}],"line":438},"6":{"loc":{"start":{"line":439,"column":31},"end":{"line":439,"column":null}},"type":"cond-expr","locations":[{"start":{"line":439,"column":62},"end":{"line":439,"column":66}},{"start":{"line":439,"column":66},"end":{"line":439,"column":null}}],"line":439},"7":{"loc":{"start":{"line":465,"column":31},"end":{"line":465,"column":null}},"type":"cond-expr","locations":[{"start":{"line":465,"column":62},"end":{"line":465,"column":66}},{"start":{"line":465,"column":66},"end":{"line":465,"column":null}}],"line":465},"8":{"loc":{"start":{"line":484,"column":29},"end":{"line":484,"column":null}},"type":"cond-expr","locations":[{"start":{"line":484,"column":60},"end":{"line":484,"column":64}},{"start":{"line":484,"column":64},"end":{"line":484,"column":null}}],"line":484},"9":{"loc":{"start":{"line":507,"column":70},"end":{"line":507,"column":113}},"type":"binary-expr","locations":[{"start":{"line":507,"column":70},"end":{"line":507,"column":109}},{"start":{"line":507,"column":109},"end":{"line":507,"column":113}}],"line":507}},"s":{"0":2,"1":3,"2":3,"3":3,"4":24,"5":72,"6":3,"7":54,"8":3,"9":3,"10":3,"11":18257,"12":11938,"13":3558,"14":3558,"15":2225,"16":1333,"17":672,"18":661,"19":2,"20":2,"21":2,"22":2,"23":2,"24":2,"25":2,"26":2,"27":2,"28":2,"29":2,"30":2,"31":600,"32":600,"33":600,"34":600,"35":600,"36":2,"37":600,"38":2,"39":2004,"40":2004,"41":2004,"42":2004,"43":2004,"44":2004,"45":2004,"46":2004,"47":2004,"48":2004,"49":2,"50":3420,"51":2239145,"52":3240,"53":2235905,"54":2239145,"55":1416,"56":1416,"57":1416,"58":2004,"59":2004,"60":2004,"61":2004,"62":2,"63":2,"64":428,"65":428,"66":428,"67":2,"68":2,"69":2,"70":2,"71":2,"72":40,"73":40,"74":40,"75":40,"76":40,"77":154,"78":154,"79":154,"80":154,"81":1147,"82":1147,"83":1147,"84":1147,"85":1147,"86":3420,"87":3420,"88":3420,"89":1147,"90":1147,"91":1147,"92":45,"93":98,"94":154,"95":154,"96":39,"97":40,"98":40,"99":1,"100":154,"101":1147,"102":2},"f":{"0":3,"1":24,"2":72,"3":54,"4":18257,"5":11938,"6":3558,"7":2,"8":600,"9":600,"10":2004,"11":3420,"12":428,"13":40,"14":154,"15":1147,"16":3420,"17":45,"18":98,"19":39,"20":1,"21":154,"22":1147},"b":{"0":[2225,1333],"1":[672,661],"2":[3240,2235905],"3":[2235905,0],"4":[1416,2237729],"5":[45,1102],"6":[98,1049],"7":[39,115],"8":[1,39],"9":[1147,0]},"meta":{"lastBranch":10,"lastFunction":23,"lastStatement":103,"seen":{"s:5:29:5:Infinity":0,"f:7:16:7:44":0,"s:8:8:8:Infinity":1,"s:9:25:9:Infinity":2,"s:11:18:26:Infinity":3,"f:11:18:11:Infinity":1,"s:17:8:26:Infinity":4,"f:22:38:22:39":2,"s:22:54:25:6":5,"s:29:17:52:Infinity":6,"f:48:8:48:9":3,"s:48:26:52:4":7,"s:55:28:178:Infinity":8,"s:181:28:296:Infinity":9,"s:298:2:310:Infinity":10,"f:313:9:313:17":4,"s:314:2:314:Infinity":11,"f:317:9:317:17":5,"s:318:2:318:Infinity":12,"f:321:9:321:44":6,"s:322:15:322:Infinity":13,"b:323:2:323:Infinity:undefined:undefined:undefined:undefined":0,"s:323:2:323:Infinity":14,"s:323:18:323:Infinity":15,"b:324:2:324:Infinity:undefined:undefined:undefined:undefined":1,"s:324:2:324:Infinity":16,"s:324:19:324:Infinity":17,"s:325:2:325:Infinity":18,"f:328:16:328:49":7,"s:329:21:329:Infinity":19,"s:330:20:330:Infinity":20,"s:331:21:331:Infinity":21,"s:332:18:332:Infinity":22,"s:333:24:333:Infinity":23,"s:334:24:334:Infinity":24,"s:335:23:335:Infinity":25,"s:336:33:336:Infinity":26,"s:337:23:337:Infinity":27,"s:339:22:339:Infinity":28,"s:340:25:340:Infinity":29,"s:341:17:355:Infinity":30,"f:341:53:341:54":8,"s:342:15:342:Infinity":31,"s:343:18:343:Infinity":32,"s:344:17:344:Infinity":33,"s:345:17:345:Infinity":34,"s:346:4:354:Infinity":35,"s:357:35:359:Infinity":36,"f:358:15:358:16":9,"s:358:22:358:33":37,"s:361:25:380:Infinity":38,"f:361:25:361:31":10,"s:362:16:362:Infinity":39,"s:363:4:363:Infinity":40,"s:364:15:364:Infinity":41,"s:365:18:365:Infinity":42,"s:366:17:366:Infinity":43,"s:367:17:367:Infinity":44,"s:368:19:376:Infinity":45,"s:377:4:377:Infinity":46,"s:378:4:378:Infinity":47,"s:379:4:379:Infinity":48,"s:382:30:397:Infinity":49,"f:382:30:382:31":11,"s:383:4:391:Infinity":50,"b:384:6:384:Infinity:undefined:undefined:undefined:undefined":2,"s:384:6:384:Infinity":51,"s:384:33:384:Infinity":52,"s:385:24:385:Infinity":53,"b:385:24:385:62:385:62:385:Infinity":3,"b:386:6:390:Infinity:undefined:undefined:undefined:undefined":4,"s:386:6:390:Infinity":54,"s:387:8:387:Infinity":55,"s:388:8:388:Infinity":56,"s:389:8:389:Infinity":57,"s:393:15:393:Infinity":58,"s:394:4:394:Infinity":59,"s:395:4:395:Infinity":60,"s:396:4:396:Infinity":61,"s:399:21:399:Infinity":62,"s:400:23:404:Infinity":63,"f:400:23:400:29":12,"s:401:15:401:Infinity":64,"s:402:4:402:Infinity":65,"s:403:4:403:Infinity":66,"s:406:18:406:Infinity":67,"s:407:18:407:Infinity":68,"s:408:25:408:Infinity":69,"s:409:28:409:Infinity":70,"s:411:24:513:Infinity":71,"f:411:51:411:52":13,"s:412:17:412:Infinity":72,"s:413:19:413:Infinity":73,"s:414:19:414:Infinity":74,"s:415:20:415:Infinity":75,"s:417:26:482:Infinity":76,"f:417:58:417:59":14,"s:418:19:418:Infinity":77,"s:419:25:419:Infinity":78,"s:420:21:420:Infinity":79,"s:422:21:463:Infinity":80,"f:422:56:422:57":15,"s:423:21:423:Infinity":81,"s:424:26:424:Infinity":82,"s:426:32:426:Infinity":83,"s:427:28:427:Infinity":84,"s:428:28:436:Infinity":85,"f:428:68:428:74":16,"s:429:39:429:Infinity":86,"s:430:27:430:Infinity":87,"s:431:10:435:Infinity":88,"s:438:31:438:Infinity":89,"b:438:72:438:76:438:76:438:Infinity":5,"s:439:31:439:Infinity":90,"b:439:62:439:66:439:66:439:Infinity":6,"s:441:8:462:Infinity":91,"f:450:63:450:70":17,"s:450:70:454:14":92,"f:455:66:455:73":18,"s:455:73:460:14":93,"s:465:31:465:Infinity":94,"b:465:62:465:66:465:66:465:Infinity":7,"s:466:6:481:Infinity":95,"f:475:64:475:71":19,"s:475:71:480:10":96,"s:484:29:484:Infinity":97,"b:484:60:484:64:484:64:484:Infinity":8,"s:485:4:512:Infinity":98,"f:497:62:497:69":20,"s:497:69:502:8":99,"f:507:10:507:11":21,"s:507:23:507:Infinity":100,"f:507:46:507:47":22,"s:507:61:507:113":101,"b:507:70:507:109:507:109:507:113":9,"s:515:2:527:Infinity":102}}}
,"D:\\OneDrive\\Documents\\development\\Org Manager\\src\\utils\\storage.ts": {"path":"D:\\OneDrive\\Documents\\development\\Org Manager\\src\\utils\\storage.ts","statementMap":{"0":{"start":{"line":6,"column":17},"end":{"line":6,"column":null}},"1":{"start":{"line":7,"column":18},"end":{"line":7,"column":null}},"2":{"start":{"line":8,"column":20},"end":{"line":8,"column":null}},"3":{"start":{"line":11,"column":2},"end":{"line":25,"column":null}},"4":{"start":{"line":31,"column":14},"end":{"line":31,"column":null}},"5":{"start":{"line":32,"column":2},"end":{"line":37,"column":null}},"6":{"start":{"line":34,"column":10},"end":{"line":34,"column":null}},"7":{"start":{"line":35,"column":4},"end":{"line":35,"column":null}},"8":{"start":{"line":36,"column":4},"end":{"line":36,"column":null}},"9":{"start":{"line":39,"column":2},"end":{"line":155,"column":null}},"10":{"start":{"line":40,"column":19},"end":{"line":40,"column":null}},"11":{"start":{"line":41,"column":10},"end":{"line":41,"column":null}},"12":{"start":{"line":42,"column":25},"end":{"line":42,"column":null}},"13":{"start":{"line":44,"column":4},"end":{"line":66,"column":null}},"14":{"start":{"line":45,"column":6},"end":{"line":49,"column":null}},"15":{"start":{"line":52,"column":26},"end":{"line":60,"column":null}},"16":{"start":{"line":53,"column":21},"end":{"line":53,"column":null}},"17":{"start":{"line":54,"column":8},"end":{"line":58,"column":null}},"18":{"start":{"line":55,"column":10},"end":{"line":57,"column":null}},"19":{"start":{"line":55,"column":32},"end":{"line":55,"column":70}},"20":{"start":{"line":56,"column":12},"end":{"line":56,"column":null}},"21":{"start":{"line":59,"column":8},"end":{"line":59,"column":null}},"22":{"start":{"line":61,"column":6},"end":{"line":65,"column":null}},"23":{"start":{"line":69,"column":4},"end":{"line":77,"column":null}},"24":{"start":{"line":70,"column":6},"end":{"line":70,"column":null}},"25":{"start":{"line":70,"column":19},"end":{"line":70,"column":null}},"26":{"start":{"line":71,"column":27},"end":{"line":75,"column":null}},"27":{"start":{"line":76,"column":6},"end":{"line":76,"column":null}},"28":{"start":{"line":80,"column":32},"end":{"line":85,"column":null}},"29":{"start":{"line":81,"column":6},"end":{"line":85,"column":null}},"30":{"start":{"line":81,"column":30},"end":{"line":85,"column":8}},"31":{"start":{"line":87,"column":4},"end":{"line":129,"column":null}},"32":{"start":{"line":87,"column":61},"end":{"line":129,"column":6}},"33":{"start":{"line":89,"column":42},"end":{"line":117,"column":8}},"34":{"start":{"line":92,"column":10},"end":{"line":100,"column":null}},"35":{"start":{"line":93,"column":12},"end":{"line":99,"column":null}},"36":{"start":{"line":98,"column":57},"end":{"line":98,"column":78}},"37":{"start":{"line":102,"column":32},"end":{"line":104,"column":null}},"38":{"start":{"line":103,"column":48},"end":{"line":103,"column":72}},"39":{"start":{"line":106,"column":10},"end":{"line":115,"column":null}},"40":{"start":{"line":111,"column":55},"end":{"line":114,"column":14}},"41":{"start":{"line":120,"column":51},"end":{"line":128,"column":8}},"42":{"start":{"line":124,"column":39},"end":{"line":127,"column":10}},"43":{"start":{"line":132,"column":4},"end":{"line":134,"column":null}},"44":{"start":{"line":133,"column":6},"end":{"line":133,"column":null}},"45":{"start":{"line":137,"column":31},"end":{"line":139,"column":null}},"46":{"start":{"line":138,"column":13},"end":{"line":138,"column":null}},"47":{"start":{"line":140,"column":4},"end":{"line":142,"column":null}},"48":{"start":{"line":141,"column":6},"end":{"line":141,"column":null}},"49":{"start":{"line":145,"column":4},"end":{"line":149,"column":null}},"50":{"start":{"line":146,"column":6},"end":{"line":146,"column":null}},"51":{"start":{"line":147,"column":4},"end":{"line":149,"column":null}},"52":{"start":{"line":148,"column":6},"end":{"line":148,"column":null}},"53":{"start":{"line":151,"column":4},"end":{"line":151,"column":null}},"54":{"start":{"line":154,"column":4},"end":{"line":154,"column":null}},"55":{"start":{"line":159,"column":8},"end":{"line":159,"column":null}},"56":{"start":{"line":160,"column":2},"end":{"line":160,"column":null}},"57":{"start":{"line":161,"column":2},"end":{"line":161,"column":null}},"58":{"start":{"line":165,"column":8},"end":{"line":165,"column":null}},"59":{"start":{"line":166,"column":2},"end":{"line":166,"column":null}},"60":{"start":{"line":167,"column":2},"end":{"line":167,"column":null}},"61":{"start":{"line":171,"column":2},"end":{"line":171,"column":null}},"62":{"start":{"line":177,"column":2},"end":{"line":182,"column":null}},"63":{"start":{"line":178,"column":16},"end":{"line":178,"column":null}},"64":{"start":{"line":179,"column":4},"end":{"line":179,"column":null}},"65":{"start":{"line":179,"column":13},"end":{"line":179,"column":null}},"66":{"start":{"line":183,"column":2},"end":{"line":183,"column":null}},"67":{"start":{"line":187,"column":2},"end":{"line":187,"column":null}},"68":{"start":{"line":193,"column":2},"end":{"line":198,"column":null}},"69":{"start":{"line":194,"column":16},"end":{"line":194,"column":null}},"70":{"start":{"line":195,"column":4},"end":{"line":195,"column":null}},"71":{"start":{"line":195,"column":13},"end":{"line":195,"column":null}},"72":{"start":{"line":199,"column":2},"end":{"line":199,"column":null}},"73":{"start":{"line":203,"column":2},"end":{"line":203,"column":null}},"74":{"start":{"line":207,"column":2},"end":{"line":207,"column":null}}},"fnMap":{"0":{"name":"createSafeFallbackData","decl":{"start":{"line":10,"column":9},"end":{"line":10,"column":43}},"loc":{"start":{"line":10,"column":43},"end":{"line":26,"column":null}},"line":10},"1":{"name":"loadData","decl":{"start":{"line":30,"column":16},"end":{"line":30,"column":36}},"loc":{"start":{"line":30,"column":36},"end":{"line":156,"column":null}},"line":30},"2":{"name":"(anonymous_2)","decl":{"start":{"line":52,"column":26},"end":{"line":52,"column":27}},"loc":{"start":{"line":52,"column":79},"end":{"line":60,"column":null}},"line":52},"3":{"name":"(anonymous_3)","decl":{"start":{"line":55,"column":25},"end":{"line":55,"column":26}},"loc":{"start":{"line":55,"column":32},"end":{"line":55,"column":70}},"line":55},"4":{"name":"(anonymous_4)","decl":{"start":{"line":69,"column":52},"end":{"line":69,"column":53}},"loc":{"start":{"line":69,"column":60},"end":{"line":77,"column":5}},"line":69},"5":{"name":"(anonymous_5)","decl":{"start":{"line":80,"column":32},"end":{"line":80,"column":33}},"loc":{"start":{"line":81,"column":6},"end":{"line":85,"column":null}},"line":81},"6":{"name":"(anonymous_6)","decl":{"start":{"line":81,"column":22},"end":{"line":81,"column":23}},"loc":{"start":{"line":81,"column":30},"end":{"line":85,"column":8}},"line":81},"7":{"name":"(anonymous_7)","decl":{"start":{"line":87,"column":52},"end":{"line":87,"column":53}},"loc":{"start":{"line":87,"column":61},"end":{"line":129,"column":6}},"line":87},"8":{"name":"(anonymous_8)","decl":{"start":{"line":89,"column":32},"end":{"line":89,"column":33}},"loc":{"start":{"line":89,"column":42},"end":{"line":117,"column":8}},"line":89},"9":{"name":"(anonymous_9)","decl":{"start":{"line":91,"column":47},"end":{"line":91,"column":48}},"loc":{"start":{"line":91,"column":60},"end":{"line":116,"column":9}},"line":91},"10":{"name":"(anonymous_10)","decl":{"start":{"line":98,"column":46},"end":{"line":98,"column":47}},"loc":{"start":{"line":98,"column":57},"end":{"line":98,"column":78}},"line":98},"11":{"name":"(anonymous_11)","decl":{"start":{"line":103,"column":41},"end":{"line":103,"column":42}},"loc":{"start":{"line":103,"column":48},"end":{"line":103,"column":72}},"line":103},"12":{"name":"(anonymous_12)","decl":{"start":{"line":111,"column":44},"end":{"line":111,"column":45}},"loc":{"start":{"line":111,"column":55},"end":{"line":114,"column":14}},"line":111},"13":{"name":"(anonymous_13)","decl":{"start":{"line":120,"column":42},"end":{"line":120,"column":43}},"loc":{"start":{"line":120,"column":51},"end":{"line":128,"column":8}},"line":120},"14":{"name":"(anonymous_14)","decl":{"start":{"line":124,"column":30},"end":{"line":124,"column":31}},"loc":{"start":{"line":124,"column":39},"end":{"line":127,"column":10}},"line":124},"15":{"name":"(anonymous_15)","decl":{"start":{"line":138,"column":6},"end":{"line":138,"column":7}},"loc":{"start":{"line":138,"column":13},"end":{"line":138,"column":null}},"line":138},"16":{"name":"resetToSampleData","decl":{"start":{"line":158,"column":16},"end":{"line":158,"column":45}},"loc":{"start":{"line":158,"column":45},"end":{"line":162,"column":null}},"line":158},"17":{"name":"resetToLargeSampleData","decl":{"start":{"line":164,"column":16},"end":{"line":164,"column":50}},"loc":{"start":{"line":164,"column":50},"end":{"line":168,"column":null}},"line":164},"18":{"name":"saveData","decl":{"start":{"line":170,"column":16},"end":{"line":170,"column":25}},"loc":{"start":{"line":170,"column":46},"end":{"line":172,"column":null}},"line":170},"19":{"name":"loadUsers","decl":{"start":{"line":176,"column":16},"end":{"line":176,"column":39}},"loc":{"start":{"line":176,"column":39},"end":{"line":184,"column":null}},"line":176},"20":{"name":"saveUsers","decl":{"start":{"line":186,"column":16},"end":{"line":186,"column":26}},"loc":{"start":{"line":186,"column":50},"end":{"line":188,"column":null}},"line":186},"21":{"name":"loadSession","decl":{"start":{"line":192,"column":16},"end":{"line":192,"column":46}},"loc":{"start":{"line":192,"column":46},"end":{"line":200,"column":null}},"line":192},"22":{"name":"saveSession","decl":{"start":{"line":202,"column":16},"end":{"line":202,"column":28}},"loc":{"start":{"line":202,"column":52},"end":{"line":204,"column":null}},"line":202},"23":{"name":"clearSession","decl":{"start":{"line":206,"column":16},"end":{"line":206,"column":37}},"loc":{"start":{"line":206,"column":37},"end":{"line":208,"column":null}},"line":206}},"branchMap":{"0":{"loc":{"start":{"line":32,"column":2},"end":{"line":37,"column":null}},"type":"if","locations":[{"start":{"line":32,"column":2},"end":{"line":37,"column":null}},{"start":{},"end":{}}],"line":32},"1":{"loc":{"start":{"line":44,"column":4},"end":{"line":66,"column":null}},"type":"if","locations":[{"start":{"line":44,"column":4},"end":{"line":66,"column":null}},{"start":{"line":50,"column":11},"end":{"line":66,"column":null}}],"line":44},"2":{"loc":{"start":{"line":55,"column":10},"end":{"line":57,"column":null}},"type":"if","locations":[{"start":{"line":55,"column":10},"end":{"line":57,"column":null}},{"start":{},"end":{}}],"line":55},"3":{"loc":{"start":{"line":62,"column":34},"end":{"line":62,"column":72}},"type":"binary-expr","locations":[{"start":{"line":62,"column":34},"end":{"line":62,"column":68}},{"start":{"line":62,"column":68},"end":{"line":62,"column":72}}],"line":62},"4":{"loc":{"start":{"line":63,"column":34},"end":{"line":63,"column":72}},"type":"binary-expr","locations":[{"start":{"line":63,"column":34},"end":{"line":63,"column":68}},{"start":{"line":63,"column":68},"end":{"line":63,"column":72}}],"line":63},"5":{"loc":{"start":{"line":64,"column":27},"end":{"line":64,"column":58}},"type":"binary-expr","locations":[{"start":{"line":64,"column":27},"end":{"line":64,"column":54}},{"start":{"line":64,"column":54},"end":{"line":64,"column":58}}],"line":64},"6":{"loc":{"start":{"line":70,"column":6},"end":{"line":70,"column":null}},"type":"if","locations":[{"start":{"line":70,"column":6},"end":{"line":70,"column":null}},{"start":{},"end":{}}],"line":70},"7":{"loc":{"start":{"line":71,"column":27},"end":{"line":75,"column":null}},"type":"cond-expr","locations":[{"start":{"line":72,"column":10},"end":{"line":72,"column":null}},{"start":{"line":73,"column":10},"end":{"line":75,"column":null}}],"line":71},"8":{"loc":{"start":{"line":73,"column":10},"end":{"line":75,"column":null}},"type":"cond-expr","locations":[{"start":{"line":74,"column":12},"end":{"line":74,"column":null}},{"start":{"line":75,"column":12},"end":{"line":75,"column":null}}],"line":73},"9":{"loc":{"start":{"line":84,"column":25},"end":{"line":84,"column":null}},"type":"cond-expr","locations":[{"start":{"line":84,"column":53},"end":{"line":84,"column":87}},{"start":{"line":84,"column":87},"end":{"line":84,"column":null}}],"line":84},"10":{"loc":{"start":{"line":84,"column":53},"end":{"line":84,"column":87}},"type":"binary-expr","locations":[{"start":{"line":84,"column":53},"end":{"line":84,"column":74}},{"start":{"line":84,"column":74},"end":{"line":84,"column":87}}],"line":84},"11":{"loc":{"start":{"line":89,"column":13},"end":{"line":89,"column":28}},"type":"binary-expr","locations":[{"start":{"line":89,"column":13},"end":{"line":89,"column":24}},{"start":{"line":89,"column":24},"end":{"line":89,"column":28}}],"line":89},"12":{"loc":{"start":{"line":91,"column":21},"end":{"line":91,"column":43}},"type":"binary-expr","locations":[{"start":{"line":91,"column":21},"end":{"line":91,"column":39}},{"start":{"line":91,"column":39},"end":{"line":91,"column":43}}],"line":91},"13":{"loc":{"start":{"line":92,"column":10},"end":{"line":100,"column":null}},"type":"if","locations":[{"start":{"line":92,"column":10},"end":{"line":100,"column":null}},{"start":{},"end":{}}],"line":92},"14":{"loc":{"start":{"line":103,"column":13},"end":{"line":103,"column":37}},"type":"binary-expr","locations":[{"start":{"line":103,"column":13},"end":{"line":103,"column":33}},{"start":{"line":103,"column":33},"end":{"line":103,"column":37}}],"line":103},"15":{"loc":{"start":{"line":103,"column":57},"end":{"line":103,"column":71}},"type":"binary-expr","locations":[{"start":{"line":103,"column":57},"end":{"line":103,"column":69}},{"start":{"line":103,"column":69},"end":{"line":103,"column":71}}],"line":103},"16":{"loc":{"start":{"line":107,"column":16},"end":{"line":107,"column":null}},"type":"binary-expr","locations":[{"start":{"line":107,"column":16},"end":{"line":107,"column":25}},{"start":{"line":107,"column":25},"end":{"line":107,"column":null}}],"line":107},"17":{"loc":{"start":{"line":108,"column":19},"end":{"line":108,"column":null}},"type":"binary-expr","locations":[{"start":{"line":108,"column":19},"end":{"line":108,"column":31}},{"start":{"line":108,"column":31},"end":{"line":108,"column":null}}],"line":108},"18":{"loc":{"start":{"line":109,"column":22},"end":{"line":109,"column":null}},"type":"binary-expr","locations":[{"start":{"line":109,"column":22},"end":{"line":109,"column":37}},{"start":{"line":109,"column":37},"end":{"line":109,"column":null}}],"line":109},"19":{"loc":{"start":{"line":110,"column":19},"end":{"line":110,"column":null}},"type":"binary-expr","locations":[{"start":{"line":110,"column":19},"end":{"line":110,"column":31}},{"start":{"line":110,"column":31},"end":{"line":110,"column":null}}],"line":110},"20":{"loc":{"start":{"line":113,"column":22},"end":{"line":113,"column":null}},"type":"binary-expr","locations":[{"start":{"line":113,"column":22},"end":{"line":113,"column":49}},{"start":{"line":113,"column":49},"end":{"line":113,"column":null}}],"line":113},"21":{"loc":{"start":{"line":119,"column":21},"end":{"line":119,"column":null}},"type":"binary-expr","locations":[{"start":{"line":119,"column":21},"end":{"line":119,"column":41}},{"start":{"line":119,"column":41},"end":{"line":119,"column":null}}],"line":119},"22":{"loc":{"start":{"line":123,"column":23},"end":{"line":123,"column":null}},"type":"binary-expr","locations":[{"start":{"line":123,"column":23},"end":{"line":123,"column":43}},{"start":{"line":123,"column":43},"end":{"line":123,"column":null}}],"line":123},"23":{"loc":{"start":{"line":132,"column":4},"end":{"line":134,"column":null}},"type":"if","locations":[{"start":{"line":132,"column":4},"end":{"line":134,"column":null}},{"start":{},"end":{}}],"line":132},"24":{"loc":{"start":{"line":140,"column":4},"end":{"line":142,"column":null}},"type":"if","locations":[{"start":{"line":140,"column":4},"end":{"line":142,"column":null}},{"start":{},"end":{}}],"line":140},"25":{"loc":{"start":{"line":145,"column":4},"end":{"line":149,"column":null}},"type":"if","locations":[{"start":{"line":145,"column":4},"end":{"line":149,"column":null}},{"start":{"line":147,"column":4},"end":{"line":149,"column":null}}],"line":145},"26":{"loc":{"start":{"line":147,"column":4},"end":{"line":149,"column":null}},"type":"if","locations":[{"start":{"line":147,"column":4},"end":{"line":149,"column":null}},{"start":{},"end":{}}],"line":147},"27":{"loc":{"start":{"line":179,"column":4},"end":{"line":179,"column":null}},"type":"if","locations":[{"start":{"line":179,"column":4},"end":{"line":179,"column":null}},{"start":{},"end":{}}],"line":179},"28":{"loc":{"start":{"line":195,"column":4},"end":{"line":195,"column":null}},"type":"if","locations":[{"start":{"line":195,"column":4},"end":{"line":195,"column":null}},{"start":{},"end":{}}],"line":195}},"s":{"0":1,"1":1,"2":1,"3":1,"4":13,"5":13,"6":1,"7":1,"8":1,"9":12,"10":12,"11":12,"12":12,"13":12,"14":1,"15":10,"16":30,"17":30,"18":140,"19":440,"20":110,"21":30,"22":10,"23":11,"24":11,"25":8,"26":3,"27":11,"28":11,"29":33,"30":33,"31":11,"32":11,"33":1,"34":2,"35":1,"36":3,"37":1,"38":1,"39":2,"40":3,"41":11,"42":11,"43":11,"44":0,"45":11,"46":1,"47":11,"48":10,"49":11,"50":1,"51":10,"52":1,"53":11,"54":1,"55":1,"56":1,"57":1,"58":1,"59":1,"60":1,"61":4,"62":2,"63":2,"64":2,"65":2,"66":1,"67":1,"68":3,"69":3,"70":3,"71":2,"72":2,"73":1,"74":1},"f":{"0":1,"1":13,"2":30,"3":440,"4":11,"5":33,"6":33,"7":11,"8":1,"9":2,"10":3,"11":1,"12":3,"13":11,"14":11,"15":1,"16":1,"17":1,"18":4,"19":2,"20":1,"21":3,"22":1,"23":1},"b":{"0":[1,12],"1":[1,10],"2":[110,30],"3":[10,0],"4":[10,0],"5":[10,0],"6":[8,3],"7":[1,2],"8":[1,1],"9":[2,31],"10":[2,1],"11":[11,10],"12":[1,0],"13":[1,1],"14":[1,0],"15":[1,0],"16":[2,1],"17":[2,0],"18":[2,1],"19":[2,1],"20":[3,2],"21":[11,11],"22":[11,11],"23":[0,11],"24":[10,1],"25":[1,10],"26":[1,9],"27":[2,0],"28":[2,1]},"meta":{"lastBranch":29,"lastFunction":24,"lastStatement":75,"seen":{"s:6:17:6:Infinity":0,"s:7:18:7:Infinity":1,"s:8:20:8:Infinity":2,"f:10:9:10:43":0,"s:11:2:25:Infinity":3,"f:30:16:30:36":1,"s:31:14:31:Infinity":4,"b:32:2:37:Infinity:undefined:undefined:undefined:undefined":0,"s:32:2:37:Infinity":5,"s:34:10:34:Infinity":6,"s:35:4:35:Infinity":7,"s:36:4:36:Infinity":8,"s:39:2:155:Infinity":9,"s:40:19:40:Infinity":10,"s:41:10:41:Infinity":11,"s:42:25:42:Infinity":12,"b:44:4:66:Infinity:50:11:66:Infinity":1,"s:44:4:66:Infinity":13,"s:45:6:49:Infinity":14,"s:52:26:60:Infinity":15,"f:52:26:52:27":2,"s:53:21:53:Infinity":16,"s:54:8:58:Infinity":17,"b:55:10:57:Infinity:undefined:undefined:undefined:undefined":2,"s:55:10:57:Infinity":18,"f:55:25:55:26":3,"s:55:32:55:70":19,"s:56:12:56:Infinity":20,"s:59:8:59:Infinity":21,"s:61:6:65:Infinity":22,"b:62:34:62:68:62:68:62:72":3,"b:63:34:63:68:63:68:63:72":4,"b:64:27:64:54:64:54:64:58":5,"s:69:4:77:Infinity":23,"f:69:52:69:53":4,"b:70:6:70:Infinity:undefined:undefined:undefined:undefined":6,"s:70:6:70:Infinity":24,"s:70:19:70:Infinity":25,"s:71:27:75:Infinity":26,"b:72:10:72:Infinity:73:10:75:Infinity":7,"b:74:12:74:Infinity:75:12:75:Infinity":8,"s:76:6:76:Infinity":27,"s:80:32:85:Infinity":28,"f:80:32:80:33":5,"s:81:6:85:Infinity":29,"f:81:22:81:23":6,"s:81:30:85:8":30,"b:84:53:84:87:84:87:84:Infinity":9,"b:84:53:84:74:84:74:84:87":10,"s:87:4:129:Infinity":31,"f:87:52:87:53":7,"s:87:61:129:6":32,"b:89:13:89:24:89:24:89:28":11,"f:89:32:89:33":8,"s:89:42:117:8":33,"b:91:21:91:39:91:39:91:43":12,"f:91:47:91:48":9,"b:92:10:100:Infinity:undefined:undefined:undefined:undefined":13,"s:92:10:100:Infinity":34,"s:93:12:99:Infinity":35,"f:98:46:98:47":10,"s:98:57:98:78":36,"s:102:32:104:Infinity":37,"b:103:13:103:33:103:33:103:37":14,"f:103:41:103:42":11,"s:103:48:103:72":38,"b:103:57:103:69:103:69:103:71":15,"s:106:10:115:Infinity":39,"b:107:16:107:25:107:25:107:Infinity":16,"b:108:19:108:31:108:31:108:Infinity":17,"b:109:22:109:37:109:37:109:Infinity":18,"b:110:19:110:31:110:31:110:Infinity":19,"f:111:44:111:45":12,"s:111:55:114:14":40,"b:113:22:113:49:113:49:113:Infinity":20,"b:119:21:119:41:119:41:119:Infinity":21,"f:120:42:120:43":13,"s:120:51:128:8":41,"b:123:23:123:43:123:43:123:Infinity":22,"f:124:30:124:31":14,"s:124:39:127:10":42,"b:132:4:134:Infinity:undefined:undefined:undefined:undefined":23,"s:132:4:134:Infinity":43,"s:133:6:133:Infinity":44,"s:137:31:139:Infinity":45,"f:138:6:138:7":15,"s:138:13:138:Infinity":46,"b:140:4:142:Infinity:undefined:undefined:undefined:undefined":24,"s:140:4:142:Infinity":47,"s:141:6:141:Infinity":48,"b:145:4:149:Infinity:147:4:149:Infinity":25,"s:145:4:149:Infinity":49,"s:146:6:146:Infinity":50,"b:147:4:149:Infinity:undefined:undefined:undefined:undefined":26,"s:147:4:149:Infinity":51,"s:148:6:148:Infinity":52,"s:151:4:151:Infinity":53,"s:154:4:154:Infinity":54,"f:158:16:158:45":16,"s:159:8:159:Infinity":55,"s:160:2:160:Infinity":56,"s:161:2:161:Infinity":57,"f:164:16:164:50":17,"s:165:8:165:Infinity":58,"s:166:2:166:Infinity":59,"s:167:2:167:Infinity":60,"f:170:16:170:25":18,"s:171:2:171:Infinity":61,"f:176:16:176:39":19,"s:177:2:182:Infinity":62,"s:178:16:178:Infinity":63,"b:179:4:179:Infinity:undefined:undefined:undefined:undefined":27,"s:179:4:179:Infinity":64,"s:179:13:179:Infinity":65,"s:183:2:183:Infinity":66,"f:186:16:186:26":20,"s:187:2:187:Infinity":67,"f:192:16:192:46":21,"s:193:2:198:Infinity":68,"s:194:16:194:Infinity":69,"b:195:4:195:Infinity:undefined:undefined:undefined:undefined":28,"s:195:4:195:Infinity":70,"s:195:13:195:Infinity":71,"s:199:2:199:Infinity":72,"f:202:16:202:28":22,"s:203:2:203:Infinity":73,"f:206:16:206:37":23,"s:207:2:207:Infinity":74}}}
}
