{"D:\\OneDrive\\Documents\\development\\Org Manager\\src\\types\\index.ts": {"path":"D:\\OneDrive\\Documents\\development\\Org Manager\\src\\types\\index.ts","statementMap":{"0":{"start":{"line":5,"column":43},"end":{"line":9,"column":null}},"1":{"start":{"line":11,"column":43},"end":{"line":14,"column":null}},"2":{"start":{"line":16,"column":35},"end":{"line":26,"column":null}},"3":{"start":{"line":30,"column":55},"end":{"line":34,"column":null}}},"fnMap":{},"branchMap":{},"s":{"0":2,"1":2,"2":2,"3":2},"f":{},"b":{},"meta":{"lastBranch":0,"lastFunction":0,"lastStatement":4,"seen":{"s:5:43:9:Infinity":0,"s:11:43:14:Infinity":1,"s:16:35:26:Infinity":2,"s:30:55:34:Infinity":3}}}
,"D:\\OneDrive\\Documents\\development\\Org Manager\\src\\utils\\cost.ts": {"path":"D:\\OneDrive\\Documents\\development\\Org Manager\\src\\utils\\cost.ts","statementMap":{"0":{"start":{"line":3,"column":38},"end":{"line":3,"column":null}},"1":{"start":{"line":4,"column":37},"end":{"line":4,"column":null}},"2":{"start":{"line":8,"column":2},"end":{"line":8,"column":null}},"3":{"start":{"line":8,"column":24},"end":{"line":8,"column":null}},"4":{"start":{"line":9,"column":16},"end":{"line":9,"column":null}},"5":{"start":{"line":10,"column":2},"end":{"line":10,"column":null}},"6":{"start":{"line":18,"column":2},"end":{"line":18,"column":null}},"7":{"start":{"line":18,"column":40},"end":{"line":18,"column":93}},"8":{"start":{"line":23,"column":2},"end":{"line":23,"column":null}},"9":{"start":{"line":28,"column":17},"end":{"line":28,"column":null}},"10":{"start":{"line":29,"column":21},"end":{"line":29,"column":null}},"11":{"start":{"line":29,"column":51},"end":{"line":29,"column":88}},"12":{"start":{"line":30,"column":2},"end":{"line":30,"column":null}},"13":{"start":{"line":35,"column":17},"end":{"line":35,"column":null}},"14":{"start":{"line":36,"column":18},"end":{"line":36,"column":null}},"15":{"start":{"line":36,"column":55},"end":{"line":36,"column":89}},"16":{"start":{"line":37,"column":2},"end":{"line":37,"column":null}},"17":{"start":{"line":42,"column":2},"end":{"line":42,"column":null}},"18":{"start":{"line":47,"column":2},"end":{"line":47,"column":null}},"19":{"start":{"line":52,"column":17},"end":{"line":52,"column":null}},"20":{"start":{"line":52,"column":41},"end":{"line":52,"column":58}},"21":{"start":{"line":53,"column":2},"end":{"line":65,"column":null}},"22":{"start":{"line":54,"column":23},"end":{"line":62,"column":null}},"23":{"start":{"line":55,"column":25},"end":{"line":60,"column":null}},"24":{"start":{"line":56,"column":28},"end":{"line":58,"column":null}},"25":{"start":{"line":57,"column":25},"end":{"line":57,"column":48}},"26":{"start":{"line":58,"column":28},"end":{"line":58,"column":72}},"27":{"start":{"line":59,"column":8},"end":{"line":59,"column":null}},"28":{"start":{"line":61,"column":6},"end":{"line":61,"column":null}},"29":{"start":{"line":64,"column":4},"end":{"line":64,"column":null}},"30":{"start":{"line":77,"column":17},"end":{"line":77,"column":null}},"31":{"start":{"line":77,"column":41},"end":{"line":77,"column":58}},"32":{"start":{"line":78,"column":37},"end":{"line":78,"column":null}},"33":{"start":{"line":79,"column":2},"end":{"line":94,"column":null}},"34":{"start":{"line":80,"column":4},"end":{"line":93,"column":null}},"35":{"start":{"line":81,"column":6},"end":{"line":92,"column":null}},"36":{"start":{"line":82,"column":8},"end":{"line":91,"column":null}},"37":{"start":{"line":83,"column":10},"end":{"line":90,"column":null}},"38":{"start":{"line":84,"column":12},"end":{"line":89,"column":null}},"39":{"start":{"line":95,"column":2},"end":{"line":95,"column":null}}},"fnMap":{"0":{"name":"assignmentDailyCost","decl":{"start":{"line":7,"column":16},"end":{"line":7,"column":36}},"loc":{"start":{"line":7,"column":96},"end":{"line":11,"column":null}},"line":7},"1":{"name":"assignmentsDailyCost","decl":{"start":{"line":14,"column":16},"end":{"line":14,"column":null}},"loc":{"start":{"line":17,"column":10},"end":{"line":19,"column":null}},"line":17},"2":{"name":"(anonymous_2)","decl":{"start":{"line":18,"column":28},"end":{"line":18,"column":29}},"loc":{"start":{"line":18,"column":40},"end":{"line":18,"column":93}},"line":18},"3":{"name":"squadDailyCost","decl":{"start":{"line":22,"column":16},"end":{"line":22,"column":31}},"loc":{"start":{"line":22,"column":100},"end":{"line":24,"column":null}},"line":22},"4":{"name":"rtDailyCost","decl":{"start":{"line":27,"column":16},"end":{"line":27,"column":28}},"loc":{"start":{"line":27,"column":101},"end":{"line":31,"column":null}},"line":27},"5":{"name":"(anonymous_5)","decl":{"start":{"line":29,"column":38},"end":{"line":29,"column":39}},"loc":{"start":{"line":29,"column":51},"end":{"line":29,"column":88}},"line":29},"6":{"name":"duDailyCost","decl":{"start":{"line":34,"column":16},"end":{"line":34,"column":28}},"loc":{"start":{"line":34,"column":101},"end":{"line":38,"column":null}},"line":34},"7":{"name":"(anonymous_7)","decl":{"start":{"line":36,"column":42},"end":{"line":36,"column":43}},"loc":{"start":{"line":36,"column":55},"end":{"line":36,"column":89}},"line":36},"8":{"name":"formatCost","decl":{"start":{"line":41,"column":16},"end":{"line":41,"column":27}},"loc":{"start":{"line":41,"column":51},"end":{"line":43,"column":null}},"line":41},"9":{"name":"assignmentAllocationPercent","decl":{"start":{"line":46,"column":16},"end":{"line":46,"column":44}},"loc":{"start":{"line":46,"column":105},"end":{"line":48,"column":null}},"line":46},"10":{"name":"personTotalAllocationPercent","decl":{"start":{"line":51,"column":16},"end":{"line":51,"column":45}},"loc":{"start":{"line":51,"column":86},"end":{"line":66,"column":null}},"line":51},"11":{"name":"(anonymous_11)","decl":{"start":{"line":52,"column":34},"end":{"line":52,"column":35}},"loc":{"start":{"line":52,"column":41},"end":{"line":52,"column":58}},"line":52},"12":{"name":"(anonymous_12)","decl":{"start":{"line":53,"column":35},"end":{"line":53,"column":36}},"loc":{"start":{"line":53,"column":48},"end":{"line":65,"column":5}},"line":53},"13":{"name":"(anonymous_13)","decl":{"start":{"line":54,"column":47},"end":{"line":54,"column":48}},"loc":{"start":{"line":54,"column":62},"end":{"line":62,"column":7}},"line":54},"14":{"name":"(anonymous_14)","decl":{"start":{"line":55,"column":42},"end":{"line":55,"column":43}},"loc":{"start":{"line":55,"column":57},"end":{"line":60,"column":9}},"line":55},"15":{"name":"(anonymous_15)","decl":{"start":{"line":57,"column":18},"end":{"line":57,"column":19}},"loc":{"start":{"line":57,"column":25},"end":{"line":57,"column":48}},"line":57},"16":{"name":"(anonymous_16)","decl":{"start":{"line":58,"column":18},"end":{"line":58,"column":19}},"loc":{"start":{"line":58,"column":28},"end":{"line":58,"column":72}},"line":58},"17":{"name":"personAllocationBreakdown","decl":{"start":{"line":76,"column":16},"end":{"line":76,"column":42}},"loc":{"start":{"line":76,"column":94},"end":{"line":96,"column":null}},"line":76},"18":{"name":"(anonymous_18)","decl":{"start":{"line":77,"column":34},"end":{"line":77,"column":35}},"loc":{"start":{"line":77,"column":41},"end":{"line":77,"column":58}},"line":77}},"branchMap":{"0":{"loc":{"start":{"line":8,"column":2},"end":{"line":8,"column":null}},"type":"if","locations":[{"start":{"line":8,"column":2},"end":{"line":8,"column":null}},{"start":{},"end":{}}],"line":8},"1":{"loc":{"start":{"line":9,"column":16},"end":{"line":9,"column":null}},"type":"binary-expr","locations":[{"start":{"line":9,"column":16},"end":{"line":9,"column":51}},{"start":{"line":9,"column":51},"end":{"line":9,"column":null}}],"line":9},"2":{"loc":{"start":{"line":47,"column":9},"end":{"line":47,"column":null}},"type":"binary-expr","locations":[{"start":{"line":47,"column":9},"end":{"line":47,"column":44}},{"start":{"line":47,"column":44},"end":{"line":47,"column":null}}],"line":47},"3":{"loc":{"start":{"line":83,"column":10},"end":{"line":90,"column":null}},"type":"if","locations":[{"start":{"line":83,"column":10},"end":{"line":90,"column":null}},{"start":{},"end":{}}],"line":83}},"s":{"0":2,"1":2,"2":102,"3":1,"4":101,"5":102,"6":172,"7":98,"8":1,"9":1,"10":1,"11":1,"12":1,"13":1,"14":1,"15":1,"16":1,"17":1,"18":3,"19":2,"20":3,"21":2,"22":2,"23":2,"24":2,"25":4,"26":2,"27":2,"28":2,"29":2,"30":1,"31":1,"32":1,"33":1,"34":1,"35":1,"36":1,"37":2,"38":1,"39":1},"f":{"0":102,"1":172,"2":98,"3":1,"4":1,"5":1,"6":1,"7":1,"8":1,"9":3,"10":2,"11":3,"12":2,"13":2,"14":2,"15":4,"16":2,"17":1,"18":1},"b":{"0":[1,101],"1":[101,3],"2":[3,0],"3":[1,1]},"meta":{"lastBranch":4,"lastFunction":19,"lastStatement":40,"seen":{"s:3:38:3:Infinity":0,"s:4:37:4:Infinity":1,"f:7:16:7:36":0,"b:8:2:8:Infinity:undefined:undefined:undefined:undefined":0,"s:8:2:8:Infinity":2,"s:8:24:8:Infinity":3,"s:9:16:9:Infinity":4,"b:9:16:9:51:9:51:9:Infinity":1,"s:10:2:10:Infinity":5,"f:14:16:14:Infinity":1,"s:18:2:18:Infinity":6,"f:18:28:18:29":2,"s:18:40:18:93":7,"f:22:16:22:31":3,"s:23:2:23:Infinity":8,"f:27:16:27:28":4,"s:28:17:28:Infinity":9,"s:29:21:29:Infinity":10,"f:29:38:29:39":5,"s:29:51:29:88":11,"s:30:2:30:Infinity":12,"f:34:16:34:28":6,"s:35:17:35:Infinity":13,"s:36:18:36:Infinity":14,"f:36:42:36:43":7,"s:36:55:36:89":15,"s:37:2:37:Infinity":16,"f:41:16:41:27":8,"s:42:2:42:Infinity":17,"f:46:16:46:44":9,"s:47:2:47:Infinity":18,"b:47:9:47:44:47:44:47:Infinity":2,"f:51:16:51:45":10,"s:52:17:52:Infinity":19,"f:52:34:52:35":11,"s:52:41:52:58":20,"s:53:2:65:Infinity":21,"f:53:35:53:36":12,"s:54:23:62:Infinity":22,"f:54:47:54:48":13,"s:55:25:60:Infinity":23,"f:55:42:55:43":14,"s:56:28:58:Infinity":24,"f:57:18:57:19":15,"s:57:25:57:48":25,"f:58:18:58:19":16,"s:58:28:58:72":26,"s:59:8:59:Infinity":27,"s:61:6:61:Infinity":28,"s:64:4:64:Infinity":29,"f:76:16:76:42":17,"s:77:17:77:Infinity":30,"f:77:34:77:35":18,"s:77:41:77:58":31,"s:78:37:78:Infinity":32,"s:79:2:94:Infinity":33,"s:80:4:93:Infinity":34,"s:81:6:92:Infinity":35,"s:82:8:91:Infinity":36,"b:83:10:90:Infinity:undefined:undefined:undefined:undefined":3,"s:83:10:90:Infinity":37,"s:84:12:89:Infinity":38,"s:95:2:95:Infinity":39}}}
,"D:\\OneDrive\\Documents\\development\\Org Manager\\src\\utils\\defaults.ts": {"path":"D:\\OneDrive\\Documents\\development\\Org Manager\\src\\utils\\defaults.ts","statementMap":{"0":{"start":{"line":3,"column":41},"end":{"line":3,"column":null}},"1":{"start":{"line":4,"column":43},"end":{"line":4,"column":null}},"2":{"start":{"line":6,"column":65},"end":{"line":12,"column":null}},"3":{"start":{"line":14,"column":38},"end":{"line":18,"column":null}},"4":{"start":{"line":21,"column":2},"end":{"line":24,"column":null}},"5":{"start":{"line":23,"column":52},"end":{"line":23,"column":61}}},"fnMap":{"0":{"name":"cloneDefaultSquadTemplate","decl":{"start":{"line":20,"column":16},"end":{"line":20,"column":44}},"loc":{"start":{"line":20,"column":44},"end":{"line":25,"column":null}},"line":20},"1":{"name":"(anonymous_1)","decl":{"start":{"line":23,"column":44},"end":{"line":23,"column":45}},"loc":{"start":{"line":23,"column":52},"end":{"line":23,"column":61}},"line":23}},"branchMap":{},"s":{"0":2,"1":2,"2":2,"3":2,"4":18,"5":90},"f":{"0":18,"1":90},"b":{},"meta":{"lastBranch":0,"lastFunction":2,"lastStatement":6,"seen":{"s:3:41:3:Infinity":0,"s:4:43:4:Infinity":1,"s:6:65:12:Infinity":2,"s:14:38:18:Infinity":3,"f:20:16:20:44":0,"s:21:2:24:Infinity":4,"f:23:44:23:45":1,"s:23:52:23:61":5}}}
,"D:\\OneDrive\\Documents\\development\\Org Manager\\src\\utils\\financials.ts": {"path":"D:\\OneDrive\\Documents\\development\\Org Manager\\src\\utils\\financials.ts","statementMap":{"0":{"start":{"line":88,"column":2},"end":{"line":88,"column":null}},"1":{"start":{"line":88,"column":58},"end":{"line":88,"column":71}},"2":{"start":{"line":95,"column":2},"end":{"line":95,"column":null}},"3":{"start":{"line":95,"column":12},"end":{"line":95,"column":null}},"4":{"start":{"line":96,"column":41},"end":{"line":96,"column":null}},"5":{"start":{"line":97,"column":2},"end":{"line":101,"column":null}},"6":{"start":{"line":98,"column":4},"end":{"line":98,"column":null}},"7":{"start":{"line":98,"column":44},"end":{"line":98,"column":null}},"8":{"start":{"line":99,"column":4},"end":{"line":99,"column":null}},"9":{"start":{"line":99,"column":46},"end":{"line":99,"column":null}},"10":{"start":{"line":100,"column":4},"end":{"line":100,"column":null}},"11":{"start":{"line":102,"column":2},"end":{"line":102,"column":null}},"12":{"start":{"line":106,"column":2},"end":{"line":106,"column":null}},"13":{"start":{"line":110,"column":2},"end":{"line":111,"column":null}},"14":{"start":{"line":122,"column":20},"end":{"line":125,"column":null}},"15":{"start":{"line":123,"column":19},"end":{"line":123,"column":null}},"16":{"start":{"line":126,"column":2},"end":{"line":126,"column":null}},"17":{"start":{"line":126,"column":22},"end":{"line":126,"column":null}},"18":{"start":{"line":127,"column":40},"end":{"line":127,"column":null}},"19":{"start":{"line":128,"column":2},"end":{"line":134,"column":null}},"20":{"start":{"line":129,"column":21},"end":{"line":132,"column":null}},"21":{"start":{"line":130,"column":22},"end":{"line":130,"column":null}},"22":{"start":{"line":131,"column":6},"end":{"line":131,"column":null}},"23":{"start":{"line":133,"column":4},"end":{"line":133,"column":null}},"24":{"start":{"line":135,"column":2},"end":{"line":135,"column":null}},"25":{"start":{"line":143,"column":2},"end":{"line":149,"column":null}},"26":{"start":{"line":144,"column":28},"end":{"line":144,"column":60}},"27":{"start":{"line":147,"column":8},"end":{"line":147,"column":null}},"28":{"start":{"line":157,"column":2},"end":{"line":157,"column":null}},"29":{"start":{"line":157,"column":48},"end":{"line":157,"column":null}},"30":{"start":{"line":158,"column":20},"end":{"line":159,"column":null}},"31":{"start":{"line":159,"column":4},"end":{"line":159,"column":null}},"32":{"start":{"line":159,"column":28},"end":{"line":159,"column":45}},"33":{"start":{"line":160,"column":2},"end":{"line":170,"column":null}},"34":{"start":{"line":161,"column":4},"end":{"line":163,"column":null}},"35":{"start":{"line":162,"column":6},"end":{"line":162,"column":null}},"36":{"start":{"line":164,"column":24},"end":{"line":168,"column":null}},"37":{"start":{"line":169,"column":4},"end":{"line":169,"column":null}},"38":{"start":{"line":178,"column":29},"end":{"line":178,"column":null}},"39":{"start":{"line":179,"column":25},"end":{"line":179,"column":null}},"40":{"start":{"line":179,"column":63},"end":{"line":179,"column":67}},"41":{"start":{"line":180,"column":22},"end":{"line":180,"column":null}},"42":{"start":{"line":181,"column":20},"end":{"line":181,"column":null}},"43":{"start":{"line":181,"column":53},"end":{"line":181,"column":62}},"44":{"start":{"line":182,"column":20},"end":{"line":183,"column":null}},"45":{"start":{"line":183,"column":4},"end":{"line":183,"column":null}},"46":{"start":{"line":183,"column":28},"end":{"line":183,"column":45}},"47":{"start":{"line":185,"column":26},"end":{"line":197,"column":null}},"48":{"start":{"line":186,"column":16},"end":{"line":186,"column":null}},"49":{"start":{"line":187,"column":23},"end":{"line":187,"column":null}},"50":{"start":{"line":188,"column":30},"end":{"line":192,"column":null}},"51":{"start":{"line":193,"column":28},"end":{"line":193,"column":null}},"52":{"start":{"line":194,"column":10},"end":{"line":195,"column":null}},"53":{"start":{"line":196,"column":4},"end":{"line":196,"column":null}},"54":{"start":{"line":199,"column":28},"end":{"line":219,"column":null}},"55":{"start":{"line":200,"column":16},"end":{"line":200,"column":null}},"56":{"start":{"line":201,"column":23},"end":{"line":201,"column":null}},"57":{"start":{"line":202,"column":10},"end":{"line":202,"column":null}},"58":{"start":{"line":203,"column":10},"end":{"line":210,"column":null}},"59":{"start":{"line":205,"column":8},"end":{"line":205,"column":null}},"60":{"start":{"line":205,"column":26},"end":{"line":205,"column":null}},"61":{"start":{"line":206,"column":27},"end":{"line":206,"column":null}},"62":{"start":{"line":207,"column":8},"end":{"line":207,"column":null}},"63":{"start":{"line":211,"column":30},"end":{"line":215,"column":null}},"64":{"start":{"line":216,"column":28},"end":{"line":216,"column":null}},"65":{"start":{"line":217,"column":22},"end":{"line":217,"column":null}},"66":{"start":{"line":218,"column":4},"end":{"line":218,"column":null}},"67":{"start":{"line":221,"column":56},"end":{"line":231,"column":null}},"68":{"start":{"line":223,"column":27},"end":{"line":223,"column":null}},"69":{"start":{"line":224,"column":6},"end":{"line":229,"column":null}},"70":{"start":{"line":233,"column":58},"end":{"line":243,"column":null}},"71":{"start":{"line":235,"column":27},"end":{"line":235,"column":null}},"72":{"start":{"line":236,"column":6},"end":{"line":241,"column":null}},"73":{"start":{"line":245,"column":57},"end":{"line":245,"column":null}},"74":{"start":{"line":246,"column":59},"end":{"line":246,"column":null}},"75":{"start":{"line":247,"column":2},"end":{"line":250,"column":null}},"76":{"start":{"line":248,"column":4},"end":{"line":248,"column":null}},"77":{"start":{"line":249,"column":4},"end":{"line":249,"column":null}},"78":{"start":{"line":252,"column":2},"end":{"line":256,"column":null}},"79":{"start":{"line":253,"column":4},"end":{"line":255,"column":null}},"80":{"start":{"line":254,"column":6},"end":{"line":254,"column":null}},"81":{"start":{"line":258,"column":2},"end":{"line":263,"column":null}},"82":{"start":{"line":259,"column":4},"end":{"line":262,"column":null}},"83":{"start":{"line":260,"column":6},"end":{"line":261,"column":null}},"84":{"start":{"line":265,"column":20},"end":{"line":271,"column":null}},"85":{"start":{"line":266,"column":34},"end":{"line":269,"column":6}},"86":{"start":{"line":270,"column":34},"end":{"line":270,"column":38}},"87":{"start":{"line":273,"column":22},"end":{"line":279,"column":null}},"88":{"start":{"line":274,"column":36},"end":{"line":277,"column":6}},"89":{"start":{"line":278,"column":34},"end":{"line":278,"column":38}},"90":{"start":{"line":281,"column":8},"end":{"line":286,"column":null}},"91":{"start":{"line":284,"column":19},"end":{"line":284,"column":null}},"92":{"start":{"line":289,"column":4},"end":{"line":304,"column":null}},"93":{"start":{"line":291,"column":6},"end":{"line":291,"column":null}},"94":{"start":{"line":291,"column":24},"end":{"line":291,"column":null}},"95":{"start":{"line":292,"column":25},"end":{"line":292,"column":null}},"96":{"start":{"line":293,"column":6},"end":{"line":293,"column":null}},"97":{"start":{"line":297,"column":8},"end":{"line":302,"column":null}},"98":{"start":{"line":299,"column":10},"end":{"line":299,"column":null}},"99":{"start":{"line":299,"column":28},"end":{"line":299,"column":null}},"100":{"start":{"line":300,"column":29},"end":{"line":300,"column":null}},"101":{"start":{"line":301,"column":10},"end":{"line":301,"column":null}},"102":{"start":{"line":306,"column":2},"end":{"line":313,"column":null}},"103":{"start":{"line":307,"column":26},"end":{"line":307,"column":null}},"104":{"start":{"line":308,"column":28},"end":{"line":308,"column":null}},"105":{"start":{"line":309,"column":4},"end":{"line":310,"column":null}},"106":{"start":{"line":311,"column":4},"end":{"line":312,"column":null}},"107":{"start":{"line":315,"column":24},"end":{"line":336,"column":null}},"108":{"start":{"line":316,"column":24},"end":{"line":316,"column":null}},"109":{"start":{"line":317,"column":26},"end":{"line":317,"column":null}},"110":{"start":{"line":318,"column":26},"end":{"line":318,"column":null}},"111":{"start":{"line":319,"column":28},"end":{"line":319,"column":null}},"112":{"start":{"line":320,"column":4},"end":{"line":335,"column":null}},"113":{"start":{"line":338,"column":17},"end":{"line":354,"column":null}},"114":{"start":{"line":340,"column":41},"end":{"line":340,"column":66}},"115":{"start":{"line":343,"column":41},"end":{"line":343,"column":64}},"116":{"start":{"line":346,"column":41},"end":{"line":346,"column":66}},"117":{"start":{"line":349,"column":41},"end":{"line":349,"column":66}},"118":{"start":{"line":352,"column":41},"end":{"line":352,"column":68}},"119":{"start":{"line":356,"column":2},"end":{"line":361,"column":null}},"120":{"start":{"line":365,"column":15},"end":{"line":365,"column":null}},"121":{"start":{"line":366,"column":16},"end":{"line":366,"column":null}},"122":{"start":{"line":367,"column":2},"end":{"line":367,"column":null}},"123":{"start":{"line":376,"column":21},"end":{"line":376,"column":null}},"124":{"start":{"line":377,"column":22},"end":{"line":377,"column":null}},"125":{"start":{"line":378,"column":22},"end":{"line":378,"column":null}},"126":{"start":{"line":379,"column":17},"end":{"line":392,"column":null}},"127":{"start":{"line":393,"column":2},"end":{"line":400,"column":null}},"128":{"start":{"line":394,"column":17},"end":{"line":394,"column":null}},"129":{"start":{"line":395,"column":24},"end":{"line":395,"column":null}},"130":{"start":{"line":396,"column":4},"end":{"line":399,"column":null}},"131":{"start":{"line":406,"column":2},"end":{"line":406,"column":null}},"132":{"start":{"line":406,"column":33},"end":{"line":406,"column":null}},"133":{"start":{"line":407,"column":16},"end":{"line":407,"column":null}},"134":{"start":{"line":408,"column":47},"end":{"line":408,"column":null}},"135":{"start":{"line":409,"column":16},"end":{"line":409,"column":null}},"136":{"start":{"line":410,"column":2},"end":{"line":417,"column":null}},"137":{"start":{"line":412,"column":6},"end":{"line":414,"column":null}},"138":{"start":{"line":415,"column":4},"end":{"line":415,"column":null}},"139":{"start":{"line":416,"column":4},"end":{"line":416,"column":null}},"140":{"start":{"line":418,"column":2},"end":{"line":418,"column":null}},"141":{"start":{"line":422,"column":30},"end":{"line":422,"column":null}},"142":{"start":{"line":423,"column":15},"end":{"line":423,"column":null}},"143":{"start":{"line":424,"column":16},"end":{"line":424,"column":null}},"144":{"start":{"line":425,"column":2},"end":{"line":432,"column":null}},"145":{"start":{"line":431,"column":4},"end":{"line":431,"column":null}},"146":{"start":{"line":433,"column":15},"end":{"line":433,"column":null}},"147":{"start":{"line":434,"column":2},"end":{"line":434,"column":null}},"148":{"start":{"line":438,"column":30},"end":{"line":438,"column":null}},"149":{"start":{"line":439,"column":15},"end":{"line":439,"column":null}},"150":{"start":{"line":440,"column":16},"end":{"line":440,"column":null}},"151":{"start":{"line":441,"column":2},"end":{"line":448,"column":null}},"152":{"start":{"line":447,"column":4},"end":{"line":447,"column":null}},"153":{"start":{"line":449,"column":15},"end":{"line":449,"column":null}},"154":{"start":{"line":450,"column":2},"end":{"line":450,"column":null}},"155":{"start":{"line":458,"column":19},"end":{"line":458,"column":null}},"156":{"start":{"line":459,"column":26},"end":{"line":459,"column":null}},"157":{"start":{"line":460,"column":28},"end":{"line":463,"column":null}},"158":{"start":{"line":462,"column":34},"end":{"line":462,"column":63}},"159":{"start":{"line":464,"column":25},"end":{"line":467,"column":null}},"160":{"start":{"line":464,"column":50},"end":{"line":467,"column":4}},"161":{"start":{"line":471,"column":14},"end":{"line":471,"column":null}},"162":{"start":{"line":472,"column":4},"end":{"line":472,"column":null}},"163":{"start":{"line":472,"column":15},"end":{"line":472,"column":null}},"164":{"start":{"line":474,"column":18},"end":{"line":474,"column":null}},"165":{"start":{"line":475,"column":17},"end":{"line":475,"column":null}},"166":{"start":{"line":475,"column":48},"end":{"line":475,"column":55}},"167":{"start":{"line":476,"column":18},"end":{"line":476,"column":null}},"168":{"start":{"line":476,"column":54},"end":{"line":476,"column":67}},"169":{"start":{"line":477,"column":10},"end":{"line":477,"column":null}},"170":{"start":{"line":478,"column":18},"end":{"line":478,"column":null}},"171":{"start":{"line":479,"column":4},"end":{"line":479,"column":null}},"172":{"start":{"line":479,"column":32},"end":{"line":479,"column":null}},"173":{"start":{"line":480,"column":10},"end":{"line":480,"column":null}},"174":{"start":{"line":481,"column":4},"end":{"line":481,"column":null}},"175":{"start":{"line":484,"column":8},"end":{"line":547,"column":null}},"176":{"start":{"line":485,"column":28},"end":{"line":485,"column":null}},"177":{"start":{"line":486,"column":30},"end":{"line":486,"column":null}},"178":{"start":{"line":487,"column":40},"end":{"line":487,"column":null}},"179":{"start":{"line":489,"column":36},"end":{"line":503,"column":null}},"180":{"start":{"line":490,"column":18},"end":{"line":492,"column":null}},"181":{"start":{"line":491,"column":18},"end":{"line":491,"column":null}},"182":{"start":{"line":493,"column":28},"end":{"line":493,"column":null}},"183":{"start":{"line":494,"column":30},"end":{"line":494,"column":null}},"184":{"start":{"line":496,"column":8},"end":{"line":496,"column":null}},"185":{"start":{"line":497,"column":6},"end":{"line":501,"column":null}},"186":{"start":{"line":498,"column":8},"end":{"line":498,"column":null}},"187":{"start":{"line":500,"column":8},"end":{"line":500,"column":null}},"188":{"start":{"line":502,"column":6},"end":{"line":502,"column":null}},"189":{"start":{"line":505,"column":25},"end":{"line":505,"column":null}},"190":{"start":{"line":506,"column":40},"end":{"line":506,"column":null}},"191":{"start":{"line":508,"column":23},"end":{"line":508,"column":null}},"192":{"start":{"line":509,"column":4},"end":{"line":517,"column":null}},"193":{"start":{"line":509,"column":19},"end":{"line":509,"column":22}},"194":{"start":{"line":510,"column":6},"end":{"line":510,"column":null}},"195":{"start":{"line":511,"column":6},"end":{"line":516,"column":null}},"196":{"start":{"line":515,"column":8},"end":{"line":515,"column":null}},"197":{"start":{"line":519,"column":4},"end":{"line":535,"column":null}},"198":{"start":{"line":521,"column":20},"end":{"line":521,"column":null}},"199":{"start":{"line":522,"column":6},"end":{"line":534,"column":null}},"200":{"start":{"line":525,"column":10},"end":{"line":525,"column":null}},"201":{"start":{"line":526,"column":30},"end":{"line":526,"column":null}},"202":{"start":{"line":527,"column":8},"end":{"line":531,"column":null}},"203":{"start":{"line":528,"column":10},"end":{"line":528,"column":null}},"204":{"start":{"line":530,"column":10},"end":{"line":530,"column":null}},"205":{"start":{"line":533,"column":8},"end":{"line":533,"column":null}},"206":{"start":{"line":536,"column":4},"end":{"line":546,"column":null}},"207":{"start":{"line":549,"column":30},"end":{"line":551,"column":null}},"208":{"start":{"line":550,"column":39},"end":{"line":550,"column":65}},"209":{"start":{"line":552,"column":33},"end":{"line":554,"column":null}},"210":{"start":{"line":553,"column":39},"end":{"line":553,"column":68}},"211":{"start":{"line":555,"column":35},"end":{"line":557,"column":null}},"212":{"start":{"line":556,"column":39},"end":{"line":556,"column":70}},"213":{"start":{"line":558,"column":28},"end":{"line":560,"column":null}},"214":{"start":{"line":561,"column":43},"end":{"line":563,"column":null}},"215":{"start":{"line":566,"column":39},"end":{"line":570,"column":null}},"216":{"start":{"line":567,"column":4},"end":{"line":569,"column":null}},"217":{"start":{"line":571,"column":29},"end":{"line":571,"column":null}},"218":{"start":{"line":572,"column":43},"end":{"line":572,"column":null}},"219":{"start":{"line":573,"column":2},"end":{"line":581,"column":null}},"220":{"start":{"line":573,"column":17},"end":{"line":573,"column":20}},"221":{"start":{"line":574,"column":4},"end":{"line":574,"column":null}},"222":{"start":{"line":575,"column":4},"end":{"line":580,"column":null}},"223":{"start":{"line":579,"column":6},"end":{"line":579,"column":null}},"224":{"start":{"line":582,"column":2},"end":{"line":598,"column":null}},"225":{"start":{"line":583,"column":18},"end":{"line":583,"column":null}},"226":{"start":{"line":584,"column":4},"end":{"line":597,"column":null}},"227":{"start":{"line":585,"column":27},"end":{"line":585,"column":null}},"228":{"start":{"line":586,"column":28},"end":{"line":586,"column":null}},"229":{"start":{"line":587,"column":6},"end":{"line":594,"column":null}},"230":{"start":{"line":588,"column":8},"end":{"line":591,"column":null}},"231":{"start":{"line":593,"column":8},"end":{"line":593,"column":null}},"232":{"start":{"line":596,"column":6},"end":{"line":596,"column":null}},"233":{"start":{"line":600,"column":32},"end":{"line":600,"column":null}},"234":{"start":{"line":601,"column":49},"end":{"line":601,"column":null}},"235":{"start":{"line":602,"column":2},"end":{"line":617,"column":null}},"236":{"start":{"line":602,"column":17},"end":{"line":602,"column":40}},"237":{"start":{"line":603,"column":21},"end":{"line":603,"column":null}},"238":{"start":{"line":604,"column":26},"end":{"line":606,"column":null}},"239":{"start":{"line":607,"column":4},"end":{"line":607,"column":null}},"240":{"start":{"line":608,"column":4},"end":{"line":616,"column":null}},"241":{"start":{"line":619,"column":2},"end":{"line":632,"column":null}}},"fnMap":{"0":{"name":"sumAllocationPercent","decl":{"start":{"line":87,"column":9},"end":{"line":87,"column":30}},"loc":{"start":{"line":87,"column":76},"end":{"line":89,"column":null}},"line":87},"1":{"name":"(anonymous_1)","decl":{"start":{"line":88,"column":42},"end":{"line":88,"column":43}},"loc":{"start":{"line":88,"column":58},"end":{"line":88,"column":71}},"line":88},"2":{"name":"sanitizeAllocation","decl":{"start":{"line":91,"column":9},"end":{"line":91,"column":null}},"loc":{"start":{"line":94,"column":28},"end":{"line":103,"column":null}},"line":94},"3":{"name":"round2","decl":{"start":{"line":105,"column":9},"end":{"line":105,"column":16}},"loc":{"start":{"line":105,"column":39},"end":{"line":107,"column":null}},"line":105},"4":{"name":"isValidAllocationTotal","decl":{"start":{"line":109,"column":9},"end":{"line":109,"column":32}},"loc":{"start":{"line":109,"column":63},"end":{"line":113,"column":null}},"line":109},"5":{"name":"buildSquadMix","decl":{"start":{"line":115,"column":9},"end":{"line":115,"column":null}},"loc":{"start":{"line":121,"column":28},"end":{"line":136,"column":null}},"line":121},"6":{"name":"(anonymous_6)","decl":{"start":{"line":123,"column":4},"end":{"line":123,"column":5}},"loc":{"start":{"line":123,"column":19},"end":{"line":123,"column":null}},"line":123},"7":{"name":"(anonymous_7)","decl":{"start":{"line":129,"column":47},"end":{"line":129,"column":48}},"loc":{"start":{"line":129,"column":62},"end":{"line":132,"column":7}},"line":129},"8":{"name":"squadPersonDailyCost","decl":{"start":{"line":138,"column":9},"end":{"line":138,"column":null}},"loc":{"start":{"line":142,"column":10},"end":{"line":150,"column":null}},"line":142},"9":{"name":"(anonymous_9)","decl":{"start":{"line":144,"column":12},"end":{"line":144,"column":13}},"loc":{"start":{"line":144,"column":28},"end":{"line":144,"column":60}},"line":144},"10":{"name":"(anonymous_10)","decl":{"start":{"line":146,"column":6},"end":{"line":146,"column":7}},"loc":{"start":{"line":147,"column":8},"end":{"line":147,"column":null}},"line":147},"11":{"name":"getSquadMonthlyAdjustmentAmount","decl":{"start":{"line":152,"column":16},"end":{"line":152,"column":null}},"loc":{"start":{"line":156,"column":10},"end":{"line":171,"column":null}},"line":156},"12":{"name":"(anonymous_12)","decl":{"start":{"line":158,"column":20},"end":{"line":158,"column":21}},"loc":{"start":{"line":159,"column":4},"end":{"line":159,"column":null}},"line":159},"13":{"name":"(anonymous_13)","decl":{"start":{"line":159,"column":21},"end":{"line":159,"column":22}},"loc":{"start":{"line":159,"column":28},"end":{"line":159,"column":45}},"line":159},"14":{"name":"(anonymous_14)","decl":{"start":{"line":160,"column":28},"end":{"line":160,"column":29}},"loc":{"start":{"line":160,"column":49},"end":{"line":170,"column":5}},"line":160},"15":{"name":"calculateDeliveryUnitFinancials","decl":{"start":{"line":173,"column":16},"end":{"line":173,"column":null}},"loc":{"start":{"line":177,"column":32},"end":{"line":362,"column":null}},"line":177},"16":{"name":"(anonymous_16)","decl":{"start":{"line":179,"column":56},"end":{"line":179,"column":57}},"loc":{"start":{"line":179,"column":63},"end":{"line":179,"column":67}},"line":179},"17":{"name":"(anonymous_17)","decl":{"start":{"line":181,"column":45},"end":{"line":181,"column":46}},"loc":{"start":{"line":181,"column":53},"end":{"line":181,"column":62}},"line":181},"18":{"name":"(anonymous_18)","decl":{"start":{"line":182,"column":20},"end":{"line":182,"column":21}},"loc":{"start":{"line":183,"column":4},"end":{"line":183,"column":null}},"line":183},"19":{"name":"(anonymous_19)","decl":{"start":{"line":183,"column":21},"end":{"line":183,"column":22}},"loc":{"start":{"line":183,"column":28},"end":{"line":183,"column":45}},"line":183},"20":{"name":"(anonymous_20)","decl":{"start":{"line":185,"column":40},"end":{"line":185,"column":41}},"loc":{"start":{"line":185,"column":48},"end":{"line":197,"column":3}},"line":185},"21":{"name":"(anonymous_21)","decl":{"start":{"line":199,"column":42},"end":{"line":199,"column":43}},"loc":{"start":{"line":199,"column":50},"end":{"line":219,"column":3}},"line":199},"22":{"name":"(anonymous_22)","decl":{"start":{"line":204,"column":6},"end":{"line":204,"column":7}},"loc":{"start":{"line":204,"column":20},"end":{"line":208,"column":null}},"line":204},"23":{"name":"(anonymous_23)","decl":{"start":{"line":222,"column":4},"end":{"line":222,"column":5}},"loc":{"start":{"line":222,"column":13},"end":{"line":230,"column":null}},"line":222},"24":{"name":"(anonymous_24)","decl":{"start":{"line":234,"column":4},"end":{"line":234,"column":5}},"loc":{"start":{"line":234,"column":13},"end":{"line":242,"column":null}},"line":234},"25":{"name":"(anonymous_25)","decl":{"start":{"line":266,"column":24},"end":{"line":266,"column":25}},"loc":{"start":{"line":266,"column":34},"end":{"line":269,"column":6}},"line":266},"26":{"name":"(anonymous_26)","decl":{"start":{"line":270,"column":27},"end":{"line":270,"column":28}},"loc":{"start":{"line":270,"column":34},"end":{"line":270,"column":38}},"line":270},"27":{"name":"(anonymous_27)","decl":{"start":{"line":274,"column":26},"end":{"line":274,"column":27}},"loc":{"start":{"line":274,"column":36},"end":{"line":277,"column":6}},"line":274},"28":{"name":"(anonymous_28)","decl":{"start":{"line":278,"column":27},"end":{"line":278,"column":28}},"loc":{"start":{"line":278,"column":34},"end":{"line":278,"column":38}},"line":278},"29":{"name":"(anonymous_29)","decl":{"start":{"line":284,"column":6},"end":{"line":284,"column":7}},"loc":{"start":{"line":284,"column":19},"end":{"line":284,"column":null}},"line":284},"30":{"name":"(anonymous_30)","decl":{"start":{"line":290,"column":36},"end":{"line":290,"column":37}},"loc":{"start":{"line":290,"column":50},"end":{"line":294,"column":7}},"line":290},"31":{"name":"(anonymous_31)","decl":{"start":{"line":296,"column":6},"end":{"line":296,"column":7}},"loc":{"start":{"line":297,"column":8},"end":{"line":302,"column":null}},"line":297},"32":{"name":"(anonymous_32)","decl":{"start":{"line":298,"column":40},"end":{"line":298,"column":41}},"loc":{"start":{"line":298,"column":56},"end":{"line":302,"column":11}},"line":298},"33":{"name":"(anonymous_33)","decl":{"start":{"line":315,"column":47},"end":{"line":315,"column":48}},"loc":{"start":{"line":315,"column":64},"end":{"line":336,"column":3}},"line":315},"34":{"name":"(anonymous_34)","decl":{"start":{"line":340,"column":27},"end":{"line":340,"column":28}},"loc":{"start":{"line":340,"column":41},"end":{"line":340,"column":66}},"line":340},"35":{"name":"(anonymous_35)","decl":{"start":{"line":343,"column":27},"end":{"line":343,"column":28}},"loc":{"start":{"line":343,"column":41},"end":{"line":343,"column":64}},"line":343},"36":{"name":"(anonymous_36)","decl":{"start":{"line":346,"column":27},"end":{"line":346,"column":28}},"loc":{"start":{"line":346,"column":41},"end":{"line":346,"column":66}},"line":346},"37":{"name":"(anonymous_37)","decl":{"start":{"line":349,"column":27},"end":{"line":349,"column":28}},"loc":{"start":{"line":349,"column":41},"end":{"line":349,"column":66}},"line":349},"38":{"name":"(anonymous_38)","decl":{"start":{"line":352,"column":27},"end":{"line":352,"column":28}},"loc":{"start":{"line":352,"column":41},"end":{"line":352,"column":68}},"line":352},"39":{"name":"formatMonthKey","decl":{"start":{"line":364,"column":16},"end":{"line":364,"column":31}},"loc":{"start":{"line":364,"column":51},"end":{"line":368,"column":null}},"line":364},"40":{"name":"getFinancialYearMonths","decl":{"start":{"line":375,"column":16},"end":{"line":375,"column":39}},"loc":{"start":{"line":375,"column":79},"end":{"line":401,"column":null}},"line":375},"41":{"name":"(anonymous_41)","decl":{"start":{"line":393,"column":20},"end":{"line":393,"column":21}},"loc":{"start":{"line":393,"column":36},"end":{"line":400,"column":3}},"line":393},"42":{"name":"buildDefaultAllocationSet","decl":{"start":{"line":403,"column":16},"end":{"line":403,"column":null}},"loc":{"start":{"line":405,"column":28},"end":{"line":419,"column":null}},"line":405},"43":{"name":"(anonymous_43)","decl":{"start":{"line":410,"column":23},"end":{"line":410,"column":24}},"loc":{"start":{"line":410,"column":45},"end":{"line":417,"column":3}},"line":410},"44":{"name":"monthLabelFromKey","decl":{"start":{"line":421,"column":9},"end":{"line":421,"column":27}},"loc":{"start":{"line":421,"column":53},"end":{"line":435,"column":null}},"line":421},"45":{"name":"addMonthsToMonthKey","decl":{"start":{"line":437,"column":9},"end":{"line":437,"column":29}},"loc":{"start":{"line":437,"column":76},"end":{"line":451,"column":null}},"line":437},"46":{"name":"calculateDeliveryUnitFinancialYearProjection","decl":{"start":{"line":453,"column":16},"end":{"line":453,"column":null}},"loc":{"start":{"line":457,"column":39},"end":{"line":633,"column":null}},"line":457},"47":{"name":"(anonymous_47)","decl":{"start":{"line":462,"column":23},"end":{"line":462,"column":24}},"loc":{"start":{"line":462,"column":34},"end":{"line":462,"column":63}},"line":462},"48":{"name":"(anonymous_48)","decl":{"start":{"line":464,"column":38},"end":{"line":464,"column":39}},"loc":{"start":{"line":464,"column":50},"end":{"line":467,"column":4}},"line":464},"49":{"name":"calculateMonthlyTrend","decl":{"start":{"line":470,"column":11},"end":{"line":470,"column":33}},"loc":{"start":{"line":470,"column":73},"end":{"line":482,"column":null}},"line":470},"50":{"name":"(anonymous_50)","decl":{"start":{"line":475,"column":38},"end":{"line":475,"column":39}},"loc":{"start":{"line":475,"column":48},"end":{"line":475,"column":55}},"line":475},"51":{"name":"(anonymous_51)","decl":{"start":{"line":476,"column":39},"end":{"line":476,"column":40}},"loc":{"start":{"line":476,"column":54},"end":{"line":476,"column":67}},"line":476},"52":{"name":"(anonymous_52)","decl":{"start":{"line":484,"column":58},"end":{"line":484,"column":59}},"loc":{"start":{"line":484,"column":75},"end":{"line":547,"column":3}},"line":484},"53":{"name":"(anonymous_53)","decl":{"start":{"line":489,"column":55},"end":{"line":489,"column":56}},"loc":{"start":{"line":489,"column":68},"end":{"line":503,"column":5}},"line":489},"54":{"name":"(anonymous_54)","decl":{"start":{"line":491,"column":8},"end":{"line":491,"column":9}},"loc":{"start":{"line":491,"column":18},"end":{"line":491,"column":null}},"line":491},"55":{"name":"(anonymous_55)","decl":{"start":{"line":550,"column":25},"end":{"line":550,"column":26}},"loc":{"start":{"line":550,"column":39},"end":{"line":550,"column":65}},"line":550},"56":{"name":"(anonymous_56)","decl":{"start":{"line":553,"column":25},"end":{"line":553,"column":26}},"loc":{"start":{"line":553,"column":39},"end":{"line":553,"column":68}},"line":553},"57":{"name":"(anonymous_57)","decl":{"start":{"line":556,"column":25},"end":{"line":556,"column":26}},"loc":{"start":{"line":556,"column":39},"end":{"line":556,"column":70}},"line":556},"58":{"name":"(anonymous_58)","decl":{"start":{"line":566,"column":58},"end":{"line":566,"column":59}},"loc":{"start":{"line":567,"column":4},"end":{"line":569,"column":null}},"line":567}},"branchMap":{"0":{"loc":{"start":{"line":95,"column":2},"end":{"line":95,"column":null}},"type":"if","locations":[{"start":{"line":95,"column":2},"end":{"line":95,"column":null}},{"start":{},"end":{}}],"line":95},"1":{"loc":{"start":{"line":98,"column":4},"end":{"line":98,"column":null}},"type":"if","locations":[{"start":{"line":98,"column":4},"end":{"line":98,"column":null}},{"start":{},"end":{}}],"line":98},"2":{"loc":{"start":{"line":99,"column":4},"end":{"line":99,"column":null}},"type":"if","locations":[{"start":{"line":99,"column":4},"end":{"line":99,"column":null}},{"start":{},"end":{}}],"line":99},"3":{"loc":{"start":{"line":99,"column":8},"end":{"line":99,"column":46}},"type":"binary-expr","locations":[{"start":{"line":99,"column":8},"end":{"line":99,"column":35}},{"start":{"line":99,"column":35},"end":{"line":99,"column":46}}],"line":99},"4":{"loc":{"start":{"line":111,"column":4},"end":{"line":111,"column":null}},"type":"binary-expr","locations":[{"start":{"line":111,"column":4},"end":{"line":111,"column":45}},{"start":{"line":111,"column":45},"end":{"line":111,"column":null}}],"line":111},"5":{"loc":{"start":{"line":126,"column":2},"end":{"line":126,"column":null}},"type":"if","locations":[{"start":{"line":126,"column":2},"end":{"line":126,"column":null}},{"start":{},"end":{}}],"line":126},"6":{"loc":{"start":{"line":130,"column":22},"end":{"line":130,"column":null}},"type":"binary-expr","locations":[{"start":{"line":130,"column":22},"end":{"line":130,"column":56}},{"start":{"line":130,"column":56},"end":{"line":130,"column":null}}],"line":130},"7":{"loc":{"start":{"line":157,"column":2},"end":{"line":157,"column":null}},"type":"if","locations":[{"start":{"line":157,"column":2},"end":{"line":157,"column":null}},{"start":{},"end":{}}],"line":157},"8":{"loc":{"start":{"line":157,"column":6},"end":{"line":157,"column":48}},"type":"binary-expr","locations":[{"start":{"line":157,"column":6},"end":{"line":157,"column":22}},{"start":{"line":157,"column":22},"end":{"line":157,"column":48}}],"line":157},"9":{"loc":{"start":{"line":161,"column":4},"end":{"line":163,"column":null}},"type":"if","locations":[{"start":{"line":161,"column":4},"end":{"line":163,"column":null}},{"start":{},"end":{}}],"line":161},"10":{"loc":{"start":{"line":178,"column":29},"end":{"line":178,"column":null}},"type":"binary-expr","locations":[{"start":{"line":178,"column":29},"end":{"line":178,"column":54}},{"start":{"line":178,"column":54},"end":{"line":178,"column":null}}],"line":178},"11":{"loc":{"start":{"line":203,"column":30},"end":{"line":203,"column":66}},"type":"binary-expr","locations":[{"start":{"line":203,"column":30},"end":{"line":203,"column":62}},{"start":{"line":203,"column":62},"end":{"line":203,"column":66}}],"line":203},"12":{"loc":{"start":{"line":205,"column":8},"end":{"line":205,"column":null}},"type":"if","locations":[{"start":{"line":205,"column":8},"end":{"line":205,"column":null}},{"start":{},"end":{}}],"line":205},"13":{"loc":{"start":{"line":206,"column":27},"end":{"line":206,"column":null}},"type":"binary-expr","locations":[{"start":{"line":206,"column":27},"end":{"line":206,"column":55}},{"start":{"line":206,"column":55},"end":{"line":206,"column":null}}],"line":206},"14":{"loc":{"start":{"line":290,"column":5},"end":{"line":290,"column":29}},"type":"binary-expr","locations":[{"start":{"line":290,"column":5},"end":{"line":290,"column":25}},{"start":{"line":290,"column":25},"end":{"line":290,"column":29}}],"line":290},"15":{"loc":{"start":{"line":291,"column":6},"end":{"line":291,"column":null}},"type":"if","locations":[{"start":{"line":291,"column":6},"end":{"line":291,"column":null}},{"start":{},"end":{}}],"line":291},"16":{"loc":{"start":{"line":292,"column":25},"end":{"line":292,"column":null}},"type":"binary-expr","locations":[{"start":{"line":292,"column":25},"end":{"line":292,"column":53}},{"start":{"line":292,"column":53},"end":{"line":292,"column":null}}],"line":292},"17":{"loc":{"start":{"line":298,"column":9},"end":{"line":298,"column":33}},"type":"binary-expr","locations":[{"start":{"line":298,"column":9},"end":{"line":298,"column":29}},{"start":{"line":298,"column":29},"end":{"line":298,"column":33}}],"line":298},"18":{"loc":{"start":{"line":299,"column":10},"end":{"line":299,"column":null}},"type":"if","locations":[{"start":{"line":299,"column":10},"end":{"line":299,"column":null}},{"start":{},"end":{}}],"line":299},"19":{"loc":{"start":{"line":300,"column":29},"end":{"line":300,"column":null}},"type":"binary-expr","locations":[{"start":{"line":300,"column":29},"end":{"line":300,"column":57}},{"start":{"line":300,"column":57},"end":{"line":300,"column":null}}],"line":300},"20":{"loc":{"start":{"line":307,"column":26},"end":{"line":307,"column":null}},"type":"binary-expr","locations":[{"start":{"line":307,"column":26},"end":{"line":307,"column":55}},{"start":{"line":307,"column":55},"end":{"line":307,"column":null}}],"line":307},"21":{"loc":{"start":{"line":308,"column":28},"end":{"line":308,"column":null}},"type":"binary-expr","locations":[{"start":{"line":308,"column":28},"end":{"line":308,"column":59}},{"start":{"line":308,"column":59},"end":{"line":308,"column":null}}],"line":308},"22":{"loc":{"start":{"line":316,"column":31},"end":{"line":316,"column":74}},"type":"binary-expr","locations":[{"start":{"line":316,"column":31},"end":{"line":316,"column":73}},{"start":{"line":316,"column":73},"end":{"line":316,"column":74}}],"line":316},"23":{"loc":{"start":{"line":317,"column":33},"end":{"line":317,"column":78}},"type":"binary-expr","locations":[{"start":{"line":317,"column":33},"end":{"line":317,"column":77}},{"start":{"line":317,"column":77},"end":{"line":317,"column":78}}],"line":317},"24":{"loc":{"start":{"line":378,"column":22},"end":{"line":378,"column":null}},"type":"cond-expr","locations":[{"start":{"line":378,"column":41},"end":{"line":378,"column":54}},{"start":{"line":378,"column":54},"end":{"line":378,"column":null}}],"line":378},"25":{"loc":{"start":{"line":394,"column":17},"end":{"line":394,"column":null}},"type":"cond-expr","locations":[{"start":{"line":394,"column":27},"end":{"line":394,"column":41}},{"start":{"line":394,"column":41},"end":{"line":394,"column":null}}],"line":394},"26":{"loc":{"start":{"line":395,"column":24},"end":{"line":395,"column":null}},"type":"cond-expr","locations":[{"start":{"line":395,"column":34},"end":{"line":395,"column":45}},{"start":{"line":395,"column":45},"end":{"line":395,"column":null}}],"line":395},"27":{"loc":{"start":{"line":406,"column":2},"end":{"line":406,"column":null}},"type":"if","locations":[{"start":{"line":406,"column":2},"end":{"line":406,"column":null}},{"start":{},"end":{}}],"line":406},"28":{"loc":{"start":{"line":412,"column":6},"end":{"line":414,"column":null}},"type":"cond-expr","locations":[{"start":{"line":413,"column":10},"end":{"line":413,"column":null}},{"start":{"line":414,"column":10},"end":{"line":414,"column":null}}],"line":412},"29":{"loc":{"start":{"line":425,"column":2},"end":{"line":432,"column":null}},"type":"if","locations":[{"start":{"line":425,"column":2},"end":{"line":432,"column":null}},{"start":{},"end":{}}],"line":425},"30":{"loc":{"start":{"line":426,"column":4},"end":{"line":429,"column":null}},"type":"binary-expr","locations":[{"start":{"line":426,"column":4},"end":{"line":426,"column":null}},{"start":{"line":427,"column":4},"end":{"line":427,"column":null}},{"start":{"line":428,"column":4},"end":{"line":428,"column":null}},{"start":{"line":429,"column":4},"end":{"line":429,"column":null}}],"line":426},"31":{"loc":{"start":{"line":441,"column":2},"end":{"line":448,"column":null}},"type":"if","locations":[{"start":{"line":441,"column":2},"end":{"line":448,"column":null}},{"start":{},"end":{}}],"line":441},"32":{"loc":{"start":{"line":442,"column":4},"end":{"line":445,"column":null}},"type":"binary-expr","locations":[{"start":{"line":442,"column":4},"end":{"line":442,"column":null}},{"start":{"line":443,"column":4},"end":{"line":443,"column":null}},{"start":{"line":444,"column":4},"end":{"line":444,"column":null}},{"start":{"line":445,"column":4},"end":{"line":445,"column":null}}],"line":442},"33":{"loc":{"start":{"line":472,"column":4},"end":{"line":472,"column":null}},"type":"if","locations":[{"start":{"line":472,"column":4},"end":{"line":472,"column":null}},{"start":{},"end":{}}],"line":472},"34":{"loc":{"start":{"line":479,"column":4},"end":{"line":479,"column":null}},"type":"if","locations":[{"start":{"line":479,"column":4},"end":{"line":479,"column":null}},{"start":{},"end":{}}],"line":479},"35":{"loc":{"start":{"line":484,"column":25},"end":{"line":484,"column":54}},"type":"binary-expr","locations":[{"start":{"line":484,"column":25},"end":{"line":484,"column":50}},{"start":{"line":484,"column":50},"end":{"line":484,"column":54}}],"line":484},"36":{"loc":{"start":{"line":493,"column":28},"end":{"line":493,"column":null}},"type":"binary-expr","locations":[{"start":{"line":493,"column":28},"end":{"line":493,"column":50}},{"start":{"line":493,"column":50},"end":{"line":493,"column":null}}],"line":493},"37":{"loc":{"start":{"line":494,"column":30},"end":{"line":494,"column":null}},"type":"binary-expr","locations":[{"start":{"line":494,"column":30},"end":{"line":494,"column":54}},{"start":{"line":494,"column":54},"end":{"line":494,"column":null}}],"line":494},"38":{"loc":{"start":{"line":496,"column":8},"end":{"line":496,"column":null}},"type":"cond-expr","locations":[{"start":{"line":496,"column":35},"end":{"line":496,"column":51}},{"start":{"line":496,"column":51},"end":{"line":496,"column":null}}],"line":496},"39":{"loc":{"start":{"line":497,"column":6},"end":{"line":501,"column":null}},"type":"if","locations":[{"start":{"line":497,"column":6},"end":{"line":501,"column":null}},{"start":{"line":499,"column":13},"end":{"line":501,"column":null}}],"line":497},"40":{"loc":{"start":{"line":511,"column":6},"end":{"line":516,"column":null}},"type":"if","locations":[{"start":{"line":511,"column":6},"end":{"line":516,"column":null}},{"start":{},"end":{}}],"line":511},"41":{"loc":{"start":{"line":512,"column":8},"end":{"line":513,"column":null}},"type":"binary-expr","locations":[{"start":{"line":512,"column":8},"end":{"line":512,"column":null}},{"start":{"line":513,"column":8},"end":{"line":513,"column":null}}],"line":512},"42":{"loc":{"start":{"line":519,"column":4},"end":{"line":535,"column":null}},"type":"if","locations":[{"start":{"line":519,"column":4},"end":{"line":535,"column":null}},{"start":{},"end":{}}],"line":519},"43":{"loc":{"start":{"line":522,"column":6},"end":{"line":534,"column":null}},"type":"if","locations":[{"start":{"line":522,"column":6},"end":{"line":534,"column":null}},{"start":{"line":532,"column":13},"end":{"line":534,"column":null}}],"line":522},"44":{"loc":{"start":{"line":522,"column":10},"end":{"line":522,"column":30}},"type":"binary-expr","locations":[{"start":{"line":522,"column":10},"end":{"line":522,"column":19}},{"start":{"line":522,"column":19},"end":{"line":522,"column":30}}],"line":522},"45":{"loc":{"start":{"line":527,"column":8},"end":{"line":531,"column":null}},"type":"if","locations":[{"start":{"line":527,"column":8},"end":{"line":531,"column":null}},{"start":{"line":529,"column":15},"end":{"line":531,"column":null}}],"line":527},"46":{"loc":{"start":{"line":527,"column":12},"end":{"line":527,"column":49}},"type":"binary-expr","locations":[{"start":{"line":527,"column":12},"end":{"line":527,"column":35}},{"start":{"line":527,"column":35},"end":{"line":527,"column":49}}],"line":527},"47":{"loc":{"start":{"line":567,"column":4},"end":{"line":569,"column":null}},"type":"cond-expr","locations":[{"start":{"line":568,"column":8},"end":{"line":568,"column":null}},{"start":{"line":569,"column":8},"end":{"line":569,"column":null}}],"line":567},"48":{"loc":{"start":{"line":575,"column":4},"end":{"line":580,"column":null}},"type":"if","locations":[{"start":{"line":575,"column":4},"end":{"line":580,"column":null}},{"start":{},"end":{}}],"line":575},"49":{"loc":{"start":{"line":576,"column":6},"end":{"line":577,"column":null}},"type":"binary-expr","locations":[{"start":{"line":576,"column":6},"end":{"line":576,"column":null}},{"start":{"line":577,"column":6},"end":{"line":577,"column":null}}],"line":576},"50":{"loc":{"start":{"line":582,"column":2},"end":{"line":598,"column":null}},"type":"if","locations":[{"start":{"line":582,"column":2},"end":{"line":598,"column":null}},{"start":{},"end":{}}],"line":582},"51":{"loc":{"start":{"line":584,"column":4},"end":{"line":597,"column":null}},"type":"if","locations":[{"start":{"line":584,"column":4},"end":{"line":597,"column":null}},{"start":{"line":595,"column":11},"end":{"line":597,"column":null}}],"line":584},"52":{"loc":{"start":{"line":584,"column":8},"end":{"line":584,"column":28}},"type":"binary-expr","locations":[{"start":{"line":584,"column":8},"end":{"line":584,"column":17}},{"start":{"line":584,"column":17},"end":{"line":584,"column":28}}],"line":584},"53":{"loc":{"start":{"line":587,"column":6},"end":{"line":594,"column":null}},"type":"if","locations":[{"start":{"line":587,"column":6},"end":{"line":594,"column":null}},{"start":{"line":592,"column":13},"end":{"line":594,"column":null}}],"line":587},"54":{"loc":{"start":{"line":587,"column":10},"end":{"line":587,"column":47}},"type":"binary-expr","locations":[{"start":{"line":587,"column":10},"end":{"line":587,"column":33}},{"start":{"line":587,"column":33},"end":{"line":587,"column":47}}],"line":587}},"s":{"0":84,"1":110,"2":84,"3":2,"4":82,"5":82,"6":117,"7":5,"8":112,"9":2,"10":110,"11":82,"12":629,"13":84,"14":84,"15":84,"16":84,"17":0,"18":84,"19":84,"20":116,"21":116,"22":116,"23":116,"24":84,"25":1,"26":1,"27":1,"28":86,"29":61,"30":25,"31":1,"32":1,"33":25,"34":26,"35":25,"36":1,"37":1,"38":42,"39":42,"40":58,"41":42,"42":42,"43":42,"44":42,"45":92,"46":96,"47":42,"48":42,"49":42,"50":42,"51":42,"52":42,"53":42,"54":42,"55":42,"56":42,"57":42,"58":42,"59":5,"60":1,"61":4,"62":5,"63":42,"64":42,"65":42,"66":42,"67":42,"68":42,"69":42,"70":42,"71":42,"72":42,"73":42,"74":42,"75":42,"76":58,"77":58,"78":42,"79":42,"80":55,"81":42,"82":42,"83":55,"84":42,"85":42,"86":58,"87":42,"88":42,"89":58,"90":42,"91":42,"92":42,"93":5,"94":1,"95":4,"96":5,"97":42,"98":5,"99":1,"100":4,"101":5,"102":42,"103":58,"104":58,"105":58,"106":58,"107":42,"108":58,"109":58,"110":58,"111":58,"112":58,"113":42,"114":58,"115":58,"116":58,"117":58,"118":58,"119":42,"120":7,"121":7,"122":7,"123":8,"124":8,"125":8,"126":8,"127":8,"128":96,"129":96,"130":96,"131":2,"132":1,"133":1,"134":1,"135":1,"136":1,"137":3,"138":3,"139":3,"140":1,"141":12,"142":12,"143":12,"144":12,"145":0,"146":12,"147":12,"148":3,"149":3,"150":3,"151":3,"152":0,"153":3,"154":3,"155":3,"156":3,"157":3,"158":24,"159":3,"160":36,"161":5,"162":5,"163":0,"164":5,"165":5,"166":60,"167":5,"168":60,"169":5,"170":5,"171":5,"172":0,"173":5,"174":5,"175":3,"176":4,"177":4,"178":4,"179":4,"180":48,"181":60,"182":48,"183":48,"184":48,"185":48,"186":32,"187":16,"188":48,"189":4,"190":4,"191":4,"192":4,"193":4,"194":48,"195":48,"196":1,"197":4,"198":3,"199":3,"200":2,"201":2,"202":2,"203":2,"204":0,"205":1,"206":4,"207":3,"208":4,"209":3,"210":4,"211":3,"212":4,"213":3,"214":3,"215":3,"216":36,"217":3,"218":3,"219":3,"220":3,"221":36,"222":36,"223":1,"224":3,"225":2,"226":2,"227":1,"228":1,"229":1,"230":1,"231":0,"232":1,"233":3,"234":3,"235":3,"236":3,"237":12,"238":12,"239":12,"240":12,"241":3},"f":{"0":84,"1":110,"2":84,"3":629,"4":84,"5":84,"6":84,"7":116,"8":1,"9":1,"10":1,"11":86,"12":1,"13":1,"14":26,"15":42,"16":58,"17":42,"18":92,"19":96,"20":42,"21":42,"22":5,"23":42,"24":42,"25":42,"26":58,"27":42,"28":58,"29":42,"30":5,"31":42,"32":5,"33":58,"34":58,"35":58,"36":58,"37":58,"38":58,"39":7,"40":8,"41":96,"42":2,"43":3,"44":12,"45":3,"46":3,"47":24,"48":36,"49":5,"50":60,"51":60,"52":4,"53":48,"54":60,"55":4,"56":4,"57":4,"58":36},"b":{"0":[2,82],"1":[5,112],"2":[2,110],"3":[112,111],"4":[84,6],"5":[0,84],"6":[116,6],"7":[61,25],"8":[86,25],"9":[25,1],"10":[42,0],"11":[42,0],"12":[1,4],"13":[4,0],"14":[42,0],"15":[1,4],"16":[4,0],"17":[42,0],"18":[1,4],"19":[4,0],"20":[58,0],"21":[58,0],"22":[58,0],"23":[58,0],"24":[1,7],"25":[24,72],"26":[24,72],"27":[1,1],"28":[1,2],"29":[0,12],"30":[12,12,12,12],"31":[0,3],"32":[3,3,3,3],"33":[0,5],"34":[0,5],"35":[3,0],"36":[48,0],"37":[48,0],"38":[32,16],"39":[32,16],"40":[1,47],"41":[48,38],"42":[3,1],"43":[2,1],"44":[3,3],"45":[2,0],"46":[2,2],"47":[24,12],"48":[1,35],"49":[36,26],"50":[2,1],"51":[1,1],"52":[2,1],"53":[1,0],"54":[1,1]},"meta":{"lastBranch":55,"lastFunction":59,"lastStatement":242,"seen":{"f:87:9:87:30":0,"s:88:2:88:Infinity":0,"f:88:42:88:43":1,"s:88:58:88:71":1,"f:91:9:91:Infinity":2,"b:95:2:95:Infinity:undefined:undefined:undefined:undefined":0,"s:95:2:95:Infinity":2,"s:95:12:95:Infinity":3,"s:96:41:96:Infinity":4,"s:97:2:101:Infinity":5,"b:98:4:98:Infinity:undefined:undefined:undefined:undefined":1,"s:98:4:98:Infinity":6,"s:98:44:98:Infinity":7,"b:99:4:99:Infinity:undefined:undefined:undefined:undefined":2,"s:99:4:99:Infinity":8,"b:99:8:99:35:99:35:99:46":3,"s:99:46:99:Infinity":9,"s:100:4:100:Infinity":10,"s:102:2:102:Infinity":11,"f:105:9:105:16":3,"s:106:2:106:Infinity":12,"f:109:9:109:32":4,"s:110:2:111:Infinity":13,"b:111:4:111:45:111:45:111:Infinity":4,"f:115:9:115:Infinity":5,"s:122:20:125:Infinity":14,"f:123:4:123:5":6,"s:123:19:123:Infinity":15,"b:126:2:126:Infinity:undefined:undefined:undefined:undefined":5,"s:126:2:126:Infinity":16,"s:126:22:126:Infinity":17,"s:127:40:127:Infinity":18,"s:128:2:134:Infinity":19,"s:129:21:132:Infinity":20,"f:129:47:129:48":7,"s:130:22:130:Infinity":21,"b:130:22:130:56:130:56:130:Infinity":6,"s:131:6:131:Infinity":22,"s:133:4:133:Infinity":23,"s:135:2:135:Infinity":24,"f:138:9:138:Infinity":8,"s:143:2:149:Infinity":25,"f:144:12:144:13":9,"s:144:28:144:60":26,"f:146:6:146:7":10,"s:147:8:147:Infinity":27,"f:152:16:152:Infinity":11,"b:157:2:157:Infinity:undefined:undefined:undefined:undefined":7,"s:157:2:157:Infinity":28,"b:157:6:157:22:157:22:157:48":8,"s:157:48:157:Infinity":29,"s:158:20:159:Infinity":30,"f:158:20:158:21":12,"s:159:4:159:Infinity":31,"f:159:21:159:22":13,"s:159:28:159:45":32,"s:160:2:170:Infinity":33,"f:160:28:160:29":14,"b:161:4:163:Infinity:undefined:undefined:undefined:undefined":9,"s:161:4:163:Infinity":34,"s:162:6:162:Infinity":35,"s:164:24:168:Infinity":36,"s:169:4:169:Infinity":37,"f:173:16:173:Infinity":15,"s:178:29:178:Infinity":38,"b:178:29:178:54:178:54:178:Infinity":10,"s:179:25:179:Infinity":39,"f:179:56:179:57":16,"s:179:63:179:67":40,"s:180:22:180:Infinity":41,"s:181:20:181:Infinity":42,"f:181:45:181:46":17,"s:181:53:181:62":43,"s:182:20:183:Infinity":44,"f:182:20:182:21":18,"s:183:4:183:Infinity":45,"f:183:21:183:22":19,"s:183:28:183:45":46,"s:185:26:197:Infinity":47,"f:185:40:185:41":20,"s:186:16:186:Infinity":48,"s:187:23:187:Infinity":49,"s:188:30:192:Infinity":50,"s:193:28:193:Infinity":51,"s:194:10:195:Infinity":52,"s:196:4:196:Infinity":53,"s:199:28:219:Infinity":54,"f:199:42:199:43":21,"s:200:16:200:Infinity":55,"s:201:23:201:Infinity":56,"s:202:10:202:Infinity":57,"s:203:10:210:Infinity":58,"b:203:30:203:62:203:62:203:66":11,"f:204:6:204:7":22,"b:205:8:205:Infinity:undefined:undefined:undefined:undefined":12,"s:205:8:205:Infinity":59,"s:205:26:205:Infinity":60,"s:206:27:206:Infinity":61,"b:206:27:206:55:206:55:206:Infinity":13,"s:207:8:207:Infinity":62,"s:211:30:215:Infinity":63,"s:216:28:216:Infinity":64,"s:217:22:217:Infinity":65,"s:218:4:218:Infinity":66,"s:221:56:231:Infinity":67,"f:222:4:222:5":23,"s:223:27:223:Infinity":68,"s:224:6:229:Infinity":69,"s:233:58:243:Infinity":70,"f:234:4:234:5":24,"s:235:27:235:Infinity":71,"s:236:6:241:Infinity":72,"s:245:57:245:Infinity":73,"s:246:59:246:Infinity":74,"s:247:2:250:Infinity":75,"s:248:4:248:Infinity":76,"s:249:4:249:Infinity":77,"s:252:2:256:Infinity":78,"s:253:4:255:Infinity":79,"s:254:6:254:Infinity":80,"s:258:2:263:Infinity":81,"s:259:4:262:Infinity":82,"s:260:6:261:Infinity":83,"s:265:20:271:Infinity":84,"f:266:24:266:25":25,"s:266:34:269:6":85,"f:270:27:270:28":26,"s:270:34:270:38":86,"s:273:22:279:Infinity":87,"f:274:26:274:27":27,"s:274:36:277:6":88,"f:278:27:278:28":28,"s:278:34:278:38":89,"s:281:8:286:Infinity":90,"f:284:6:284:7":29,"s:284:19:284:Infinity":91,"s:289:4:304:Infinity":92,"b:290:5:290:25:290:25:290:29":14,"f:290:36:290:37":30,"b:291:6:291:Infinity:undefined:undefined:undefined:undefined":15,"s:291:6:291:Infinity":93,"s:291:24:291:Infinity":94,"s:292:25:292:Infinity":95,"b:292:25:292:53:292:53:292:Infinity":16,"s:293:6:293:Infinity":96,"f:296:6:296:7":31,"s:297:8:302:Infinity":97,"b:298:9:298:29:298:29:298:33":17,"f:298:40:298:41":32,"b:299:10:299:Infinity:undefined:undefined:undefined:undefined":18,"s:299:10:299:Infinity":98,"s:299:28:299:Infinity":99,"s:300:29:300:Infinity":100,"b:300:29:300:57:300:57:300:Infinity":19,"s:301:10:301:Infinity":101,"s:306:2:313:Infinity":102,"s:307:26:307:Infinity":103,"b:307:26:307:55:307:55:307:Infinity":20,"s:308:28:308:Infinity":104,"b:308:28:308:59:308:59:308:Infinity":21,"s:309:4:310:Infinity":105,"s:311:4:312:Infinity":106,"s:315:24:336:Infinity":107,"f:315:47:315:48":33,"s:316:24:316:Infinity":108,"b:316:31:316:73:316:73:316:74":22,"s:317:26:317:Infinity":109,"b:317:33:317:77:317:77:317:78":23,"s:318:26:318:Infinity":110,"s:319:28:319:Infinity":111,"s:320:4:335:Infinity":112,"s:338:17:354:Infinity":113,"f:340:27:340:28":34,"s:340:41:340:66":114,"f:343:27:343:28":35,"s:343:41:343:64":115,"f:346:27:346:28":36,"s:346:41:346:66":116,"f:349:27:349:28":37,"s:349:41:349:66":117,"f:352:27:352:28":38,"s:352:41:352:68":118,"s:356:2:361:Infinity":119,"f:364:16:364:31":39,"s:365:15:365:Infinity":120,"s:366:16:366:Infinity":121,"s:367:2:367:Infinity":122,"f:375:16:375:39":40,"s:376:21:376:Infinity":123,"s:377:22:377:Infinity":124,"s:378:22:378:Infinity":125,"b:378:41:378:54:378:54:378:Infinity":24,"s:379:17:392:Infinity":126,"s:393:2:400:Infinity":127,"f:393:20:393:21":41,"s:394:17:394:Infinity":128,"b:394:27:394:41:394:41:394:Infinity":25,"s:395:24:395:Infinity":129,"b:395:34:395:45:395:45:395:Infinity":26,"s:396:4:399:Infinity":130,"f:403:16:403:Infinity":42,"b:406:2:406:Infinity:undefined:undefined:undefined:undefined":27,"s:406:2:406:Infinity":131,"s:406:33:406:Infinity":132,"s:407:16:407:Infinity":133,"s:408:47:408:Infinity":134,"s:409:16:409:Infinity":135,"s:410:2:417:Infinity":136,"f:410:23:410:24":43,"s:412:6:414:Infinity":137,"b:413:10:413:Infinity:414:10:414:Infinity":28,"s:415:4:415:Infinity":138,"s:416:4:416:Infinity":139,"s:418:2:418:Infinity":140,"f:421:9:421:27":44,"s:422:30:422:Infinity":141,"s:423:15:423:Infinity":142,"s:424:16:424:Infinity":143,"b:425:2:432:Infinity:undefined:undefined:undefined:undefined":29,"s:425:2:432:Infinity":144,"b:426:4:426:Infinity:427:4:427:Infinity:428:4:428:Infinity:429:4:429:Infinity":30,"s:431:4:431:Infinity":145,"s:433:15:433:Infinity":146,"s:434:2:434:Infinity":147,"f:437:9:437:29":45,"s:438:30:438:Infinity":148,"s:439:15:439:Infinity":149,"s:440:16:440:Infinity":150,"b:441:2:448:Infinity:undefined:undefined:undefined:undefined":31,"s:441:2:448:Infinity":151,"b:442:4:442:Infinity:443:4:443:Infinity:444:4:444:Infinity:445:4:445:Infinity":32,"s:447:4:447:Infinity":152,"s:449:15:449:Infinity":153,"s:450:2:450:Infinity":154,"f:453:16:453:Infinity":46,"s:458:19:458:Infinity":155,"s:459:26:459:Infinity":156,"s:460:28:463:Infinity":157,"f:462:23:462:24":47,"s:462:34:462:63":158,"s:464:25:467:Infinity":159,"f:464:38:464:39":48,"s:464:50:467:4":160,"f:470:11:470:33":49,"s:471:14:471:Infinity":161,"b:472:4:472:Infinity:undefined:undefined:undefined:undefined":33,"s:472:4:472:Infinity":162,"s:472:15:472:Infinity":163,"s:474:18:474:Infinity":164,"s:475:17:475:Infinity":165,"f:475:38:475:39":50,"s:475:48:475:55":166,"s:476:18:476:Infinity":167,"f:476:39:476:40":51,"s:476:54:476:67":168,"s:477:10:477:Infinity":169,"s:478:18:478:Infinity":170,"b:479:4:479:Infinity:undefined:undefined:undefined:undefined":34,"s:479:4:479:Infinity":171,"s:479:32:479:Infinity":172,"s:480:10:480:Infinity":173,"s:481:4:481:Infinity":174,"s:484:8:547:Infinity":175,"b:484:25:484:50:484:50:484:54":35,"f:484:58:484:59":52,"s:485:28:485:Infinity":176,"s:486:30:486:Infinity":177,"s:487:40:487:Infinity":178,"s:489:36:503:Infinity":179,"f:489:55:489:56":53,"s:490:18:492:Infinity":180,"f:491:8:491:9":54,"s:491:18:491:Infinity":181,"s:493:28:493:Infinity":182,"b:493:28:493:50:493:50:493:Infinity":36,"s:494:30:494:Infinity":183,"b:494:30:494:54:494:54:494:Infinity":37,"s:496:8:496:Infinity":184,"b:496:35:496:51:496:51:496:Infinity":38,"b:497:6:501:Infinity:499:13:501:Infinity":39,"s:497:6:501:Infinity":185,"s:498:8:498:Infinity":186,"s:500:8:500:Infinity":187,"s:502:6:502:Infinity":188,"s:505:25:505:Infinity":189,"s:506:40:506:Infinity":190,"s:508:23:508:Infinity":191,"s:509:4:517:Infinity":192,"s:509:19:509:22":193,"s:510:6:510:Infinity":194,"b:511:6:516:Infinity:undefined:undefined:undefined:undefined":40,"s:511:6:516:Infinity":195,"b:512:8:512:Infinity:513:8:513:Infinity":41,"s:515:8:515:Infinity":196,"b:519:4:535:Infinity:undefined:undefined:undefined:undefined":42,"s:519:4:535:Infinity":197,"s:521:20:521:Infinity":198,"b:522:6:534:Infinity:532:13:534:Infinity":43,"s:522:6:534:Infinity":199,"b:522:10:522:19:522:19:522:30":44,"s:525:10:525:Infinity":200,"s:526:30:526:Infinity":201,"b:527:8:531:Infinity:529:15:531:Infinity":45,"s:527:8:531:Infinity":202,"b:527:12:527:35:527:35:527:49":46,"s:528:10:528:Infinity":203,"s:530:10:530:Infinity":204,"s:533:8:533:Infinity":205,"s:536:4:546:Infinity":206,"s:549:30:551:Infinity":207,"f:550:25:550:26":55,"s:550:39:550:65":208,"s:552:33:554:Infinity":209,"f:553:25:553:26":56,"s:553:39:553:68":210,"s:555:35:557:Infinity":211,"f:556:25:556:26":57,"s:556:39:556:70":212,"s:558:28:560:Infinity":213,"s:561:43:563:Infinity":214,"s:566:39:570:Infinity":215,"f:566:58:566:59":58,"s:567:4:569:Infinity":216,"b:568:8:568:Infinity:569:8:569:Infinity":47,"s:571:29:571:Infinity":217,"s:572:43:572:Infinity":218,"s:573:2:581:Infinity":219,"s:573:17:573:20":220,"s:574:4:574:Infinity":221,"b:575:4:580:Infinity:undefined:undefined:undefined:undefined":48,"s:575:4:580:Infinity":222,"b:576:6:576:Infinity:577:6:577:Infinity":49,"s:579:6:579:Infinity":223,"b:582:2:598:Infinity:undefined:undefined:undefined:undefined":50,"s:582:2:598:Infinity":224,"s:583:18:583:Infinity":225,"b:584:4:597:Infinity:595:11:597:Infinity":51,"s:584:4:597:Infinity":226,"b:584:8:584:17:584:17:584:28":52,"s:585:27:585:Infinity":227,"s:586:28:586:Infinity":228,"b:587:6:594:Infinity:592:13:594:Infinity":53,"s:587:6:594:Infinity":229,"b:587:10:587:33:587:33:587:47":54,"s:588:8:591:Infinity":230,"s:593:8:593:Infinity":231,"s:596:6:596:Infinity":232,"s:600:32:600:Infinity":233,"s:601:49:601:Infinity":234,"s:602:2:617:Infinity":235,"s:602:17:602:40":236,"s:603:21:603:Infinity":237,"s:604:26:606:Infinity":238,"s:607:4:607:Infinity":239,"s:608:4:616:Infinity":240,"s:619:2:632:Infinity":241}}}
,"D:\\OneDrive\\Documents\\development\\Org Manager\\src\\utils\\seed.ts": {"path":"D:\\OneDrive\\Documents\\development\\Org Manager\\src\\utils\\seed.ts","statementMap":{"0":{"start":{"line":5,"column":29},"end":{"line":5,"column":null}},"1":{"start":{"line":8,"column":8},"end":{"line":8,"column":null}},"2":{"start":{"line":9,"column":25},"end":{"line":9,"column":null}},"3":{"start":{"line":10,"column":23},"end":{"line":10,"column":null}},"4":{"start":{"line":12,"column":18},"end":{"line":27,"column":null}},"5":{"start":{"line":18,"column":8},"end":{"line":27,"column":null}},"6":{"start":{"line":23,"column":54},"end":{"line":26,"column":6}},"7":{"start":{"line":29,"column":27},"end":{"line":31,"column":null}},"8":{"start":{"line":29,"column":136},"end":{"line":31,"column":null}},"9":{"start":{"line":34,"column":17},"end":{"line":57,"column":null}},"10":{"start":{"line":53,"column":26},"end":{"line":57,"column":4}},"11":{"start":{"line":60,"column":28},"end":{"line":229,"column":null}},"12":{"start":{"line":232,"column":28},"end":{"line":393,"column":null}},"13":{"start":{"line":395,"column":2},"end":{"line":407,"column":null}},"14":{"start":{"line":411,"column":2},"end":{"line":411,"column":null}},"15":{"start":{"line":415,"column":2},"end":{"line":415,"column":null}},"16":{"start":{"line":419,"column":15},"end":{"line":419,"column":null}},"17":{"start":{"line":420,"column":2},"end":{"line":420,"column":null}},"18":{"start":{"line":420,"column":18},"end":{"line":420,"column":null}},"19":{"start":{"line":421,"column":2},"end":{"line":421,"column":null}},"20":{"start":{"line":421,"column":19},"end":{"line":421,"column":null}},"21":{"start":{"line":422,"column":2},"end":{"line":422,"column":null}},"22":{"start":{"line":426,"column":21},"end":{"line":426,"column":null}},"23":{"start":{"line":427,"column":20},"end":{"line":427,"column":null}},"24":{"start":{"line":428,"column":21},"end":{"line":428,"column":null}},"25":{"start":{"line":429,"column":18},"end":{"line":429,"column":null}},"26":{"start":{"line":430,"column":24},"end":{"line":430,"column":null}},"27":{"start":{"line":431,"column":24},"end":{"line":431,"column":null}},"28":{"start":{"line":432,"column":23},"end":{"line":432,"column":null}},"29":{"start":{"line":433,"column":33},"end":{"line":433,"column":null}},"30":{"start":{"line":434,"column":23},"end":{"line":434,"column":null}},"31":{"start":{"line":436,"column":22},"end":{"line":436,"column":null}},"32":{"start":{"line":437,"column":25},"end":{"line":437,"column":null}},"33":{"start":{"line":438,"column":17},"end":{"line":452,"column":null}},"34":{"start":{"line":439,"column":15},"end":{"line":439,"column":null}},"35":{"start":{"line":440,"column":18},"end":{"line":440,"column":null}},"36":{"start":{"line":441,"column":17},"end":{"line":441,"column":null}},"37":{"start":{"line":442,"column":17},"end":{"line":442,"column":null}},"38":{"start":{"line":443,"column":4},"end":{"line":451,"column":null}},"39":{"start":{"line":454,"column":35},"end":{"line":456,"column":null}},"40":{"start":{"line":455,"column":22},"end":{"line":455,"column":33}},"41":{"start":{"line":458,"column":25},"end":{"line":477,"column":null}},"42":{"start":{"line":459,"column":16},"end":{"line":459,"column":null}},"43":{"start":{"line":460,"column":4},"end":{"line":460,"column":null}},"44":{"start":{"line":461,"column":15},"end":{"line":461,"column":null}},"45":{"start":{"line":462,"column":18},"end":{"line":462,"column":null}},"46":{"start":{"line":463,"column":17},"end":{"line":463,"column":null}},"47":{"start":{"line":464,"column":17},"end":{"line":464,"column":null}},"48":{"start":{"line":465,"column":19},"end":{"line":473,"column":null}},"49":{"start":{"line":474,"column":4},"end":{"line":474,"column":null}},"50":{"start":{"line":475,"column":4},"end":{"line":475,"column":null}},"51":{"start":{"line":476,"column":4},"end":{"line":476,"column":null}},"52":{"start":{"line":479,"column":30},"end":{"line":494,"column":null}},"53":{"start":{"line":480,"column":4},"end":{"line":488,"column":null}},"54":{"start":{"line":481,"column":6},"end":{"line":481,"column":null}},"55":{"start":{"line":481,"column":33},"end":{"line":481,"column":null}},"56":{"start":{"line":482,"column":24},"end":{"line":482,"column":null}},"57":{"start":{"line":483,"column":6},"end":{"line":487,"column":null}},"58":{"start":{"line":484,"column":8},"end":{"line":484,"column":null}},"59":{"start":{"line":485,"column":8},"end":{"line":485,"column":null}},"60":{"start":{"line":486,"column":8},"end":{"line":486,"column":null}},"61":{"start":{"line":490,"column":15},"end":{"line":490,"column":null}},"62":{"start":{"line":491,"column":4},"end":{"line":491,"column":null}},"63":{"start":{"line":492,"column":4},"end":{"line":492,"column":null}},"64":{"start":{"line":493,"column":4},"end":{"line":493,"column":null}},"65":{"start":{"line":496,"column":21},"end":{"line":496,"column":null}},"66":{"start":{"line":497,"column":23},"end":{"line":501,"column":null}},"67":{"start":{"line":498,"column":15},"end":{"line":498,"column":null}},"68":{"start":{"line":499,"column":4},"end":{"line":499,"column":null}},"69":{"start":{"line":500,"column":4},"end":{"line":500,"column":null}},"70":{"start":{"line":503,"column":18},"end":{"line":503,"column":null}},"71":{"start":{"line":504,"column":18},"end":{"line":504,"column":null}},"72":{"start":{"line":505,"column":25},"end":{"line":505,"column":null}},"73":{"start":{"line":506,"column":28},"end":{"line":506,"column":null}},"74":{"start":{"line":508,"column":24},"end":{"line":610,"column":null}},"75":{"start":{"line":509,"column":17},"end":{"line":509,"column":null}},"76":{"start":{"line":510,"column":19},"end":{"line":510,"column":null}},"77":{"start":{"line":511,"column":19},"end":{"line":511,"column":null}},"78":{"start":{"line":512,"column":20},"end":{"line":512,"column":null}},"79":{"start":{"line":514,"column":26},"end":{"line":579,"column":null}},"80":{"start":{"line":515,"column":19},"end":{"line":515,"column":null}},"81":{"start":{"line":516,"column":25},"end":{"line":516,"column":null}},"82":{"start":{"line":517,"column":21},"end":{"line":517,"column":null}},"83":{"start":{"line":519,"column":21},"end":{"line":560,"column":null}},"84":{"start":{"line":520,"column":21},"end":{"line":520,"column":null}},"85":{"start":{"line":521,"column":26},"end":{"line":521,"column":null}},"86":{"start":{"line":523,"column":32},"end":{"line":523,"column":null}},"87":{"start":{"line":524,"column":28},"end":{"line":524,"column":null}},"88":{"start":{"line":525,"column":28},"end":{"line":533,"column":null}},"89":{"start":{"line":526,"column":39},"end":{"line":526,"column":null}},"90":{"start":{"line":527,"column":27},"end":{"line":527,"column":null}},"91":{"start":{"line":528,"column":10},"end":{"line":532,"column":null}},"92":{"start":{"line":535,"column":31},"end":{"line":535,"column":null}},"93":{"start":{"line":536,"column":31},"end":{"line":536,"column":null}},"94":{"start":{"line":538,"column":8},"end":{"line":559,"column":null}},"95":{"start":{"line":547,"column":70},"end":{"line":551,"column":14}},"96":{"start":{"line":552,"column":73},"end":{"line":557,"column":14}},"97":{"start":{"line":562,"column":31},"end":{"line":562,"column":null}},"98":{"start":{"line":563,"column":6},"end":{"line":578,"column":null}},"99":{"start":{"line":572,"column":71},"end":{"line":577,"column":10}},"100":{"start":{"line":581,"column":29},"end":{"line":581,"column":null}},"101":{"start":{"line":582,"column":4},"end":{"line":609,"column":null}},"102":{"start":{"line":594,"column":69},"end":{"line":599,"column":8}},"103":{"start":{"line":604,"column":23},"end":{"line":604,"column":null}},"104":{"start":{"line":604,"column":61},"end":{"line":604,"column":113}},"105":{"start":{"line":612,"column":2},"end":{"line":624,"column":null}}},"fnMap":{"0":{"name":"generateSeedData","decl":{"start":{"line":7,"column":16},"end":{"line":7,"column":44}},"loc":{"start":{"line":7,"column":44},"end":{"line":408,"column":null}},"line":7},"1":{"name":"(anonymous_1)","decl":{"start":{"line":12,"column":18},"end":{"line":12,"column":null}},"loc":{"start":{"line":18,"column":8},"end":{"line":27,"column":null}},"line":18},"2":{"name":"(anonymous_2)","decl":{"start":{"line":23,"column":38},"end":{"line":23,"column":39}},"loc":{"start":{"line":23,"column":54},"end":{"line":26,"column":6}},"line":23},"3":{"name":"(anonymous_3)","decl":{"start":{"line":29,"column":27},"end":{"line":29,"column":28}},"loc":{"start":{"line":29,"column":136},"end":{"line":31,"column":null}},"line":29},"4":{"name":"(anonymous_4)","decl":{"start":{"line":53,"column":8},"end":{"line":53,"column":9}},"loc":{"start":{"line":53,"column":26},"end":{"line":57,"column":4}},"line":53},"5":{"name":"randInt","decl":{"start":{"line":410,"column":9},"end":{"line":410,"column":17}},"loc":{"start":{"line":410,"column":51},"end":{"line":412,"column":null}},"line":410},"6":{"name":"pick","decl":{"start":{"line":414,"column":9},"end":{"line":414,"column":17}},"loc":{"start":{"line":414,"column":39},"end":{"line":416,"column":null}},"line":414},"7":{"name":"pickAllocationPercentage","decl":{"start":{"line":418,"column":9},"end":{"line":418,"column":44}},"loc":{"start":{"line":418,"column":44},"end":{"line":423,"column":null}},"line":418},"8":{"name":"generateLargeSeedData","decl":{"start":{"line":425,"column":16},"end":{"line":425,"column":49}},"loc":{"start":{"line":425,"column":49},"end":{"line":625,"column":null}},"line":425},"9":{"name":"(anonymous_9)","decl":{"start":{"line":438,"column":53},"end":{"line":438,"column":54}},"loc":{"start":{"line":438,"column":63},"end":{"line":452,"column":3}},"line":438},"10":{"name":"(anonymous_10)","decl":{"start":{"line":455,"column":15},"end":{"line":455,"column":16}},"loc":{"start":{"line":455,"column":22},"end":{"line":455,"column":33}},"line":455},"11":{"name":"(anonymous_11)","decl":{"start":{"line":458,"column":25},"end":{"line":458,"column":31}},"loc":{"start":{"line":458,"column":31},"end":{"line":477,"column":null}},"line":458},"12":{"name":"(anonymous_12)","decl":{"start":{"line":479,"column":30},"end":{"line":479,"column":31}},"loc":{"start":{"line":479,"column":80},"end":{"line":494,"column":null}},"line":479},"13":{"name":"(anonymous_13)","decl":{"start":{"line":497,"column":23},"end":{"line":497,"column":29}},"loc":{"start":{"line":497,"column":29},"end":{"line":501,"column":null}},"line":497},"14":{"name":"(anonymous_14)","decl":{"start":{"line":508,"column":51},"end":{"line":508,"column":52}},"loc":{"start":{"line":508,"column":61},"end":{"line":610,"column":3}},"line":508},"15":{"name":"(anonymous_15)","decl":{"start":{"line":514,"column":58},"end":{"line":514,"column":59}},"loc":{"start":{"line":514,"column":72},"end":{"line":579,"column":5}},"line":514},"16":{"name":"(anonymous_16)","decl":{"start":{"line":519,"column":56},"end":{"line":519,"column":57}},"loc":{"start":{"line":519,"column":70},"end":{"line":560,"column":7}},"line":519},"17":{"name":"(anonymous_17)","decl":{"start":{"line":525,"column":68},"end":{"line":525,"column":74}},"loc":{"start":{"line":525,"column":74},"end":{"line":533,"column":9}},"line":525},"18":{"name":"(anonymous_18)","decl":{"start":{"line":547,"column":63},"end":{"line":547,"column":70}},"loc":{"start":{"line":547,"column":70},"end":{"line":551,"column":14}},"line":547},"19":{"name":"(anonymous_19)","decl":{"start":{"line":552,"column":66},"end":{"line":552,"column":73}},"loc":{"start":{"line":552,"column":73},"end":{"line":557,"column":14}},"line":552},"20":{"name":"(anonymous_20)","decl":{"start":{"line":572,"column":64},"end":{"line":572,"column":71}},"loc":{"start":{"line":572,"column":71},"end":{"line":577,"column":10}},"line":572},"21":{"name":"(anonymous_21)","decl":{"start":{"line":594,"column":62},"end":{"line":594,"column":69}},"loc":{"start":{"line":594,"column":69},"end":{"line":599,"column":8}},"line":594},"22":{"name":"(anonymous_22)","decl":{"start":{"line":604,"column":10},"end":{"line":604,"column":11}},"loc":{"start":{"line":604,"column":23},"end":{"line":604,"column":null}},"line":604},"23":{"name":"(anonymous_23)","decl":{"start":{"line":604,"column":46},"end":{"line":604,"column":47}},"loc":{"start":{"line":604,"column":61},"end":{"line":604,"column":113}},"line":604}},"branchMap":{"0":{"loc":{"start":{"line":420,"column":2},"end":{"line":420,"column":null}},"type":"if","locations":[{"start":{"line":420,"column":2},"end":{"line":420,"column":null}},{"start":{},"end":{}}],"line":420},"1":{"loc":{"start":{"line":421,"column":2},"end":{"line":421,"column":null}},"type":"if","locations":[{"start":{"lin
[...]
nd":{"line":199,"column":null}},"type":"binary-expr","locations":[{"start":{"line":199,"column":17},"end":{"line":199,"column":40}},{"start":{"line":199,"column":40},"end":{"line":199,"column":null}}],"line":199},"39":{"loc":{"start":{"line":201,"column":10},"end":{"line":203,"column":null}},"type":"cond-expr","locations":[{"start":{"line":202,"column":14},"end":{"line":202,"column":null}},{"start":{"line":203,"column":14},"end":{"line":203,"column":null}}],"line":201},"40":{"loc":{"start":{"line":201,"column":10},"end":{"line":201,"column":null}},"type":"binary-expr","locations":[{"start":{"line":201,"column":10},"end":{"line":201,"column":59}},{"start":{"line":201,"column":59},"end":{"line":201,"column":null}}],"line":201},"41":{"loc":{"start":{"line":206,"column":23},"end":{"line":206,"column":49}},"type":"binary-expr","locations":[{"start":{"line":206,"column":23},"end":{"line":206,"column":47}},{"start":{"line":206,"column":47},"end":{"line":206,"column":49}}],"line":206},"42":{"loc":{"start":{"line":208,"column":27},"end":{"line":208,"column":62}},"type":"binary-expr","locations":[{"start":{"line":208,"column":27},"end":{"line":208,"column":60}},{"start":{"line":208,"column":60},"end":{"line":208,"column":62}}],"line":208},"43":{"loc":{"start":{"line":211,"column":24},"end":{"line":211,"column":null}},"type":"binary-expr","locations":[{"start":{"line":211,"column":24},"end":{"line":211,"column":46}},{"start":{"line":211,"column":46},"end":{"line":211,"column":null}}],"line":211},"44":{"loc":{"start":{"line":212,"column":26},"end":{"line":212,"column":null}},"type":"binary-expr","locations":[{"start":{"line":212,"column":26},"end":{"line":212,"column":50}},{"start":{"line":212,"column":50},"end":{"line":212,"column":null}}],"line":212},"45":{"loc":{"start":{"line":218,"column":27},"end":{"line":218,"column":62}},"type":"binary-expr","locations":[{"start":{"line":218,"column":27},"end":{"line":218,"column":60}},{"start":{"line":218,"column":60},"end":{"line":218,"column":62}}],"line":218},"46":{"loc":{"start":{"line":221,"column":39},"end":{"line":221,"column":86}},"type":"cond-expr","locations":[{"start":{"line":221,"column":68},"end":{"line":221,"column":82}},{"start":{"line":221,"column":82},"end":{"line":221,"column":86}}],"line":221},"47":{"loc":{"start":{"line":222,"column":16},"end":{"line":222,"column":null}},"type":"if","locations":[{"start":{"line":222,"column":16},"end":{"line":222,"column":null}},{"start":{},"end":{}}],"line":222},"48":{"loc":{"start":{"line":222,"column":20},"end":{"line":222,"column":67}},"type":"binary-expr","locations":[{"start":{"line":222,"column":20},"end":{"line":222,"column":35}},{"start":{"line":222,"column":35},"end":{"line":222,"column":67}}],"line":222},"49":{"loc":{"start":{"line":224,"column":27},"end":{"line":224,"column":null}},"type":"cond-expr","locations":[{"start":{"line":224,"column":63},"end":{"line":224,"column":79}},{"start":{"line":224,"column":79},"end":{"line":224,"column":null}}],"line":224},"50":{"loc":{"start":{"line":227,"column":16},"end":{"line":239,"column":null}},"type":"if","locations":[{"start":{"line":227,"column":16},"end":{"line":239,"column":null}},{"start":{},"end":{}}],"line":227},"51":{"loc":{"start":{"line":229,"column":20},"end":{"line":231,"column":null}},"type":"cond-expr","locations":[{"start":{"line":230,"column":24},"end":{"line":230,"column":null}},{"start":{"line":231,"column":24},"end":{"line":231,"column":null}}],"line":229},"52":{"loc":{"start":{"line":229,"column":20},"end":{"line":229,"column":null}},"type":"binary-expr","locations":[{"start":{"line":229,"column":20},"end":{"line":229,"column":61}},{"start":{"line":229,"column":61},"end":{"line":229,"column":null}}],"line":229},"53":{"loc":{"start":{"line":241,"column":16},"end":{"line":253,"column":null}},"type":"if","locations":[{"start":{"line":241,"column":16},"end":{"line":253,"column":null}},{"start":{},"end":{}}],"line":241},"54":{"loc":{"start":{"line":241,"column":20},"end":{"line":241,"column":93}},"type":"binary-expr","locations":[{"start":{"line":241,"column":20},"end":{"line":241,"column":52}},{"start":{"line":241,"column":52},"end":{"line":241,"column":93}}],"line":241},"55":{"loc":{"start":{"line":243,"column":20},"end":{"line":245,"column":null}},"type":"cond-expr","locations":[{"start":{"line":244,"column":24},"end":{"line":244,"column":null}},{"start":{"line":245,"column":24},"end":{"line":245,"column":null}}],"line":243},"56":{"loc":{"start":{"line":243,"column":20},"end":{"line":243,"column":null}},"type":"binary-expr","locations":[{"start":{"line":243,"column":20},"end":{"line":243,"column":66}},{"start":{"line":243,"column":66},"end":{"line":243,"column":null}}],"line":243},"57":{"loc":{"start":{"line":272,"column":24},"end":{"line":272,"column":48}},"type":"binary-expr","locations":[{"start":{"line":272,"column":24},"end":{"line":272,"column":44}},{"start":{"line":272,"column":44},"end":{"line":272,"column":48}}],"line":272},"58":{"loc":{"start":{"line":279,"column":22},"end":{"line":287,"column":null}},"type":"cond-expr","locations":[{"start":{"line":280,"column":14},"end":{"line":286,"column":null}},{"start":{"line":287,"column":14},"end":{"line":287,"column":null}}],"line":279},"59":{"loc":{"start":{"line":282,"column":32},"end":{"line":282,"column":67}},"type":"binary-expr","locations":[{"start":{"line":282,"column":32},"end":{"line":282,"column":63}},{"start":{"line":282,"column":63},"end":{"line":282,"column":67}}],"line":282},"60":{"loc":{"start":{"line":293,"column":4},"end":{"line":295,"column":null}},"type":"if","locations":[{"start":{"line":293,"column":4},"end":{"line":295,"column":null}},{"start":{},"end":{}}],"line":293},"61":{"loc":{"start":{"line":301,"column":4},"end":{"line":303,"column":null}},"type":"if","locations":[{"start":{"line":301,"column":4},"end":{"line":303,"column":null}},{"start":{},"end":{}}],"line":301},"62":{"loc":{"start":{"line":306,"column":4},"end":{"line":310,"column":null}},"type":"if","locations":[{"start":{"line":306,"column":4},"end":{"line":310,"column":null}},{"start":{"line":308,"column":4},"end":{"line":310,"column":null}}],"line":306},"63":{"loc":{"start":{"line":308,"column":4},"end":{"line":310,"column":null}},"type":"if","locations":[{"start":{"line":308,"column":4},"end":{"line":310,"column":null}},{"start":{},"end":{}}],"line":308},"64":{"loc":{"start":{"line":338,"column":2},"end":{"line":341,"column":null}},"type":"if","locations":[{"start":{"line":338,"column":2},"end":{"line":341,"column":null}},{"start":{},"end":{}}],"line":338},"65":{"loc":{"start":{"line":352,"column":4},"end":{"line":365,"column":null}},"type":"if","locations":[{"start":{"line":352,"column":4},"end":{"line":365,"column":null}},{"start":{},"end":{}}],"line":352},"66":{"loc":{"start":{"line":354,"column":6},"end":{"line":354,"column":null}},"type":"if","locations":[{"start":{"line":354,"column":6},"end":{"line":354,"column":null}},{"start":{},"end":{}}],"line":354},"67":{"loc":{"start":{"line":356,"column":59},"end":{"line":356,"column":100}},"type":"binary-expr","locations":[{"start":{"line":356,"column":59},"end":{"line":356,"column":87}},{"start":{"line":356,"column":87},"end":{"line":356,"column":100}}],"line":356},"68":{"loc":{"start":{"line":358,"column":14},"end":{"line":358,"column":null}},"type":"cond-expr","locations":[{"start":{"line":358,"column":44},"end":{"line":358,"column":54}},{"start":{"line":358,"column":54},"end":{"line":358,"column":null}}],"line":358},"69":{"loc":{"start":{"line":359,"column":20},"end":{"line":359,"column":null}},"type":"cond-expr","locations":[{"start":{"line":359,"column":56},"end":{"line":359,"column":72}},{"start":{"line":359,"column":72},"end":{"line":359,"column":null}}],"line":359},"70":{"loc":{"start":{"line":360,"column":24},"end":{"line":360,"column":null}},"type":"cond-expr","locations":[{"start":{"line":360,"column":64},"end":{"line":360,"column":84}},{"start":{"line":360,"column":84},"end":{"line":360,"column":null}}],"line":360},"71":{"loc":{"start":{"line":364,"column":26},"end":{"line":364,"column":89}},"type":"binary-expr","locations":[{"start":{"line":364,"column":26},"end":{"line":364,"column":58}},{"start":{"line":364,"column":58},"end":{"line":364,"column":89}}],"line":364},"72":{"loc":{"start":{"line":379,"column":2},"end":{"line":382,"column":null}},"type":"if","locations":[{"start":{"line":379,"column":2},"end":{"line":382,"column":null}},{"start":{},"end":{}}],"line":379},"73":{"loc":{"start":{"line":393,"column":4},"end":{"line":404,"column":null}},"type":"if","locations":[{"start":{"line":393,"column":4},"end":{"line":404,"column":null}},{"start":{},"end":{}}],"line":393},"74":{"loc":{"start":{"line":395,"column":6},"end":{"line":397,"column":null}},"type":"if","locations":[{"start":{"line":395,"column":6},"end":{"line":397,"column":null}},{"start":{},"end":{}}],"line":395},"75":{"loc":{"start":{"line":395,"column":10},"end":{"line":395,"column":95}},"type":"binary-expr","locations":[{"start":{"line":395,"column":10},"end":{"line":395,"column":21}},{"start":{"line":395,"column":21},"end":{"line":395,"column":58}},{"start":{"line":395,"column":58},"end":{"line":395,"column":95}}],"line":395}},"s":{"0":1,"1":1,"2":1,"3":1,"4":1,"5":7,"6":5,"7":2,"8":7,"9":5,"10":2,"11":2,"12":4,"13":3,"14":1,"15":3,"16":0,"17":3,"18":2,"19":2,"20":2,"21":1,"22":1,"23":1,"24":0,"25":5,"26":5,"27":2,"28":2,"29":2,"30":1,"31":1,"32":1,"33":0,"34":2,"35":2,"36":1,"37":15,"38":15,"39":1,"40":1,"41":1,"42":14,"43":14,"44":14,"45":14,"46":14,"47":1,"48":12,"49":36,"50":36,"51":168,"52":526,"53":132,"54":36,"55":12,"56":13,"57":13,"58":10,"59":3,"60":13,"61":13,"62":39,"63":39,"64":13,"65":13,"66":1,"67":2,"68":1,"69":3,"70":1,"71":1,"72":2,"73":3,"74":2,"75":2,"76":1,"77":1,"78":1,"79":1,"80":1,"81":4,"82":1,"83":3,"84":4,"85":4,"86":1,"87":1,"88":1,"89":2,"90":1,"91":1,"92":1,"93":1,"94":13,"95":1,"96":13,"97":1,"98":13,"99":0,"100":13,"101":1,"102":13,"103":12,"104":13,"105":1,"106":12,"107":2,"108":13,"109":1,"110":1,"111":1,"112":1,"113":1,"114":1,"115":1,"116":4,"117":4,"118":2,"119":2,"120":1,"121":1,"122":1,"123":1,"124":4,"125":4,"126":4,"127":4,"128":4,"129":1,"130":2,"131":5,"132":5,"133":5,"134":1,"135":1,"136":1,"137":2,"138":2,"139":1,"140":1,"141":1,"142":1,"143":5,"144":5,"145":5,"146":4,"147":4,"148":1,"149":2,"150":2,"151":1,"152":1},"f":{"0":7,"1":7,"2":4,"3":3,"4":2,"5":5,"6":2,"7":2,"8":1,"9":15,"10":36,"11":526,"12":13,"13":39,"14":39,"15":13,"16":1,"17":2,"18":3,"19":1,"20":3,"21":2,"22":2,"23":1,"24":1,"25":1,"26":13,"27":1,"28":13,"29":1,"30":1,"31":1,"32":1,"33":4,"34":2,"35":4,"36":5,"37":5,"38":5,"39":1,"40":2,"41":5,"42":1,"43":1},"b":{"0":[5,2],"1":[7,4,3],"2":[5,2],"3":[1,1],"4":[3,1],"5":[4,2,2],"6":[0,3],"7":[1,1],"8":[1,0],"9":[1,1],"10":[1,0],"11":[1,14],"12":[1,12],"13":[132,36],"14":[12,0],"15":[12,0],"16":[12,0],"17":[10,3],"18":[1,2],"19":[1,1],"20":[2,37],"21":[2,1],"22":[13,12],"23":[1,0],"24":[1,1],"25":[1,0],"26":[1,0],"27":[2,1],"28":[2,0],"29":[2,1],"30":[2,1],"31":[3,2],"32":[13,12],"33":[13,12],"34":[2,1],"35":[2,1],"36":[2,1],"37":[2,2],"38":[2,2],"39":[2,0],"40":[2,2],"41":[13,12],"42":[1,0],"43":[1,1],"44":[1,0],"45":[1,0],"46":[1,0],"47":[1,3],"48":[4,3],"49":[2,1],"50":[1,3],"51":[0,1],"52":[1,0],"53":[1,1],"54":[2,2],"55":[1,0],"56":[1,1],"57":[13,12],"58":[1,12],"59":[1,0],"60":[0,13],"61":[12,1],"62":[1,12],"63":[2,10],"64":[1,1],"65":[4,0],"66":[1,3],"67":[5,5],"68":[4,1],"69":[5,0],"70":[5,0],"71":[5,4],"72":[1,1],"73":[4,1],"74":[1,3],"75":[4,3,2]},"meta":{"lastBranch":76,"lastFunction":44,"lastStatement":153,"seen":{"s:6:17:6:Infinity":0,"s:7:18:7:Infinity":1,"s:8:20:8:Infinity":2,"s:10:26:10:Infinity":3,"s:11:23:11:Infinity":4,"f:13:9:13:27":0,"b:14:2:14:Infinity:undefined:undefined:undefined:undefined":0,"s:14:2:14:Infinity":5,"b:14:6:14:26:14:26:14:51:14:51:14:70":1,"s:14:70:14:Infinity":6,"s:15:2:15:Infinity":7,"f:18:9:18:27":1,"b:19:2:19:Infinity:undefined:undefined:undefined:undefined":2,"s:19:2:19:Infinity":8,"s:19:33:19:Infinity":9,"s:20:18:20:Infinity":10,"s:21:2:21:Infinity":11,"b:21:19:21:29:21:29:21:Infinity":3,"f:24:9:24:26":2,"b:25:2:25:Infinity:undefined:undefined:undefined:undefined":4,"s:25:2:25:Infinity":12,"b:25:6:25:35:25:35:25:62:25:62:25:73":5,"s:25:73:25:Infinity":13,"s:26:2:26:Infinity":14,"f:29:9:29:35":3,"b:30:2:30:Infinity:undefined:undefined:undefined:undefined":6,"s:30:2:30:Infinity":15,"s:30:33:30:Infinity":16,"s:31:2:31:Infinity":17,"f:34:15:34:59":4,"s:35:2:42:Infinity":18,"s:36:16:36:Infinity":19,"b:37:4:37:Infinity:undefined:undefined:undefined:undefined":7,"s:37:4:37:Infinity":20,"s:37:17:37:Infinity":21,"s:38:18:38:Infinity":22,"s:39:4:39:Infinity":23,"b:39:11:39:24:39:24:39:Infinity":8,"s:41:4:41:Infinity":24,"f:45:15:45:32":5,"s:46:2:54:Infinity":25,"s:47:4:51:Infinity":26,"f:57:15:57:59":6,"s:58:2:65:Infinity":27,"s:59:16:59:Infinity":28,"b:60:4:60:Infinity:undefined:undefined:undefined:undefined":9,"s:60:4:60:Infinity":29,"s:60:17:60:Infinity":30,"s:61:18:61:Infinity":31,"s:62:4:62:Infinity":32,"b:62:39:62:52:62:52:62:Infinity":10,"s:64:4:64:Infinity":33,"f:68:15:68:30":7,"s:69:2:77:Infinity":34,"s:70:4:74:Infinity":35,"f:80:9:80:43":8,"s:81:2:95:Infinity":36,"f:100:16:100:36":9,"s:101:14:101:Infinity":37,"b:102:2:107:Infinity:undefined:undefined:undefined:undefined":11,"s:102:2:107:Infinity":38,"s:104:10:104:Infinity":39,"s:105:4:105:Infinity":40,"s:106:4:106:Infinity":41,"s:109:2:316:Infinity":42,"s:110:19:110:Infinity":43,"s:111:10:111:Infinity":44,"s:112:25:112:Infinity":45,"b:114:4:136:Infinity:120:11:136:Infinity":12,"s:114:4:136:Infinity":46,"s:115:6:119:Infinity":47,"s:122:26:130:Infinity":48,"f:122:26:122:27":10,"s:123:21:123:Infinity":49,"s:124:8:128:Infinity":50,"b:125:10:127:Infinity:undefined:undefined:undefined:undefined":13,"s:125:10:127:Infinity":51,"f:125:25:125:26":11,"s:125:32:125:70":52,"s:126:12:126:Infinity":53,"s:129:8:129:Infinity":54,"s:131:6:135:Infinity":55,"b:132:34:132:68:132:68:132:72":14,"b:133:34:133:68:133:68:133:72":15,"b:134:27:134:54:134:54:134:58":16,"s:139:4:147:Infinity":56,"f:139:52:139:53":12,"b:140:6:140:Infinity:undefined:undefined:undefined:undefined":17,"s:140:6:140:Infinity":57,"s:140:19:140:Infinity":58,"s:141:27:145:Infinity":59,"b:142:10:142:Infinity:143:10:145:Infinity":18,"b:144:12:144:Infinity:145:12:145:Infinity":19,"s:146:6:146:Infinity":60,"s:150:32:155:Infinity":61,"f:150:32:150:33":13,"s:151:6:155:Infinity":62,"f:151:22:151:23":14,"s:151:30:155:8":63,"b:154:53:154:87:154:87:154:Infinity":20,"b:154:53:154:74:154:74:154:87":21,"s:157:4:290:Infinity":64,"f:157:52:157:53":15,"s:157:61:290:6":65,"b:159:13:159:24:159:24:159:28":22,"f:159:32:159:33":16,"s:159:42:187:8":66,"b:161:21:161:39:161:39:161:43":23,"f:161:47:161:48":17,"b:162:10:170:Infinity:undefined:undefined:undefined:undefined":24,"s:162:10:170:Infinity":67,"s:163:12:169:Infinity":68,"f:168:46:168:47":18,"s:168:57:168:78":69,"s:172:32:174:Infinity":70,"b:173:13:173:33:173:33:173:37":25,"f:173:41:173:42":19,"s:173:48:173:72":71,"b:173:57:173:69:173:69:173:71":26,"s:176:10:185:Infinity":72,"b:177:16:177:25:177:25:177:Infinity":27,"b:178:19:178:31:178:31:178:Infinity":28,"b:179:22:179:37:179:37:179:Infinity":29,"b:180:19:180:31:180:31:180:Infinity":30,"f:181:44:181:45":20,"s:181:55:184:14":73,"b:183:22:183:49:183:49:183:Infinity":31,"b:189:22:189:42:189:42:189:46":32,"f:189:50:189:51":21,"s:189:60:192:8":74,"b:193:27:193:52:193:52:193:56":33,"f:193:60:193:61":22,"s:193:78:204:8":75,"b:195:14:195:34:195:34:195:Infinity":34,"b:196:15:196:36:196:36:196:Infinity":35,"b:197:16:197:38:197:38:197:Infinity":36,"b:198:19:198:44:198:44:198:Infinity":37,"b:199:17:199:40:199:40:199:Infinity":38,"b:202:14:202:Infinity:203:14:203:Infinity":39,"b:201:10:201:59:201:59:201:Infinity":40,"b:206:23:206:47:206:47:206:49":41,"f:206:55:206:56":23,"s:207:45:215:Infinity":76,"b:208:27:208:60:208:60:208:62":42,"f:208:68:208:69":24,"s:208:92:214:13":77,"b:211:24:211:46:211:46:211:Infinity":43,"b:212:26:212:50:212:50:212:Infinity":44,"s:217:45:258:Infinity":78,"b:218:27:218:60:218:60:218:62":45,"f:218:68:218:69":25,"s:219:61:219:Infinity":79,"s:221:14:254:Infinity":80,"b:221:68:221:82:221:82:221:86":46,"b:222:16:222:Infinity:undefined:undefined:undefined:undefined":47,"s:222:16:222:Infinity":81,"b:222:20:222:35:222:35:222:67":48,"s:222:67:222:Infinity":82,"s:224:27:224:Infinity":83,"b:224:63:224:79:224:79:224:Infinity":49,"s:225:31:225:Infinity":84,"b:227:16:239:Infinity:undefined:undefined:undefined:undefined":50,"s:227:16:239:Infinity":85,"s:229:20:231:Infinity":86,"b:230:24:230:Infinity:231:24:231:Infinity":51,"b:229:20:229:61:229:61:229:Infinity":52,"s:232:18:237:Infinity":87,"s:238:18:238:Infinity":88,"b:241:16:253:Infinity:undefined:undefined:undefined:undefined":53,"s:241:16:253:Infinity":89,"b:241:20:241:52:241:52:241:93":54,"s:243:20:245:Infinity":90,"b:244:24:244:Infinity:245:24:245:Infinity":55,"b:243:20:243:66:243:66:243:Infinity":56,"s:246:18:252:Infinity":91,"s:256:14:256:Infinity":92,"s:260:10:266:Infinity":93,"f:269:42:269:43":26,"s:269:51:289:8":94,"b:272:24:272:44:272:44:272:48":57,"f:272:52:272:53":27,"s:272:62:275:10":95,"f:276:30:276:31":28,"s:276:39:288:10":96,"b:280:14:286:Infinity:287:14:287:Infinity":58,"b:282:32:282:63:282:63:282:67":59,"f:282:71:282:72":29,"s:282:81:285:18":97,"b:293:4:295:Infinity:undefined:undefined:undefined:undefined":60,"s:293:4:295:Infinity":98,"s:294:6:294:Infinity":99,"s:298:31:300:Infinity":100,"f:299:6:299:7":30,"s:299:13:299:Infinity":101,"b:301:4:303:Infinity:undefined:undefined:undefined:undefined":61,"s:301:4:303:Infinity":102,"s:302:6:302:Infinity":103,"b:306:4:310:Infinity:308:4:310:Infinity":62,"s:306:4:310:Infinity":104,"s:307:6:307:Infinity":105,"b:308:4:310:Infinity:undefined:undefined:undefined:undefined":63,"s:308:4:310:Infinity":106,"s:309:6:309:Infinity":107,"s:312:4:312:Infinity":108,"s:315:4:315:Infinity":109,"f:319:16:319:45":31,"s:320:8:320:Infinity":110,"s:321:2:321:Infinity":111,"s:322:2:322:Infinity":112,"f:325:16:325:50":32,"s:326:8:326:Infinity":113,"s:327:2:327:Infinity":114,"s:328:2:328:Infinity":115,"f:331:16:331:25":33,"s:332:2:332:Infinity":116,"s:333:2:333:Infinity":117,"f:336:22:336:44":34,"s:337:17:337:Infinity":118,"b:338:2:341:Infinity:undefined:undefined:undefined:undefined":64,"s:338:2:341:Infinity":119,"s:339:4:339:Infinity":120,"s:340:4:340:Infinity":121,"s:343:2:343:Infinity":122,"s:344:2:344:Infinity":123,"f:349:16:349:39":35,"s:350:2:368:Infinity":124,"s:351:16:351:Infinity":125,"b:352:4:365:Infinity:undefined:undefined:undefined:undefined":65,"s:352:4:365:Infinity":126,"s:353:21:353:Infinity":127,"b:354:6:354:Infinity:undefined:undefined:undefined:undefined":66,"s:354:6:354:Infinity":128,"s:354:34:354:Infinity":129,"s:355:6:364:Infinity":130,"f:356:16:356:17":36,"s:356:59:356:100":131,"b:356:59:356:87:356:87:356:100":67,"f:357:13:357:14":37,"s:357:24:363:10":132,"b:358:44:358:54:358:54:358:Infinity":68,"b:359:56:359:72:359:72:359:Infinity":69,"b:360:64:360:84:360:84:360:Infinity":70,"f:364:16:364:17":38,"s:364:26:364:89":133,"b:364:26:364:58:364:58:364:89":71,"s:369:2:369:Infinity":134,"f:372:16:372:26":39,"s:373:2:373:Infinity":135,"s:374:2:374:Infinity":136,"f:377:22:377:42":40,"s:378:17:378:Infinity":137,"b:379:2:382:Infinity:undefined:undefined:undefined:undefined":72,"s:379:2:382:Infinity":138,"s:380:4:380:Infinity":139,"s:381:4:381:Infinity":140,"s:384:2:384:Infinity":141,"s:385:2:385:Infinity":142,"f:390:16:390:46":41,"s:391:2:407:Infinity":143,"s:392:16:392:Infinity":144,"b:393:4:404:Infinity:undefined:undefined:undefined:undefined":73,"s:393:4:404:Infinity":145,"s:394:21:394:Infinity":146,"b:395:6:397:Infinity:undefined:undefined:undefined:undefined":74,"s:395:6:397:Infinity":147,"b:395:10:395:21:395:21:395:58:395:58:395:95":75,"s:396:8:396:Infinity":148,"s:398:6:403:Infinity":149,"s:408:2:408:Infinity":150,"f:411:16:411:28":42,"s:412:2:412:Infinity":151,"f:415:16:415:37":43,"s:416:2:416:Infinity":152}}}
}
